2020-07-02 17:00:02,330 - root - INFO - 启动Chrome浏览器
2020-07-02 17:00:05,482 - root - INFO - 打开链接：http://172.16.88.198/
2020-07-02 17:00:05,484 - root - INFO - 隐式等待20秒
2020-07-02 17:00:06,625 - root - INFO - 窗口最大化
2020-07-02 17:00:06,646 - root - INFO - 元素定位成功。定位方式：css,使用的值：[placeholder='商家编号']
2020-07-02 17:00:06,745 - root - INFO - 输入的内容：nz
2020-07-02 17:00:06,769 - root - INFO - 元素定位成功。定位方式：css,使用的值：[placeholder='账号']
2020-07-02 17:00:06,820 - root - INFO - 清空成功
2020-07-02 17:00:06,836 - root - INFO - 元素定位成功。定位方式：css,使用的值：[placeholder='账号']
2020-07-02 17:00:06,963 - root - INFO - 输入的内容：admin
2020-07-02 17:00:06,985 - root - INFO - 元素定位成功。定位方式：css,使用的值：[placeholder='密码']
2020-07-02 17:00:07,036 - root - INFO - 清空成功
2020-07-02 17:00:07,051 - root - INFO - 元素定位成功。定位方式：css,使用的值：[placeholder='密码']
2020-07-02 17:00:07,160 - root - INFO - 输入的内容：admin
2020-07-02 17:00:07,183 - root - INFO - 元素定位成功。定位方式：class,使用的值：login-button
2020-07-02 17:00:07,273 - root - INFO - 点击元素成功
2020-07-02 17:00:08,422 - root - INFO - 元素定位成功。定位方式：xpath,使用的值：//div[@class='logo']/a/h1
2020-07-02 17:00:08,631 - root - INFO - 获取元素('xpath', "//div[@class='logo']/a/h1")的文本信息为：充电桩综合平台
2020-07-02 17:00:08,632 - root - INFO - 断言登录成功
2020-07-02 17:00:08,694 - root - INFO - 元素定位成功。定位方式：xpath,使用的值：//*[text()='会员管理']
2020-07-02 17:00:09,139 - root - INFO - 点击元素成功
2020-07-02 17:00:09,140 - root - INFO - 展开会员管理模块
2020-07-02 17:00:09,142 - root - INFO - ------------------添加个人会员------------------
2020-07-02 17:00:09,517 - root - INFO - 元素定位成功。定位方式：link,使用的值：会员管理
2020-07-02 17:00:09,905 - root - INFO - 点击元素成功
2020-07-02 17:00:10,317 - root - INFO - 元素定位成功。定位方式：xpath,使用的值：//button[3]
2020-07-02 17:00:10,829 - root - INFO - 点击元素成功
2020-07-02 17:00:10,885 - root - INFO - 元素定位成功。定位方式：css,使用的值：[placeholder='请输入名字']
2020-07-02 17:00:10,942 - root - INFO - 清空成功
2020-07-02 17:00:10,969 - root - INFO - 元素定位成功。定位方式：css,使用的值：[placeholder='请输入名字']
2020-07-02 17:00:11,919 - root - INFO - 输入的内容：自动化测试个人1
2020-07-02 17:00:11,939 - root - INFO - 元素定位成功。定位方式：id,使用的值：coordinated_saveParam.telephone
2020-07-02 17:00:11,981 - root - INFO - 清空成功
2020-07-02 17:00:11,993 - root - INFO - 元素定位成功。定位方式：id,使用的值：coordinated_saveParam.telephone
2020-07-02 17:00:13,085 - root - INFO - 输入的内容：15000000001
2020-07-02 17:00:13,114 - root - INFO - 元素定位成功。定位方式：xpath,使用的值：//div[@class='ant-modal-footer']/button
2020-07-02 17:00:13,324 - root - INFO - 点击元素成功
2020-07-02 17:00:15,324 - root - INFO - 暂停2秒
2020-07-02 17:00:15,348 - root - INFO - 元素定位成功。定位方式：xpath,使用的值：//div[@class='ant-message-custom-content ant-message-info']/span
2020-07-02 17:00:15,371 - root - INFO - 获取元素('xpath', "//div[@class='ant-message-custom-content ant-message-info']/span")的文本信息为：成功
2020-07-02 17:00:15,372 - root - INFO - 添加自动化测试个人1成功
2020-07-02 17:00:15,375 - root - INFO - ------------------添加个人会员------------------
2020-07-02 17:00:15,457 - root - INFO - 元素定位成功。定位方式：link,使用的值：会员管理
2020-07-02 17:00:15,538 - root - INFO - 点击元素成功
2020-07-02 17:00:15,557 - root - INFO - 元素定位成功。定位方式：xpath,使用的值：//button[3]
2020-07-02 17:00:15,727 - root - INFO - 点击元素成功
2020-07-02 17:00:15,772 - root - INFO - 元素定位成功。定位方式：css,使用的值：[placeholder='请输入名字']
2020-07-02 17:00:15,862 - root - INFO - 清空成功
2020-07-02 17:00:15,888 - root - INFO - 元素定位成功。定位方式：css,使用的值：[placeholder='请输入名字']
2020-07-02 17:00:16,661 - root - INFO - 输入的内容：自动化测试个人2
2020-07-02 17:00:16,677 - root - INFO - 元素定位成功。定位方式：id,使用的值：coordinated_saveParam.telephone
2020-07-02 17:00:16,721 - root - INFO - 清空成功
2020-07-02 17:00:16,738 - root - INFO - 元素定位成功。定位方式：id,使用的值：coordinated_saveParam.telephone
2020-07-02 17:00:17,706 - root - INFO - 输入的内容：15000000002
2020-07-02 17:00:17,731 - root - INFO - 元素定位成功。定位方式：xpath,使用的值：//div[@class='ant-modal-footer']/button
2020-07-02 17:00:17,910 - root - INFO - 点击元素成功
2020-07-02 17:00:19,910 - root - INFO - 暂停2秒
2020-07-02 17:00:19,923 - root - INFO - 元素定位成功。定位方式：xpath,使用的值：//div[@class='ant-message-custom-content ant-message-info']/span
2020-07-02 17:00:19,945 - root - INFO - 获取元素('xpath', "//div[@class='ant-message-custom-content ant-message-info']/span")的文本信息为：成功
2020-07-02 17:00:19,946 - root - INFO - 添加自动化测试个人2成功
2020-07-02 17:00:19,949 - root - INFO - ------------------查询个人会员-------------------
2020-07-02 17:00:19,967 - root - INFO - 元素定位成功。定位方式：css,使用的值：[placeholder='请输入会员名称']
2020-07-02 17:00:20,659 - root - INFO - 输入的内容：自动化测试个人1
2020-07-02 17:00:20,680 - root - INFO - 元素定位成功。定位方式：xpath,使用的值：//button[2]
2020-07-02 17:00:20,850 - root - INFO - 点击元素成功
2020-07-02 17:00:20,851 - root - INFO - 重置
2020-07-02 17:00:20,873 - root - INFO - 元素定位成功。定位方式：css,使用的值：[placeholder='请输入会员名称']
2020-07-02 17:00:21,602 - root - INFO - 输入的内容：自动化测试个人1
2020-07-02 17:00:22,602 - root - INFO - 暂停1秒
2020-07-02 17:00:22,622 - root - INFO - 元素定位成功。定位方式：xpath,使用的值：//button[1]
2020-07-02 17:00:22,706 - root - INFO - 点击元素成功
2020-07-02 17:00:23,706 - root - INFO - 暂停1秒
2020-07-02 17:00:23,726 - root - INFO - 元素定位成功。定位方式：xpath,使用的值：//tr[@class='ant-table-row ant-table-row-level-0']/td
2020-07-02 17:00:23,750 - root - INFO - 获取元素('xpath', "//tr[@class='ant-table-row ant-table-row-level-0']/td")的文本信息为：自动化测试个人1
2020-07-02 17:00:23,751 - root - INFO - 查询自动化测试个人1成功
2020-07-02 17:00:23,754 - root - INFO - ------------------会员添加车辆-------------------
2020-07-02 17:00:23,855 - root - INFO - 元素定位成功。定位方式：link,使用的值：车辆
2020-07-02 17:00:24,038 - root - INFO - 点击元素成功
2020-07-02 17:00:24,125 - root - INFO - 元素定位成功。定位方式：xpath,使用的值：//span[text()='添加车辆']
2020-07-02 17:00:24,266 - root - INFO - JS点击元素成功
2020-07-02 17:00:24,320 - root - INFO - 元素定位成功。定位方式：xpath,使用的值：//div[text()='请选择运营类型']
2020-07-02 17:00:24,475 - root - INFO - 点击元素成功
2020-07-02 17:00:24,509 - root - INFO - 元素定位成功。定位方式：class,使用的值：ant-select-dropdown-menu-item
2020-07-02 17:00:24,712 - root - INFO - 点击元素成功
2020-07-02 17:00:24,763 - root - INFO - 元素定位成功。定位方式：id,使用的值：coordinated_carSaveData.plateNo
2020-07-02 17:00:25,560 - root - INFO - 输入的内容：粤AAA881
2020-07-02 17:00:25,580 - root - INFO - 元素定位成功。定位方式：id,使用的值：coordinated_carSaveData.vin
2020-07-02 17:00:27,025 - root - INFO - 输入的内容：1260001G1K42S60CL
2020-07-02 17:00:27,044 - root - INFO - 元素定位成功。定位方式：id,使用的值：coordinated_carSaveData.vehicleType
2020-07-02 17:00:27,129 - root - INFO - 点击元素成功
2020-07-02 17:00:27,159 - root - INFO - 元素定位成功。定位方式：class,使用的值：ant-select-dropdown-menu-item-active
2020-07-02 17:00:27,322 - root - INFO - 点击元素成功
2020-07-02 17:00:27,352 - root - INFO - 元素定位成功。定位方式：xpath,使用的值：//form[@class='ant-advanced-search-form ant-form ant-form-horizontal']/../../div[3]/button
2020-07-02 17:00:27,558 - root - INFO - 点击元素成功
2020-07-02 17:00:27,558 - root - INFO - 添加车辆
2020-07-02 17:00:27,925 - root - INFO - 元素定位成功。定位方式：xpath,使用的值：//div[@class='ant-message-custom-content ant-message-info']/span
2020-07-02 17:00:28,049 - root - INFO - 获取元素('xpath', "//div[@class='ant-message-custom-content ant-message-info']/span")的文本信息为：成功
2020-07-02 17:00:28,049 - root - INFO - 添加车辆成功
2020-07-02 17:00:28,052 - root - INFO - ------------------会员开卡-------------------
2020-07-02 17:00:28,200 - root - INFO - 元素定位成功。定位方式：link,使用的值：开卡
2020-07-02 17:00:28,496 - root - INFO - 点击元素成功
2020-07-02 17:00:29,497 - root - INFO - 暂停1秒
2020-07-02 17:00:29,516 - root - INFO - 元素定位成功。定位方式：id,使用的值：coordinated_openCardQueryData.number
2020-07-02 17:00:31,288 - root - INFO - 输入的内容：00800000017BCDCC
2020-07-02 17:00:31,313 - root - INFO - 元素定位成功。定位方式：xpath,使用的值：//input[@id='coordinated_openCardQueryData.number']/../../../../../../../div[3]/button
2020-07-02 17:00:31,497 - root - INFO - 点击元素成功
2020-07-02 17:00:31,711 - root - INFO - 元素定位成功。定位方式：xpath,使用的值：//div[@class='ant-message-custom-content ant-message-info']/span
2020-07-02 17:00:31,742 - root - INFO - 获取元素('xpath', "//div[@class='ant-message-custom-content ant-message-info']/span")的文本信息为：成功
2020-07-02 17:00:31,743 - root - INFO - 会员开卡成功
2020-07-02 17:00:31,747 - root - INFO - ------------------会员删除-------------------
2020-07-02 17:00:31,770 - root - INFO - 元素定位成功。定位方式：xpath,使用的值：//button[2]
2020-07-02 17:00:32,078 - root - INFO - 点击元素成功
2020-07-02 17:00:32,112 - root - INFO - 元素定位成功。定位方式：css,使用的值：[placeholder='请输入会员名称']
2020-07-02 17:00:33,023 - root - INFO - 输入的内容：自动化测试个人2
2020-07-02 17:00:33,036 - root - INFO - 元素定位成功。定位方式：xpath,使用的值：//button[1]
2020-07-02 17:00:33,112 - root - INFO - 点击元素成功
2020-07-02 17:00:34,112 - root - INFO - 暂停1秒
2020-07-02 17:00:34,215 - root - INFO - 元素定位成功。定位方式：link,使用的值：删除
2020-07-02 17:00:34,316 - root - INFO - 点击元素成功
2020-07-02 17:00:34,357 - root - INFO - 元素定位成功。定位方式：xpath,使用的值：//div[@class='ant-modal-confirm-btns']/button[1]
2020-07-02 17:00:34,479 - root - INFO - 点击元素成功
2020-07-02 17:00:35,480 - root - INFO - 暂停1秒
2020-07-02 17:00:35,572 - root - INFO - 元素定位成功。定位方式：link,使用的值：删除
2020-07-02 17:00:35,633 - root - INFO - 点击元素成功
2020-07-02 17:00:35,666 - root - INFO - 元素定位成功。定位方式：xpath,使用的值：//div[@class='ant-modal-confirm-btns']/button[2]
2020-07-02 17:00:35,784 - root - INFO - 点击元素成功
2020-07-02 17:00:36,784 - root - INFO - 暂停1秒
2020-07-02 17:00:36,784 - root - INFO - 删除会员成功
2020-07-02 17:00:36,787 - root - INFO - ------------------添加车队-------------------
2020-07-02 17:00:36,882 - root - INFO - 元素定位成功。定位方式：link,使用的值：车队管理
2020-07-02 17:00:37,260 - root - INFO - 点击元素成功
2020-07-02 17:00:37,618 - root - INFO - 元素定位成功。定位方式：xpath,使用的值：//button[3]
2020-07-02 17:00:38,036 - root - INFO - 点击元素成功
2020-07-02 17:00:38,066 - root - INFO - 元素定位成功。定位方式：css,使用的值：[placeholder='请输入名字']
2020-07-02 17:00:38,135 - root - INFO - 清空成功
2020-07-02 17:00:38,147 - root - INFO - 元素定位成功。定位方式：css,使用的值：[placeholder='请输入名字']
2020-07-02 17:00:38,883 - root - INFO - 输入的内容：自动化测试车队1
2020-07-02 17:00:38,895 - root - INFO - 元素定位成功。定位方式：id,使用的值：coordinated_saveParam.telephone
2020-07-02 17:00:38,939 - root - INFO - 清空成功
2020-07-02 17:00:38,950 - root - INFO - 元素定位成功。定位方式：id,使用的值：coordinated_saveParam.telephone
2020-07-02 17:00:39,906 - root - INFO - 输入的内容：15000000003
2020-07-02 17:00:39,920 - root - INFO - 元素定位成功。定位方式：xpath,使用的值：//div[@class='ant-modal-footer']/button
2020-07-02 17:00:40,141 - root - INFO - 点击元素成功
2020-07-02 17:00:42,141 - root - INFO - 暂停2秒
2020-07-02 17:00:42,154 - root - INFO - 元素定位成功。定位方式：xpath,使用的值：//div[@class='ant-message-custom-content ant-message-info']/span
2020-07-02 17:00:42,178 - root - INFO - 获取元素('xpath', "//div[@class='ant-message-custom-content ant-message-info']/span")的文本信息为：该手机号已在本商家注册过了
2020-07-02 17:00:42,281 - root - ERROR - 添加自动化测试车队1失败
2020-07-02 17:00:42,370 - root - INFO - ------------用例执行失败退出弹窗执行下一用例------------------
2020-07-02 17:00:42,465 - root - INFO - ------------------添加车队-------------------
2020-07-02 17:00:42,816 - root - INFO - 元素定位成功。定位方式：link,使用的值：车队管理
2020-07-02 17:00:42,892 - root - INFO - 点击元素成功
2020-07-02 17:00:42,912 - root - INFO - 元素定位成功。定位方式：xpath,使用的值：//button[3]
2020-07-02 17:00:43,071 - root - INFO - 点击元素成功
2020-07-02 17:00:43,098 - root - INFO - 元素定位成功。定位方式：css,使用的值：[placeholder='请输入名字']
2020-07-02 17:00:43,143 - root - INFO - 清空成功
2020-07-02 17:00:43,159 - root - INFO - 元素定位成功。定位方式：css,使用的值：[placeholder='请输入名字']
2020-07-02 17:00:43,895 - root - INFO - 输入的内容：自动化测试车队2
2020-07-02 17:00:43,907 - root - INFO - 元素定位成功。定位方式：id,使用的值：coordinated_saveParam.telephone
2020-07-02 17:00:43,949 - root - INFO - 清空成功
2020-07-02 17:00:43,963 - root - INFO - 元素定位成功。定位方式：id,使用的值：coordinated_saveParam.telephone
2020-07-02 17:00:44,867 - root - INFO - 输入的内容：15000000004
2020-07-02 17:00:44,879 - root - INFO - 元素定位成功。定位方式：xpath,使用的值：//div[@class='ant-modal-footer']/button
2020-07-02 17:00:45,052 - root - INFO - 点击元素成功
2020-07-02 17:00:47,054 - root - INFO - 暂停2秒
2020-07-02 17:00:47,067 - root - INFO - 元素定位成功。定位方式：xpath,使用的值：//div[@class='ant-message-custom-content ant-message-info']/span
2020-07-02 17:00:47,088 - root - INFO - 获取元素('xpath', "//div[@class='ant-message-custom-content ant-message-info']/span")的文本信息为：成功
2020-07-02 17:00:47,089 - root - INFO - 添加自动化测试车队2成功
2020-07-02 17:00:47,092 - root - INFO - ------------------查询车队会员-------------------
2020-07-02 17:00:47,104 - root - INFO - 元素定位成功。定位方式：css,使用的值：[placeholder='请输入会员名称']
2020-07-02 17:00:47,800 - root - INFO - 输入的内容：自动化测试车队1
2020-07-02 17:00:47,815 - root - INFO - 元素定位成功。定位方式：xpath,使用的值：//button[2]
2020-07-02 17:00:47,972 - root - INFO - 点击元素成功
2020-07-02 17:00:47,973 - root - INFO - 重置
2020-07-02 17:00:47,995 - root - INFO - 元素定位成功。定位方式：css,使用的值：[placeholder='请输入会员名称']
2020-07-02 17:00:49,266 - root - INFO - 输入的内容：自动化测试车队1
2020-07-02 17:00:49,281 - root - INFO - 元素定位成功。定位方式：xpath,使用的值：//button[1]
2020-07-02 17:00:49,358 - root - INFO - 点击元素成功
2020-07-02 17:00:50,359 - root - INFO - 暂停1秒
2020-07-02 17:00:50,379 - root - INFO - 元素定位成功。定位方式：xpath,使用的值：//tr[@class='ant-table-row ant-table-row-level-0']/td[2]
2020-07-02 17:00:50,402 - root - INFO - 获取元素('xpath', "//tr[@class='ant-table-row ant-table-row-level-0']/td[2]")的文本信息为：自动化测试车队1
2020-07-02 17:00:50,403 - root - INFO - 查询自动化测试车队1成功
2020-07-02 17:00:50,405 - root - INFO - ------------------车队添加车辆-------------------
2020-07-02 17:00:50,499 - root - INFO - 元素定位成功。定位方式：link,使用的值：车辆
2020-07-02 17:00:50,643 - root - INFO - 点击元素成功
2020-07-02 17:00:50,729 - root - INFO - 元素定位成功。定位方式：xpath,使用的值：//span[text()='添加车辆']
2020-07-02 17:00:50,852 - root - INFO - JS点击元素成功
2020-07-02 17:00:50,898 - root - INFO - 元素定位成功。定位方式：xpath,使用的值：//div[text()='请选择运营类型']
2020-07-02 17:00:51,027 - root - INFO - 点击元素成功
2020-07-02 17:00:51,071 - root - INFO - 元素定位成功。定位方式：class,使用的值：ant-select-dropdown-menu-item
2020-07-02 17:00:51,250 - root - INFO - 点击元素成功
2020-07-02 17:00:51,269 - root - INFO - 元素定位成功。定位方式：id,使用的值：coordinated_carSaveData.plateNo
2020-07-02 17:00:51,954 - root - INFO - 输入的内容：粤AAA882
2020-07-02 17:00:52,067 - root - INFO - 元素定位成功。定位方式：id,使用的值：coordinated_carSaveData.vin
2020-07-02 17:00:53,568 - root - INFO - 输入的内容：7261001G2K42S61CL
2020-07-02 17:00:53,579 - root - INFO - 元素定位成功。定位方式：id,使用的值：coordinated_carSaveData.vehicleType
2020-07-02 17:00:53,691 - root - INFO - 点击元素成功
2020-07-02 17:00:53,710 - root - INFO - 元素定位成功。定位方式：class,使用的值：ant-select-dropdown-menu-item-active
2020-07-02 17:00:53,882 - root - INFO - 点击元素成功
2020-07-02 17:00:53,899 - root - INFO - 元素定位成功。定位方式：xpath,使用的值：//form[@class='ant-advanced-search-form ant-form ant-form-horizontal']/../../div[3]/button
2020-07-02 17:00:54,101 - root - INFO - 点击元素成功
2020-07-02 17:00:54,102 - root - INFO - 添加车辆
2020-07-02 17:00:54,368 - root - INFO - 元素定位成功。定位方式：xpath,使用的值：//div[@class='ant-message-custom-content ant-message-info']/span
2020-07-02 17:00:54,491 - root - INFO - 获取元素('xpath', "//div[@class='ant-message-custom-content ant-message-info']/span")的文本信息为：成功
2020-07-02 17:00:54,492 - root - INFO - 车队添加车辆成功
2020-07-02 17:00:54,495 - root - INFO - ------------------车队开卡-------------------
2020-07-02 17:00:54,635 - root - INFO - 元素定位成功。定位方式：link,使用的值：开卡
2020-07-02 17:00:54,931 - root - INFO - 点击元素成功
2020-07-02 17:00:55,070 - root - INFO - 元素定位成功。定位方式：id,使用的值：coordinated_openCardQueryData.number
2020-07-02 17:00:56,891 - root - INFO - 输入的内容：00000010017BCDCC
2020-07-02 17:00:56,910 - root - INFO - 元素定位成功。定位方式：xpath,使用的值：//input[@id='coordinated_openCardQueryData.number']/../../../../../../../div[3]/button
2020-07-02 17:00:57,095 - root - INFO - 点击元素成功
2020-07-02 17:00:57,268 - root - INFO - 元素定位成功。定位方式：xpath,使用的值：//div[@class='ant-message-custom-content ant-message-info']/span
2020-07-02 17:00:57,286 - root - INFO - 获取元素('xpath', "//div[@class='ant-message-custom-content ant-message-info']/span")的文本信息为：成功
2020-07-02 17:00:57,286 - root - INFO - 车队开卡成功
2020-07-02 17:00:57,289 - root - INFO - ------------------添加子成员-------------------
2020-07-02 17:01:17,437 - root - ERROR - 报错信息：Message: no such element: Unable to locate element: {"method":"link text","selector":"车队管理"}
  (Session info: chrome=72.0.3626.109)
  (Driver info: chromedriver=2.45.615291 (ec3682e3c9061c10f26ea9e5cdcf3c53f3f74387),platform=Windows NT 6.1.7601 SP1 x86_64)

2020-07-02 17:01:17,438 - root - ERROR - 添加子成员失败
2020-07-02 17:01:17,543 - root - INFO - ------------用例执行失败退出弹窗执行下一用例------------------
2020-07-02 17:01:17,578 - root - INFO - ------------用例执行失败退出弹窗执行下一用例------------------
2020-07-02 17:01:17,650 - root - INFO - ------------------车队删除-------------------
2020-07-02 17:01:17,665 - root - INFO - 元素定位成功。定位方式：xpath,使用的值：//button[2]
2020-07-02 17:01:17,738 - root - INFO - 元素<selenium.webdriver.remote.webelement.WebElement (session="d8d8f1b021a78587a7b2c2cac12124dc", element="0.7853079783651895-43")>存在
2020-07-02 17:01:20,738 - root - INFO - 暂停3秒
2020-07-02 17:01:20,898 - root - INFO - 点击元素成功
2020-07-02 17:01:20,914 - root - INFO - 元素定位成功。定位方式：css,使用的值：[placeholder='请输入会员名称']
2020-07-02 17:01:22,062 - root - INFO - 输入的内容：自动化测试车队2
2020-07-02 17:01:22,084 - root - INFO - 元素定位成功。定位方式：xpath,使用的值：//button[1]
2020-07-02 17:01:22,184 - root - INFO - 点击元素成功
2020-07-02 17:01:23,185 - root - INFO - 暂停1秒
2020-07-02 17:01:23,299 - root - INFO - 元素定位成功。定位方式：link,使用的值：删除
2020-07-02 17:01:23,395 - root - INFO - 点击元素成功
2020-07-02 17:01:23,427 - root - INFO - 元素定位成功。定位方式：xpath,使用的值：//div[@class='ant-modal-confirm-btns']/button[1]
2020-07-02 17:01:23,553 - root - INFO - 点击元素成功
2020-07-02 17:01:23,693 - root - INFO - 元素定位成功。定位方式：link,使用的值：删除
2020-07-02 17:01:23,777 - root - INFO - 元素<selenium.webdriver.remote.webelement.WebElement (session="d8d8f1b021a78587a7b2c2cac12124dc", element="0.7853079783651895-59")>存在
2020-07-02 17:01:26,778 - root - INFO - 暂停3秒
2020-07-02 17:01:26,832 - root - INFO - 点击元素成功
2020-07-02 17:01:26,858 - root - INFO - 元素定位成功。定位方式：xpath,使用的值：//div[@class='ant-modal-confirm-btns']/button[2]
2020-07-02 17:01:26,988 - root - INFO - 点击元素成功
2020-07-02 17:01:27,988 - root - INFO - 暂停1秒
2020-07-02 17:01:27,988 - root - INFO - 删除会员成功
2020-07-02 17:01:27,991 - root - INFO - ------------------添加集团-------------------
2020-07-02 17:01:48,099 - root - ERROR - 报错信息：Message: no such element: Unable to locate element: {"method":"link text","selector":"集团管理"}
  (Session info: chrome=72.0.3626.109)
  (Driver info: chromedriver=2.45.615291 (ec3682e3c9061c10f26ea9e5cdcf3c53f3f74387),platform=Windows NT 6.1.7601 SP1 x86_64)

2020-07-02 17:01:48,100 - root - ERROR - 添加集团失败
2020-07-02 17:01:48,157 - root - INFO - ------------用例执行失败退出弹窗执行下一用例------------------
2020-07-02 17:01:48,224 - root - INFO - ------------------添加车队合约-------------------
2020-07-02 17:01:48,320 - root - INFO - 元素定位成功。定位方式：link,使用的值：车队合约
2020-07-02 17:01:48,430 - root - INFO - 元素<selenium.webdriver.remote.webelement.WebElement (session="d8d8f1b021a78587a7b2c2cac12124dc", element="0.7853079783651895-62")>存在
2020-07-02 17:01:51,430 - root - INFO - 暂停3秒
2020-07-02 17:01:51,715 - root - INFO - 点击元素成功
2020-07-02 17:01:52,281 - root - INFO - 元素定位成功。定位方式：xpath,使用的值：//button[3]
2020-07-02 17:01:52,647 - root - INFO - 点击元素成功
2020-07-02 17:01:52,695 - root - INFO - 元素定位成功。定位方式：id,使用的值：coordinated_saveParam.name
2020-07-02 17:01:53,237 - root - INFO - 输入的内容：自动化集团
2020-07-02 17:01:53,256 - root - INFO - 元素定位成功。定位方式：id,使用的值：coordinated_saveParam.linkman
2020-07-02 17:01:53,570 - root - INFO - 输入的内容：吴亦凡
2020-07-02 17:01:53,592 - root - INFO - 元素定位成功。定位方式：id,使用的值：coordinated_saveParam.phone
2020-07-02 17:01:54,616 - root - INFO - 输入的内容：15000000007
2020-07-02 17:01:54,634 - root - INFO - 元素定位成功。定位方式：class,使用的值：ant-collapse-header
2020-07-02 17:01:54,790 - root - INFO - 点击元素成功
2020-07-02 17:01:54,919 - root - INFO - 元素定位成功。定位方式：xpath,使用的值：//span[contains(text(),'永泰汽车站')]
2020-07-02 17:01:55,227 - root - INFO - 点击元素成功
2020-07-02 17:01:55,262 - root - INFO - 元素定位成功。定位方式：xpath,使用的值：//div[@class='ant-modal-footer']/button
2020-07-02 17:01:55,546 - root - INFO - 点击元素成功
2020-07-02 17:02:15,570 - root - ERROR - 报错信息：Message: no such element: Unable to locate element: {"method":"xpath","selector":"//div[@class='ant-message-custom-content ant-message-info']/span"}
  (Session info: chrome=72.0.3626.109)
  (Driver info: chromedriver=2.45.615291 (ec3682e3c9061c10f26ea9e5cdcf3c53f3f74387),platform=Windows NT 6.1.7601 SP1 x86_64)

2020-07-02 17:02:15,571 - root - ERROR - 获取元素('xpath', "//div[@class='ant-message-custom-content ant-message-info']/span")的文本信息错误,'NoneType' object has no attribute 'text'
2020-07-02 17:02:15,572 - root - ERROR - 添加车队合约失败
2020-07-02 17:02:15,681 - root - INFO - ------------用例执行失败退出弹窗执行下一用例------------------
2020-07-02 17:02:15,698 - root - INFO - ------------------子成员查询-------------------
2020-07-02 17:02:16,065 - root - INFO - 元素定位成功。定位方式：link,使用的值：司机管理
2020-07-02 17:02:16,399 - root - INFO - 点击元素成功
2020-07-02 17:02:16,732 - root - INFO - 元素定位成功。定位方式：css,使用的值：[placeholder='请输入司机名称']
2020-07-02 17:02:16,949 - root - INFO - 输入的内容：自动化子成员
2020-07-02 17:02:16,978 - root - INFO - 元素定位成功。定位方式：xpath,使用的值：//button[2]
2020-07-02 17:02:17,085 - root - INFO - 点击元素成功
2020-07-02 17:02:17,086 - root - INFO - 重置
2020-07-02 17:02:17,104 - root - INFO - 元素定位成功。定位方式：css,使用的值：[placeholder='请输入司机名称']
2020-07-02 17:02:17,303 - root - INFO - 输入的内容：自动化子成员
2020-07-02 17:02:18,303 - root - INFO - 暂停1秒
2020-07-02 17:02:18,324 - root - INFO - 元素定位成功。定位方式：xpath,使用的值：//button[1]
2020-07-02 17:02:18,401 - root - INFO - 点击元素成功
2020-07-02 17:02:18,478 - root - INFO - 元素定位成功。定位方式：xpath,使用的值：//tr[@class='ant-table-row ant-table-row-level-0']/td[3]
2020-07-02 17:02:18,514 - root - ERROR - 获取元素('xpath', "//tr[@class='ant-table-row ant-table-row-level-0']/td[3]")的文本信息错误,Message: stale element reference: element is not attached to the page document
  (Session info: chrome=72.0.3626.109)
  (Driver info: chromedriver=2.45.615291 (ec3682e3c9061c10f26ea9e5cdcf3c53f3f74387),platform=Windows NT 6.1.7601 SP1 x86_64)

2020-07-02 17:02:18,515 - root - ERROR - 子成员查询失败
2020-07-02 17:02:18,531 - root - INFO - ------------------子成员开卡-------------------
2020-07-02 17:02:38,554 - root - ERROR - 报错信息：Message: no such element: Unable to locate element: {"method":"link text","selector":"开卡"}
  (Session info: chrome=72.0.3626.109)
  (Driver info: chromedriver=2.45.615291 (ec3682e3c9061c10f26ea9e5cdcf3c53f3f74387),platform=Windows NT 6.1.7601 SP1 x86_64)

2020-07-02 17:02:38,555 - root - ERROR - 子成员开卡失败
2020-07-02 17:02:38,560 - root - INFO - ------------用例执行失败退出弹窗执行下一用例------------------
2020-07-02 17:02:38,626 - root - INFO - ------------------子成员编辑-------------------
2020-07-02 17:02:58,737 - root - ERROR - 报错信息：Message: no such element: Unable to locate element: {"method":"link text","selector":"编辑"}
  (Session info: chrome=72.0.3626.109)
  (Driver info: chromedriver=2.45.615291 (ec3682e3c9061c10f26ea9e5cdcf3c53f3f74387),platform=Windows NT 6.1.7601 SP1 x86_64)

2020-07-02 17:02:58,738 - root - ERROR - 子成员编辑失败
2020-07-02 17:02:58,744 - root - INFO - ------------用例执行失败退出弹窗执行下一用例------------------
2020-07-02 17:02:58,798 - root - INFO - ------------------子成员删除-------------------
2020-07-02 17:03:18,960 - root - ERROR - 报错信息：Message: no such element: Unable to locate element: {"method":"link text","selector":"删除"}
  (Session info: chrome=72.0.3626.109)
  (Driver info: chromedriver=2.45.615291 (ec3682e3c9061c10f26ea9e5cdcf3c53f3f74387),platform=Windows NT 6.1.7601 SP1 x86_64)

2020-07-02 17:03:18,960 - root - ERROR - 删除会员失败
2020-07-02 17:07:22,752 - root - INFO - 启动Chrome浏览器
2020-07-02 17:07:25,778 - root - INFO - 打开链接：http://172.16.88.198/
2020-07-02 17:07:25,784 - root - INFO - 隐式等待20秒
2020-07-02 17:07:26,911 - root - INFO - 窗口最大化
2020-07-02 17:07:26,931 - root - INFO - 元素定位成功。定位方式：css,使用的值：[placeholder='商家编号']
2020-07-02 17:07:27,027 - root - INFO - 输入的内容：nz
2020-07-02 17:07:27,048 - root - INFO - 元素定位成功。定位方式：css,使用的值：[placeholder='账号']
2020-07-02 17:07:27,097 - root - INFO - 清空成功
2020-07-02 17:07:27,110 - root - INFO - 元素定位成功。定位方式：css,使用的值：[placeholder='账号']
2020-07-02 17:07:27,226 - root - INFO - 输入的内容：admin
2020-07-02 17:07:27,246 - root - INFO - 元素定位成功。定位方式：css,使用的值：[placeholder='密码']
2020-07-02 17:07:27,292 - root - INFO - 清空成功
2020-07-02 17:07:27,305 - root - INFO - 元素定位成功。定位方式：css,使用的值：[placeholder='密码']
2020-07-02 17:07:27,416 - root - INFO - 输入的内容：admin
2020-07-02 17:07:27,445 - root - INFO - 元素定位成功。定位方式：class,使用的值：login-button
2020-07-02 17:07:27,532 - root - INFO - 点击元素成功
2020-07-02 17:07:28,853 - root - INFO - 元素定位成功。定位方式：xpath,使用的值：//div[@class='logo']/a/h1
2020-07-02 17:07:29,062 - root - INFO - 获取元素('xpath', "//div[@class='logo']/a/h1")的文本信息为：充电桩综合平台
2020-07-02 17:07:29,063 - root - INFO - 断言登录成功
2020-07-02 17:07:29,114 - root - INFO - 元素定位成功。定位方式：xpath,使用的值：//*[text()='会员管理']
2020-07-02 17:07:29,547 - root - INFO - 点击元素成功
2020-07-02 17:07:29,548 - root - INFO - 展开会员管理模块
2020-07-02 17:07:29,549 - root - INFO - ------------------添加个人会员------------------
2020-07-02 17:07:29,732 - root - INFO - 元素定位成功。定位方式：link,使用的值：会员管理
2020-07-02 17:07:30,090 - root - INFO - 点击元素成功
2020-07-02 17:07:30,475 - root - INFO - 元素定位成功。定位方式：xpath,使用的值：//button[3]
2020-07-02 17:07:30,983 - root - INFO - 点击元素成功
2020-07-02 17:07:31,027 - root - INFO - 元素定位成功。定位方式：css,使用的值：[placeholder='请输入名字']
2020-07-02 17:07:31,075 - root - INFO - 清空成功
2020-07-02 17:07:31,092 - root - INFO - 元素定位成功。定位方式：css,使用的值：[placeholder='请输入名字']
2020-07-02 17:07:32,001 - root - INFO - 输入的内容：自动化测试个人1
2020-07-02 17:07:32,022 - root - INFO - 元素定位成功。定位方式：id,使用的值：coordinated_saveParam.telephone
2020-07-02 17:07:32,062 - root - INFO - 清空成功
2020-07-02 17:07:32,074 - root - INFO - 元素定位成功。定位方式：id,使用的值：coordinated_saveParam.telephone
2020-07-02 17:07:33,182 - root - INFO - 输入的内容：15000000001
2020-07-02 17:07:33,216 - root - INFO - 元素定位成功。定位方式：xpath,使用的值：//div[@class='ant-modal-footer']/button
2020-07-02 17:07:33,449 - root - INFO - 点击元素成功
2020-07-02 17:07:35,449 - root - INFO - 暂停2秒
2020-07-02 17:07:35,471 - root - INFO - 元素定位成功。定位方式：xpath,使用的值：//div[@class='ant-message-custom-content ant-message-info']/span
2020-07-02 17:07:35,493 - root - INFO - 获取元素('xpath', "//div[@class='ant-message-custom-content ant-message-info']/span")的文本信息为：成功
2020-07-02 17:07:35,494 - root - INFO - 添加自动化测试个人1成功
2020-07-02 17:07:35,497 - root - INFO - ------------------添加个人会员------------------
2020-07-02 17:07:35,581 - root - INFO - 元素定位成功。定位方式：link,使用的值：会员管理
2020-07-02 17:07:35,667 - root - INFO - 点击元素成功
2020-07-02 17:07:35,690 - root - INFO - 元素定位成功。定位方式：xpath,使用的值：//button[3]
2020-07-02 17:07:35,858 - root - INFO - 点击元素成功
2020-07-02 17:07:35,894 - root - INFO - 元素定位成功。定位方式：css,使用的值：[placeholder='请输入名字']
2020-07-02 17:07:35,944 - root - INFO - 清空成功
2020-07-02 17:07:35,964 - root - INFO - 元素定位成功。定位方式：css,使用的值：[placeholder='请输入名字']
2020-07-02 17:07:36,708 - root - INFO - 输入的内容：自动化测试个人2
2020-07-02 17:07:36,725 - root - INFO - 元素定位成功。定位方式：id,使用的值：coordinated_saveParam.telephone
2020-07-02 17:07:36,751 - root - INFO - 清空成功
2020-07-02 17:07:36,767 - root - INFO - 元素定位成功。定位方式：id,使用的值：coordinated_saveParam.telephone
2020-07-02 17:07:37,750 - root - INFO - 输入的内容：15000000002
2020-07-02 17:07:37,767 - root - INFO - 元素定位成功。定位方式：xpath,使用的值：//div[@class='ant-modal-footer']/button
2020-07-02 17:07:37,948 - root - INFO - 点击元素成功
2020-07-02 17:07:39,948 - root - INFO - 暂停2秒
2020-07-02 17:07:39,961 - root - INFO - 元素定位成功。定位方式：xpath,使用的值：//div[@class='ant-message-custom-content ant-message-info']/span
2020-07-02 17:07:39,984 - root - INFO - 获取元素('xpath', "//div[@class='ant-message-custom-content ant-message-info']/span")的文本信息为：成功
2020-07-02 17:07:39,984 - root - INFO - 添加自动化测试个人2成功
2020-07-02 17:07:39,987 - root - INFO - ------------------查询个人会员-------------------
2020-07-02 17:07:40,005 - root - INFO - 元素定位成功。定位方式：css,使用的值：[placeholder='请输入会员名称']
2020-07-02 17:07:40,700 - root - INFO - 输入的内容：自动化测试个人1
2020-07-02 17:07:40,720 - root - INFO - 元素定位成功。定位方式：xpath,使用的值：//button[2]
2020-07-02 17:07:40,874 - root - INFO - 点击元素成功
2020-07-02 17:07:40,875 - root - INFO - 重置
2020-07-02 17:07:40,896 - root - INFO - 元素定位成功。定位方式：css,使用的值：[placeholder='请输入会员名称']
2020-07-02 17:07:41,617 - root - INFO - 输入的内容：自动化测试个人1
2020-07-02 17:07:42,617 - root - INFO - 暂停1秒
2020-07-02 17:07:42,642 - root - INFO - 元素定位成功。定位方式：xpath,使用的值：//button[1]
2020-07-02 17:07:42,749 - root - INFO - 点击元素成功
2020-07-02 17:07:43,749 - root - INFO - 暂停1秒
2020-07-02 17:07:43,770 - root - INFO - 元素定位成功。定位方式：xpath,使用的值：//tr[@class='ant-table-row ant-table-row-level-0']/td
2020-07-02 17:07:43,796 - root - INFO - 获取元素('xpath', "//tr[@class='ant-table-row ant-table-row-level-0']/td")的文本信息为：自动化测试个人1
2020-07-02 17:07:43,797 - root - INFO - 查询自动化测试个人1成功
2020-07-02 17:07:43,799 - root - INFO - ------------------会员添加车辆-------------------
2020-07-02 17:07:43,902 - root - INFO - 元素定位成功。定位方式：link,使用的值：车辆
2020-07-02 17:07:44,067 - root - INFO - 点击元素成功
2020-07-02 17:07:44,161 - root - INFO - 元素定位成功。定位方式：xpath,使用的值：//span[text()='添加车辆']
2020-07-02 17:07:44,318 - root - INFO - JS点击元素成功
2020-07-02 17:07:44,361 - root - INFO - 元素定位成功。定位方式：xpath,使用的值：//div[text()='请选择运营类型']
2020-07-02 17:07:44,531 - root - INFO - 点击元素成功
2020-07-02 17:07:44,571 - root - INFO - 元素定位成功。定位方式：class,使用的值：ant-select-dropdown-menu-item
2020-07-02 17:07:44,785 - root - INFO - 点击元素成功
2020-07-02 17:07:44,810 - root - INFO - 元素定位成功。定位方式：id,使用的值：coordinated_carSaveData.plateNo
2020-07-02 17:07:45,517 - root - INFO - 输入的内容：粤AAA881
2020-07-02 17:07:45,539 - root - INFO - 元素定位成功。定位方式：id,使用的值：coordinated_carSaveData.vin
2020-07-02 17:07:47,060 - root - INFO - 输入的内容：1260001G1K42S60CL
2020-07-02 17:07:47,079 - root - INFO - 元素定位成功。定位方式：id,使用的值：coordinated_carSaveData.vehicleType
2020-07-02 17:07:47,175 - root - INFO - 点击元素成功
2020-07-02 17:07:47,209 - root - INFO - 元素定位成功。定位方式：class,使用的值：ant-select-dropdown-menu-item-active
2020-07-02 17:07:47,375 - root - INFO - 点击元素成功
2020-07-02 17:07:47,416 - root - INFO - 元素定位成功。定位方式：xpath,使用的值：//form[@class='ant-advanced-search-form ant-form ant-form-horizontal']/../../div[3]/button
2020-07-02 17:07:47,597 - root - INFO - 点击元素成功
2020-07-02 17:07:47,598 - root - INFO - 添加车辆
2020-07-02 17:07:47,956 - root - INFO - 元素定位成功。定位方式：xpath,使用的值：//div[@class='ant-message-custom-content ant-message-info']/span
2020-07-02 17:07:48,003 - root - INFO - 获取元素('xpath', "//div[@class='ant-message-custom-content ant-message-info']/span")的文本信息为：成功
2020-07-02 17:07:48,004 - root - INFO - 添加车辆成功
2020-07-02 17:07:48,007 - root - INFO - ------------------会员开卡-------------------
2020-07-02 17:07:48,225 - root - INFO - 元素定位成功。定位方式：link,使用的值：开卡
2020-07-02 17:07:48,537 - root - INFO - 点击元素成功
2020-07-02 17:07:49,538 - root - INFO - 暂停1秒
2020-07-02 17:07:49,556 - root - INFO - 元素定位成功。定位方式：id,使用的值：coordinated_openCardQueryData.number
2020-07-02 17:07:51,350 - root - INFO - 输入的内容：00800000017BCDCC
2020-07-02 17:07:51,370 - root - INFO - 元素定位成功。定位方式：xpath,使用的值：//input[@id='coordinated_openCardQueryData.number']/../../../../../../../div[3]/button
2020-07-02 17:07:51,554 - root - INFO - 点击元素成功
2020-07-02 17:07:51,865 - root - INFO - 元素定位成功。定位方式：xpath,使用的值：//div[@class='ant-message-custom-content ant-message-info']/span
2020-07-02 17:07:51,905 - root - INFO - 获取元素('xpath', "//div[@class='ant-message-custom-content ant-message-info']/span")的文本信息为：成功
2020-07-02 17:07:51,906 - root - INFO - 会员开卡成功
2020-07-02 17:07:51,911 - root - INFO - ------------------会员删除-------------------
2020-07-02 17:07:52,032 - root - INFO - 元素定位成功。定位方式：xpath,使用的值：//button[2]
2020-07-02 17:07:52,218 - root - INFO - 点击元素成功
2020-07-02 17:07:52,233 - root - INFO - 元素定位成功。定位方式：css,使用的值：[placeholder='请输入会员名称']
2020-07-02 17:07:53,176 - root - INFO - 输入的内容：自动化测试个人2
2020-07-02 17:07:53,190 - root - INFO - 元素定位成功。定位方式：xpath,使用的值：//button[1]
2020-07-02 17:07:53,270 - root - INFO - 点击元素成功
2020-07-02 17:07:54,270 - root - INFO - 暂停1秒
2020-07-02 17:07:54,371 - root - INFO - 元素定位成功。定位方式：link,使用的值：删除
2020-07-02 17:07:54,468 - root - INFO - 点击元素成功
2020-07-02 17:07:54,511 - root - INFO - 元素定位成功。定位方式：xpath,使用的值：//div[@class='ant-modal-confirm-btns']/button[1]
2020-07-02 17:07:54,635 - root - INFO - 点击元素成功
2020-07-02 17:07:55,635 - root - INFO - 暂停1秒
2020-07-02 17:07:55,730 - root - INFO - 元素定位成功。定位方式：link,使用的值：删除
2020-07-02 17:07:55,794 - root - INFO - 点击元素成功
2020-07-02 17:07:55,825 - root - INFO - 元素定位成功。定位方式：xpath,使用的值：//div[@class='ant-modal-confirm-btns']/button[2]
2020-07-02 17:07:55,932 - root - INFO - 点击元素成功
2020-07-02 17:07:56,933 - root - INFO - 暂停1秒
2020-07-02 17:07:56,934 - root - INFO - 删除会员成功
2020-07-02 17:07:56,937 - root - INFO - ------------------添加车队-------------------
2020-07-02 17:07:57,029 - root - INFO - 元素定位成功。定位方式：link,使用的值：车队管理
2020-07-02 17:07:57,432 - root - INFO - 点击元素成功
2020-07-02 17:07:57,756 - root - INFO - 元素定位成功。定位方式：xpath,使用的值：//button[3]
2020-07-02 17:07:58,265 - root - INFO - 点击元素成功
2020-07-02 17:07:58,317 - root - INFO - 元素定位成功。定位方式：css,使用的值：[placeholder='请输入名字']
2020-07-02 17:07:58,445 - root - INFO - 清空成功
2020-07-02 17:07:58,469 - root - INFO - 元素定位成功。定位方式：css,使用的值：[placeholder='请输入名字']
2020-07-02 17:07:59,209 - root - INFO - 输入的内容：自动化测试车队1
2020-07-02 17:07:59,228 - root - INFO - 元素定位成功。定位方式：id,使用的值：coordinated_saveParam.telephone
2020-07-02 17:07:59,274 - root - INFO - 清空成功
2020-07-02 17:07:59,286 - root - INFO - 元素定位成功。定位方式：id,使用的值：coordinated_saveParam.telephone
2020-07-02 17:08:00,176 - root - INFO - 输入的内容：15000000003
2020-07-02 17:08:00,191 - root - INFO - 元素定位成功。定位方式：xpath,使用的值：//div[@class='ant-modal-footer']/button
2020-07-02 17:08:00,387 - root - INFO - 点击元素成功
2020-07-02 17:08:02,387 - root - INFO - 暂停2秒
2020-07-02 17:08:02,400 - root - INFO - 元素定位成功。定位方式：xpath,使用的值：//div[@class='ant-message-custom-content ant-message-info']/span
2020-07-02 17:08:02,422 - root - INFO - 获取元素('xpath', "//div[@class='ant-message-custom-content ant-message-info']/span")的文本信息为：成功
2020-07-02 17:08:02,423 - root - INFO - 添加自动化测试车队1成功
2020-07-02 17:08:02,426 - root - INFO - ------------------添加车队-------------------
2020-07-02 17:08:02,510 - root - INFO - 元素定位成功。定位方式：link,使用的值：车队管理
2020-07-02 17:08:02,581 - root - INFO - 点击元素成功
2020-07-02 17:08:02,597 - root - INFO - 元素定位成功。定位方式：xpath,使用的值：//button[3]
2020-07-02 17:08:02,760 - root - INFO - 点击元素成功
2020-07-02 17:08:02,805 - root - INFO - 元素定位成功。定位方式：css,使用的值：[placeholder='请输入名字']
2020-07-02 17:08:02,848 - root - INFO - 清空成功
2020-07-02 17:08:02,866 - root - INFO - 元素定位成功。定位方式：css,使用的值：[placeholder='请输入名字']
2020-07-02 17:08:03,552 - root - INFO - 输入的内容：自动化测试车队2
2020-07-02 17:08:03,567 - root - INFO - 元素定位成功。定位方式：id,使用的值：coordinated_saveParam.telephone
2020-07-02 17:08:03,601 - root - INFO - 清空成功
2020-07-02 17:08:03,617 - root - INFO - 元素定位成功。定位方式：id,使用的值：coordinated_saveParam.telephone
2020-07-02 17:08:04,541 - root - INFO - 输入的内容：15000000004
2020-07-02 17:08:04,561 - root - INFO - 元素定位成功。定位方式：xpath,使用的值：//div[@class='ant-modal-footer']/button
2020-07-02 17:08:04,740 - root - INFO - 点击元素成功
2020-07-02 17:08:06,741 - root - INFO - 暂停2秒
2020-07-02 17:08:06,754 - root - INFO - 元素定位成功。定位方式：xpath,使用的值：//div[@class='ant-message-custom-content ant-message-info']/span
2020-07-02 17:08:06,776 - root - INFO - 获取元素('xpath', "//div[@class='ant-message-custom-content ant-message-info']/span")的文本信息为：成功
2020-07-02 17:08:06,777 - root - INFO - 添加自动化测试车队2成功
2020-07-02 17:08:06,780 - root - INFO - ------------------查询车队会员-------------------
2020-07-02 17:08:06,792 - root - INFO - 元素定位成功。定位方式：css,使用的值：[placeholder='请输入会员名称']
2020-07-02 17:08:08,428 - root - INFO - 输入的内容：自动化测试车队1
2020-07-02 17:08:08,447 - root - INFO - 元素定位成功。定位方式：xpath,使用的值：//button[2]
2020-07-02 17:08:08,592 - root - INFO - 点击元素成功
2020-07-02 17:08:08,592 - root - INFO - 重置
2020-07-02 17:08:08,617 - root - INFO - 元素定位成功。定位方式：css,使用的值：[placeholder='请输入会员名称']
2020-07-02 17:08:09,313 - root - INFO - 输入的内容：自动化测试车队1
2020-07-02 17:08:09,327 - root - INFO - 元素定位成功。定位方式：xpath,使用的值：//button[1]
2020-07-02 17:08:09,411 - root - INFO - 点击元素成功
2020-07-02 17:08:10,411 - root - INFO - 暂停1秒
2020-07-02 17:08:10,433 - root - INFO - 元素定位成功。定位方式：xpath,使用的值：//tr[@class='ant-table-row ant-table-row-level-0']/td[2]
2020-07-02 17:08:10,458 - root - INFO - 获取元素('xpath', "//tr[@class='ant-table-row ant-table-row-level-0']/td[2]")的文本信息为：自动化测试车队1
2020-07-02 17:08:10,459 - root - INFO - 查询自动化测试车队1成功
2020-07-02 17:08:10,461 - root - INFO - ------------------车队添加车辆-------------------
2020-07-02 17:08:10,563 - root - INFO - 元素定位成功。定位方式：link,使用的值：车辆
2020-07-02 17:08:10,723 - root - INFO - 点击元素成功
2020-07-02 17:08:10,820 - root - INFO - 元素定位成功。定位方式：xpath,使用的值：//span[text()='添加车辆']
2020-07-02 17:08:10,959 - root - INFO - JS点击元素成功
2020-07-02 17:08:11,004 - root - INFO - 元素定位成功。定位方式：xpath,使用的值：//div[text()='请选择运营类型']
2020-07-02 17:08:11,150 - root - INFO - 点击元素成功
2020-07-02 17:08:11,178 - root - INFO - 元素定位成功。定位方式：class,使用的值：ant-select-dropdown-menu-item
2020-07-02 17:08:11,365 - root - INFO - 点击元素成功
2020-07-02 17:08:11,421 - root - INFO - 元素定位成功。定位方式：id,使用的值：coordinated_carSaveData.plateNo
2020-07-02 17:08:12,089 - root - INFO - 输入的内容：粤AAA882
2020-07-02 17:08:12,116 - root - INFO - 元素定位成功。定位方式：id,使用的值：coordinated_carSaveData.vin
2020-07-02 17:08:13,592 - root - INFO - 输入的内容：7261001G2K42S61CL
2020-07-02 17:08:13,602 - root - INFO - 元素定位成功。定位方式：id,使用的值：coordinated_carSaveData.vehicleType
2020-07-02 17:08:13,685 - root - INFO - 点击元素成功
2020-07-02 17:08:13,705 - root - INFO - 元素定位成功。定位方式：class,使用的值：ant-select-dropdown-menu-item-active
2020-07-02 17:08:13,876 - root - INFO - 点击元素成功
2020-07-02 17:08:13,914 - root - INFO - 元素定位成功。定位方式：xpath,使用的值：//form[@class='ant-advanced-search-form ant-form ant-form-horizontal']/../../div[3]/button
2020-07-02 17:08:14,088 - root - INFO - 点击元素成功
2020-07-02 17:08:14,088 - root - INFO - 添加车辆
2020-07-02 17:08:14,310 - root - INFO - 元素定位成功。定位方式：xpath,使用的值：//div[@class='ant-message-custom-content ant-message-info']/span
2020-07-02 17:08:14,353 - root - INFO - 获取元素('xpath', "//div[@class='ant-message-custom-content ant-message-info']/span")的文本信息为：成功
2020-07-02 17:08:14,353 - root - INFO - 车队添加车辆成功
2020-07-02 17:08:14,356 - root - INFO - ------------------车队开卡-------------------
2020-07-02 17:08:14,572 - root - INFO - 元素定位成功。定位方式：link,使用的值：开卡
2020-07-02 17:08:14,855 - root - INFO - 点击元素成功
2020-07-02 17:08:14,989 - root - INFO - 元素定位成功。定位方式：id,使用的值：coordinated_openCardQueryData.number
2020-07-02 17:08:16,791 - root - INFO - 输入的内容：00000010017BCDCC
2020-07-02 17:08:16,809 - root - INFO - 元素定位成功。定位方式：xpath,使用的值：//input[@id='coordinated_openCardQueryData.number']/../../../../../../../div[3]/button
2020-07-02 17:08:17,013 - root - INFO - 点击元素成功
2020-07-02 17:08:17,108 - root - INFO - 元素定位成功。定位方式：xpath,使用的值：//div[@class='ant-message-custom-content ant-message-info']/span
2020-07-02 17:08:17,147 - root - INFO - 获取元素('xpath', "//div[@class='ant-message-custom-content ant-message-info']/span")的文本信息为：成功
2020-07-02 17:08:17,148 - root - INFO - 车队开卡成功
2020-07-02 17:08:17,152 - root - INFO - ------------------添加子成员-------------------
2020-07-02 17:08:17,289 - root - INFO - 元素定位成功。定位方式：link,使用的值：团队
2020-07-02 17:08:17,733 - root - INFO - 元素<selenium.webdriver.remote.webelement.WebElement (session="68c8fc1423dae0441aa85eceb742a3a0", element="0.5403094202532019-59")>存在
2020-07-02 17:08:20,733 - root - INFO - 暂停3秒
2020-07-02 17:08:20,920 - root - INFO - 点击元素成功
2020-07-02 17:08:21,088 - root - INFO - 元素定位成功。定位方式：xpath,使用的值：//span[text()='添加子成员']/..
2020-07-02 17:08:21,344 - root - INFO - 点击元素成功
2020-07-02 17:08:22,344 - root - INFO - 暂停1秒
2020-07-02 17:08:22,367 - root - INFO - 元素定位成功。定位方式：xpath,使用的值：//input[@id='coordinated_leaguerSaveData.name']
2020-07-02 17:08:23,149 - root - INFO - 输入的内容：自动化子成员
2020-07-02 17:08:23,168 - root - INFO - 元素定位成功。定位方式：id,使用的值：coordinated_leaguerSaveData.telephone
2020-07-02 17:08:24,720 - root - INFO - 输入的内容：15000000008
2020-07-02 17:08:24,750 - root - INFO - 元素定位成功。定位方式：css,使用的值：[placeholder='请输入车辆VIN码']
2020-07-02 17:08:26,846 - root - INFO - 输入的内容：8861008G1K42S60CL
2020-07-02 17:08:26,869 - root - INFO - 元素定位成功。定位方式：xpath,使用的值：//input[@placeholder='请输入车辆VIN码']/../../../../../div[4]/div[2]/div/span/input
2020-07-02 17:08:27,771 - root - INFO - 输入的内容：粤QQA838
2020-07-02 17:08:27,796 - root - INFO - 元素定位成功。定位方式：xpath,使用的值：//input[@placeholder='请输入车辆VIN码']/../../../../../div[5]/div[2]/div/span/input
2020-07-02 17:08:28,205 - root - INFO - 输入的内容：123
2020-07-02 17:08:28,225 - root - INFO - 元素定位成功。定位方式：xpath,使用的值：//input[@placeholder='请输入车辆VIN码']/../../../../../../../../div[3]/button
2020-07-02 17:08:28,432 - root - INFO - 点击元素成功
2020-07-02 17:08:28,755 - root - INFO - 元素定位成功。定位方式：xpath,使用的值：//div[@class='ant-message-custom-content ant-message-info']/span
2020-07-02 17:08:28,922 - root - INFO - 获取元素('xpath', "//div[@class='ant-message-custom-content ant-message-info']/span")的文本信息为：成功
2020-07-02 17:08:28,923 - root - INFO - 添加子成员成功
2020-07-02 17:08:28,926 - root - INFO - ------------------车队删除-------------------
2020-07-02 17:08:28,949 - root - INFO - 元素定位成功。定位方式：xpath,使用的值：//button[2]
2020-07-02 17:08:29,147 - root - INFO - 点击元素成功
2020-07-02 17:08:29,174 - root - INFO - 元素定位成功。定位方式：css,使用的值：[placeholder='请输入会员名称']
2020-07-02 17:08:30,306 - root - INFO - 输入的内容：自动化测试车队2
2020-07-02 17:08:30,335 - root - INFO - 元素定位成功。定位方式：xpath,使用的值：//button[1]
2020-07-02 17:08:30,438 - root - INFO - 点击元素成功
2020-07-02 17:08:31,438 - root - INFO - 暂停1秒
2020-07-02 17:08:31,543 - root - INFO - 元素定位成功。定位方式：link,使用的值：删除
2020-07-02 17:08:31,655 - root - INFO - 点击元素成功
2020-07-02 17:08:31,694 - root - INFO - 元素定位成功。定位方式：xpath,使用的值：//div[@class='ant-modal-confirm-btns']/button[1]
2020-07-02 17:08:31,809 - root - INFO - 点击元素成功
2020-07-02 17:08:31,950 - root - INFO - 元素定位成功。定位方式：link,使用的值：删除
2020-07-02 17:08:32,032 - root - INFO - 元素<selenium.webdriver.remote.webelement.WebElement (session="68c8fc1423dae0441aa85eceb742a3a0", element="0.5403094202532019-68")>存在
2020-07-02 17:08:35,032 - root - INFO - 暂停3秒
2020-07-02 17:08:35,088 - root - INFO - 点击元素成功
2020-07-02 17:08:35,116 - root - INFO - 元素定位成功。定位方式：xpath,使用的值：//div[@class='ant-modal-confirm-btns']/button[2]
2020-07-02 17:08:35,244 - root - INFO - 点击元素成功
2020-07-02 17:08:36,244 - root - INFO - 暂停1秒
2020-07-02 17:08:36,245 - root - INFO - 删除会员成功
2020-07-02 17:08:36,247 - root - INFO - ------------------添加集团-------------------
2020-07-02 17:08:36,330 - root - INFO - 元素定位成功。定位方式：link,使用的值：集团管理
2020-07-02 17:08:36,610 - root - INFO - 点击元素成功
2020-07-02 17:08:36,944 - root - INFO - 元素定位成功。定位方式：xpath,使用的值：//button[3]
2020-07-02 17:08:37,112 - root - INFO - 点击元素成功
2020-07-02 17:08:38,113 - root - INFO - 暂停1秒
2020-07-02 17:08:38,130 - root - INFO - 元素定位成功。定位方式：id,使用的值：coordinated_tmp.name
2020-07-02 17:08:38,591 - root - INFO - 输入的内容：自动化集团
2020-07-02 17:08:38,624 - root - INFO - 元素定位成功。定位方式：id,使用的值：coordinated_tmp.linkman
2020-07-02 17:08:38,914 - root - INFO - 输入的内容：吴亦凡
2020-07-02 17:08:38,934 - root - INFO - 元素定位成功。定位方式：id,使用的值：coordinated_tmp.phone
2020-07-02 17:08:39,794 - root - INFO - 输入的内容：15000000006
2020-07-02 17:08:39,831 - root - INFO - 元素定位成功。定位方式：xpath,使用的值：//div[@name='checkboxgroup']/div/div[last()]
2020-07-02 17:08:39,975 - root - INFO - 点击元素成功
2020-07-02 17:08:40,010 - root - INFO - 元素定位成功。定位方式：xpath,使用的值：//div[@class='ant-modal-footer']/button
2020-07-02 17:08:40,204 - root - INFO - 点击元素成功
2020-07-02 17:08:40,365 - root - INFO - 元素定位成功。定位方式：xpath,使用的值：//div[@class='ant-message-custom-content ant-message-info']/span
2020-07-02 17:08:40,404 - root - INFO - 获取元素('xpath', "//div[@class='ant-message-custom-content ant-message-info']/span")的文本信息为：成功
2020-07-02 17:08:40,404 - root - INFO - 添加集团成功
2020-07-02 17:08:40,407 - root - INFO - ------------------添加车队合约-------------------
2020-07-02 17:08:40,477 - root - INFO - 元素定位成功。定位方式：link,使用的值：车队合约
2020-07-02 17:08:40,955 - root - INFO - 点击元素成功
2020-07-02 17:08:41,302 - root - INFO - 元素定位成功。定位方式：xpath,使用的值：//button[3]
2020-07-02 17:08:41,758 - root - INFO - 点击元素成功
2020-07-02 17:08:41,795 - root - INFO - 元素定位成功。定位方式：id,使用的值：coordinated_saveParam.name
2020-07-02 17:08:42,351 - root - INFO - 输入的内容：自动化集团
2020-07-02 17:08:42,369 - root - INFO - 元素定位成功。定位方式：id,使用的值：coordinated_saveParam.linkman
2020-07-02 17:08:42,699 - root - INFO - 输入的内容：吴亦凡
2020-07-02 17:08:42,807 - root - INFO - 元素定位成功。定位方式：id,使用的值：coordinated_saveParam.phone
2020-07-02 17:08:43,886 - root - INFO - 输入的内容：15000000007
2020-07-02 17:08:43,913 - root - INFO - 元素定位成功。定位方式：class,使用的值：ant-collapse-header
2020-07-02 17:08:44,076 - root - INFO - 点击元素成功
2020-07-02 17:08:44,107 - root - INFO - 元素定位成功。定位方式：xpath,使用的值：//span[contains(text(),'永泰汽车站')]
2020-07-02 17:08:44,388 - root - INFO - 点击元素成功
2020-07-02 17:08:44,413 - root - INFO - 元素定位成功。定位方式：xpath,使用的值：//div[@class='ant-modal-footer']/button
2020-07-02 17:08:44,692 - root - INFO - 点击元素成功
2020-07-02 17:09:04,749 - root - ERROR - 报错信息：Message: no such element: Unable to locate element: {"method":"xpath","selector":"//div[@class='ant-message-custom-content ant-message-info']/span"}
  (Session info: chrome=72.0.3626.109)
  (Driver info: chromedriver=2.45.615291 (ec3682e3c9061c10f26ea9e5cdcf3c53f3f74387),platform=Windows NT 6.1.7601 SP1 x86_64)

2020-07-02 17:09:04,750 - root - ERROR - 获取元素('xpath', "//div[@class='ant-message-custom-content ant-message-info']/span")的文本信息错误,'NoneType' object has no attribute 'text'
2020-07-02 17:09:04,751 - root - ERROR - 添加车队合约失败
2020-07-02 17:09:04,881 - root - INFO - ------------用例执行失败退出弹窗执行下一用例------------------
2020-07-02 17:09:04,977 - root - INFO - ------------------子成员查询-------------------
2020-07-02 17:09:05,311 - root - INFO - 元素定位成功。定位方式：link,使用的值：司机管理
2020-07-02 17:09:05,616 - root - INFO - 点击元素成功
2020-07-02 17:09:05,948 - root - INFO - 元素定位成功。定位方式：css,使用的值：[placeholder='请输入司机名称']
2020-07-02 17:09:06,165 - root - INFO - 输入的内容：自动化子成员
2020-07-02 17:09:06,187 - root - INFO - 元素定位成功。定位方式：xpath,使用的值：//button[2]
2020-07-02 17:09:06,286 - root - INFO - 点击元素成功
2020-07-02 17:09:06,287 - root - INFO - 重置
2020-07-02 17:09:06,307 - root - INFO - 元素定位成功。定位方式：css,使用的值：[placeholder='请输入司机名称']
2020-07-02 17:09:06,526 - root - INFO - 输入的内容：自动化子成员
2020-07-02 17:09:07,527 - root - INFO - 暂停1秒
2020-07-02 17:09:07,540 - root - INFO - 元素定位成功。定位方式：xpath,使用的值：//button[1]
2020-07-02 17:09:07,643 - root - INFO - 点击元素成功
2020-07-02 17:09:07,677 - root - INFO - 元素定位成功。定位方式：xpath,使用的值：//tr[@class='ant-table-row ant-table-row-level-0']/td[3]
2020-07-02 17:09:07,712 - root - INFO - 获取元素('xpath', "//tr[@class='ant-table-row ant-table-row-level-0']/td[3]")的文本信息为：自动化子成员
2020-07-02 17:09:07,712 - root - INFO - 子成员查询成功
2020-07-02 17:09:07,715 - root - INFO - ------------------子成员开卡-------------------
2020-07-02 17:09:07,872 - root - INFO - 元素定位成功。定位方式：link,使用的值：开卡
2020-07-02 17:09:08,037 - root - INFO - 点击元素成功
2020-07-02 17:09:08,066 - root - INFO - 元素定位成功。定位方式：css,使用的值：[placeholder='请输入卡号']
2020-07-02 17:09:08,863 - root - INFO - 输入的内容：00000000017BCDCA
2020-07-02 17:09:08,877 - root - INFO - 元素定位成功。定位方式：xpath,使用的值：//div[@class='ant-modal-footer']/button
2020-07-02 17:09:08,992 - root - INFO - 点击元素成功
2020-07-02 17:09:09,183 - root - INFO - 元素定位成功。定位方式：xpath,使用的值：//div[@class='ant-message-custom-content ant-message-info']/span
2020-07-02 17:09:09,220 - root - INFO - 获取元素('xpath', "//div[@class='ant-message-custom-content ant-message-info']/span")的文本信息为：成功
2020-07-02 17:09:09,221 - root - INFO - 子成员开卡成功
2020-07-02 17:09:09,225 - root - INFO - ------------------子成员编辑-------------------
2020-07-02 17:09:09,373 - root - INFO - 元素定位成功。定位方式：link,使用的值：编辑
2020-07-02 17:09:09,500 - root - INFO - 元素<selenium.webdriver.remote.webelement.WebElement (session="68c8fc1423dae0441aa85eceb742a3a0", element="0.5403094202532019-96")>存在
2020-07-02 17:09:12,501 - root - INFO - 暂停3秒
2020-07-02 17:09:12,609 - root - INFO - 点击元素成功
2020-07-02 17:09:12,677 - root - INFO - 元素定位成功。定位方式：css,使用的值：[placeholder='请输入车辆自编号']
2020-07-02 17:09:12,867 - root - INFO - 输入的内容：01
2020-07-02 17:09:12,893 - root - INFO - 元素定位成功。定位方式：xpath,使用的值：//input[@placeholder='请输入车辆VIN码']/../../../../../../../../div[3]/button
2020-07-02 17:09:13,038 - root - INFO - 点击元素成功
2020-07-02 17:09:13,127 - root - INFO - 元素定位成功。定位方式：xpath,使用的值：//div[@class='ant-message-custom-content ant-message-info']/span
2020-07-02 17:09:13,158 - root - INFO - 获取元素('xpath', "//div[@class='ant-message-custom-content ant-message-info']/span")的文本信息为：子成员绑定车辆必须添加vin码和车牌号
2020-07-02 17:09:13,176 - root - ERROR - 子成员编辑失败
2020-07-02 17:09:13,273 - root - INFO - ------------用例执行失败退出弹窗执行下一用例------------------
2020-07-02 17:09:13,290 - root - INFO - ------------------子成员删除-------------------
2020-07-02 17:09:13,407 - root - INFO - 元素定位成功。定位方式：link,使用的值：删除
2020-07-02 17:09:13,559 - root - INFO - 点击元素成功
2020-07-02 17:09:13,578 - root - INFO - 元素定位成功。定位方式：xpath,使用的值：//div[@class='ant-modal-confirm-btns']/button[1]
2020-07-02 17:09:13,694 - root - INFO - 点击元素成功
2020-07-02 17:09:14,695 - root - INFO - 暂停1秒
2020-07-02 17:09:14,789 - root - INFO - 元素定位成功。定位方式：link,使用的值：删除
2020-07-02 17:09:14,851 - root - INFO - 点击元素成功
2020-07-02 17:09:14,868 - root - INFO - 元素定位成功。定位方式：xpath,使用的值：//div[@class='ant-modal-confirm-btns']/button[2]
2020-07-02 17:09:14,969 - root - INFO - 点击元素成功
2020-07-02 17:09:35,016 - root - ERROR - 报错信息：Message: no such element: Unable to locate element: {"method":"xpath","selector":"/html/body/div[4]/span/div/div/div/span"}
  (Session info: chrome=72.0.3626.109)
  (Driver info: chromedriver=2.45.615291 (ec3682e3c9061c10f26ea9e5cdcf3c53f3f74387),platform=Windows NT 6.1.7601 SP1 x86_64)

2020-07-02 17:09:35,017 - root - ERROR - 获取元素('xpath', '/html/body/div[4]/span/div/div/div/span')的文本信息错误,'NoneType' object has no attribute 'text'
2020-07-02 17:09:35,017 - root - ERROR - 删除会员失败
2020-07-02 17:09:37,487 - root - INFO - 关闭浏览器
2020-07-02 17:15:56,884 - root - INFO - 启动Chrome浏览器
2020-07-02 17:16:00,717 - root - INFO - 打开链接：http://172.16.88.198/
2020-07-02 17:16:00,721 - root - INFO - 隐式等待20秒
2020-07-02 17:16:01,871 - root - INFO - 窗口最大化
2020-07-02 17:16:01,899 - root - INFO - 元素定位成功。定位方式：css,使用的值：[placeholder='商家编号']
2020-07-02 17:16:02,019 - root - INFO - 输入的内容：nz
2020-07-02 17:16:02,049 - root - INFO - 元素定位成功。定位方式：css,使用的值：[placeholder='账号']
2020-07-02 17:16:02,104 - root - INFO - 清空成功
2020-07-02 17:16:02,120 - root - INFO - 元素定位成功。定位方式：css,使用的值：[placeholder='账号']
2020-07-02 17:16:02,263 - root - INFO - 输入的内容：admin
2020-07-02 17:16:02,285 - root - INFO - 元素定位成功。定位方式：css,使用的值：[placeholder='密码']
2020-07-02 17:16:02,340 - root - INFO - 清空成功
2020-07-02 17:16:02,356 - root - INFO - 元素定位成功。定位方式：css,使用的值：[placeholder='密码']
2020-07-02 17:16:02,473 - root - INFO - 输入的内容：admin
2020-07-02 17:16:02,497 - root - INFO - 元素定位成功。定位方式：class,使用的值：login-button
2020-07-02 17:16:02,599 - root - INFO - 点击元素成功
2020-07-02 17:16:03,911 - root - INFO - 元素定位成功。定位方式：xpath,使用的值：//div[@class='logo']/a/h1
2020-07-02 17:16:04,149 - root - INFO - 获取元素('xpath', "//div[@class='logo']/a/h1")的文本信息为：充电桩综合平台
2020-07-02 17:16:04,150 - root - INFO - 断言登录成功
2020-07-02 17:16:04,191 - root - INFO - 元素定位成功。定位方式：xpath,使用的值：//*[text()='会员管理']
2020-07-02 17:16:04,717 - root - INFO - 点击元素成功
2020-07-02 17:16:04,718 - root - INFO - 展开会员管理模块
2020-07-02 17:16:04,720 - root - INFO - ------------------添加个人会员------------------
2020-07-02 17:16:05,109 - root - INFO - 元素定位成功。定位方式：link,使用的值：会员管理
2020-07-02 17:16:05,505 - root - INFO - 点击元素成功
2020-07-02 17:16:05,930 - root - INFO - 元素定位成功。定位方式：xpath,使用的值：//button[3]
2020-07-02 17:16:06,308 - root - INFO - 点击元素成功
2020-07-02 17:16:06,414 - root - INFO - 元素定位成功。定位方式：css,使用的值：[placeholder='请输入名字']
2020-07-02 17:16:06,475 - root - INFO - 清空成功
2020-07-02 17:16:06,496 - root - INFO - 元素定位成功。定位方式：css,使用的值：[placeholder='请输入名字']
2020-07-02 17:16:07,350 - root - INFO - 输入的内容：自动化测试个人1
2020-07-02 17:16:07,370 - root - INFO - 元素定位成功。定位方式：id,使用的值：coordinated_saveParam.telephone
2020-07-02 17:16:07,414 - root - INFO - 清空成功
2020-07-02 17:16:07,425 - root - INFO - 元素定位成功。定位方式：id,使用的值：coordinated_saveParam.telephone
2020-07-02 17:16:08,588 - root - INFO - 输入的内容：15000000001
2020-07-02 17:16:08,618 - root - INFO - 元素定位成功。定位方式：xpath,使用的值：//div[@class='ant-modal-footer']/button
2020-07-02 17:16:08,806 - root - INFO - 点击元素成功
2020-07-02 17:16:10,806 - root - INFO - 暂停2秒
2020-07-02 17:16:10,826 - root - INFO - 元素定位成功。定位方式：xpath,使用的值：//div[@class='ant-message-custom-content ant-message-info']/span
2020-07-02 17:16:10,858 - root - INFO - 获取元素('xpath', "//div[@class='ant-message-custom-content ant-message-info']/span")的文本信息为：该手机号已在本商家注册过了
2020-07-02 17:16:10,862 - root - ERROR - 添加自动化测试个人1失败
2020-07-02 17:16:10,958 - root - INFO - ------------用例执行失败退出弹窗执行下一用例------------------
2020-07-02 17:16:11,059 - root - INFO - ------------------添加个人会员------------------
2020-07-02 17:16:11,408 - root - INFO - 元素定位成功。定位方式：link,使用的值：会员管理
2020-07-02 17:16:11,499 - root - INFO - 点击元素成功
2020-07-02 17:16:11,514 - root - INFO - 元素定位成功。定位方式：xpath,使用的值：//button[3]
2020-07-02 17:16:11,694 - root - INFO - 点击元素成功
2020-07-02 17:16:11,719 - root - INFO - 元素定位成功。定位方式：css,使用的值：[placeholder='请输入名字']
2020-07-02 17:16:11,760 - root - INFO - 清空成功
2020-07-02 17:16:11,778 - root - INFO - 元素定位成功。定位方式：css,使用的值：[placeholder='请输入名字']
2020-07-02 17:16:12,541 - root - INFO - 输入的内容：自动化测试个人2
2020-07-02 17:16:12,557 - root - INFO - 元素定位成功。定位方式：id,使用的值：coordinated_saveParam.telephone
2020-07-02 17:16:12,589 - root - INFO - 清空成功
2020-07-02 17:16:12,606 - root - INFO - 元素定位成功。定位方式：id,使用的值：coordinated_saveParam.telephone
2020-07-02 17:16:13,573 - root - INFO - 输入的内容：15000000002
2020-07-02 17:16:13,590 - root - INFO - 元素定位成功。定位方式：xpath,使用的值：//div[@class='ant-modal-footer']/button
2020-07-02 17:16:13,768 - root - INFO - 点击元素成功
2020-07-02 17:16:15,768 - root - INFO - 暂停2秒
2020-07-02 17:16:15,792 - root - INFO - 元素定位成功。定位方式：xpath,使用的值：//div[@class='ant-message-custom-content ant-message-info']/span
2020-07-02 17:16:15,815 - root - INFO - 获取元素('xpath', "//div[@class='ant-message-custom-content ant-message-info']/span")的文本信息为：成功
2020-07-02 17:16:15,815 - root - INFO - 添加自动化测试个人2成功
2020-07-02 17:16:15,818 - root - INFO - ------------------查询个人会员-------------------
2020-07-02 17:16:15,836 - root - INFO - 元素定位成功。定位方式：css,使用的值：[placeholder='请输入会员名称']
2020-07-02 17:16:16,548 - root - INFO - 输入的内容：自动化测试个人1
2020-07-02 17:16:16,568 - root - INFO - 元素定位成功。定位方式：xpath,使用的值：//button[2]
2020-07-02 17:16:16,712 - root - INFO - 点击元素成功
2020-07-02 17:16:16,713 - root - INFO - 重置
2020-07-02 17:16:16,734 - root - INFO - 元素定位成功。定位方式：css,使用的值：[placeholder='请输入会员名称']
2020-07-02 17:16:17,430 - root - INFO - 输入的内容：自动化测试个人1
2020-07-02 17:16:18,431 - root - INFO - 暂停1秒
2020-07-02 17:16:18,453 - root - INFO - 元素定位成功。定位方式：xpath,使用的值：//button[1]
2020-07-02 17:16:18,567 - root - INFO - 点击元素成功
2020-07-02 17:16:19,567 - root - INFO - 暂停1秒
2020-07-02 17:16:19,589 - root - INFO - 元素定位成功。定位方式：xpath,使用的值：//tr[@class='ant-table-row ant-table-row-level-0']/td
2020-07-02 17:16:19,614 - root - INFO - 获取元素('xpath', "//tr[@class='ant-table-row ant-table-row-level-0']/td")的文本信息为：自动化测试个人1
2020-07-02 17:16:19,615 - root - INFO - 查询自动化测试个人1成功
2020-07-02 17:16:19,617 - root - INFO - ------------------会员添加车辆-------------------
2020-07-02 17:16:19,717 - root - INFO - 元素定位成功。定位方式：link,使用的值：车辆
2020-07-02 17:16:19,887 - root - INFO - 点击元素成功
2020-07-02 17:16:19,982 - root - INFO - 元素定位成功。定位方式：xpath,使用的值：//span[text()='添加车辆']
2020-07-02 17:16:20,131 - root - INFO - JS点击元素成功
2020-07-02 17:16:20,177 - root - INFO - 元素定位成功。定位方式：xpath,使用的值：//div[text()='请选择运营类型']
2020-07-02 17:16:20,333 - root - INFO - 点击元素成功
2020-07-02 17:16:20,374 - root - INFO - 元素定位成功。定位方式：class,使用的值：ant-select-dropdown-menu-item
2020-07-02 17:16:20,563 - root - INFO - 点击元素成功
2020-07-02 17:16:20,597 - root - INFO - 元素定位成功。定位方式：id,使用的值：coordinated_carSaveData.plateNo
2020-07-02 17:16:21,460 - root - INFO - 输入的内容：粤AAA881
2020-07-02 17:16:21,481 - root - INFO - 元素定位成功。定位方式：id,使用的值：coordinated_carSaveData.vin
2020-07-02 17:16:22,909 - root - INFO - 输入的内容：1260001G1K42S60CL
2020-07-02 17:16:22,931 - root - INFO - 元素定位成功。定位方式：id,使用的值：coordinated_carSaveData.vehicleType
2020-07-02 17:16:23,028 - root - INFO - 点击元素成功
2020-07-02 17:16:23,071 - root - INFO - 元素定位成功。定位方式：class,使用的值：ant-select-dropdown-menu-item-active
2020-07-02 17:16:23,248 - root - INFO - 点击元素成功
2020-07-02 17:16:23,277 - root - INFO - 元素定位成功。定位方式：xpath,使用的值：//form[@class='ant-advanced-search-form ant-form ant-form-horizontal']/../../div[3]/button
2020-07-02 17:16:23,481 - root - INFO - 点击元素成功
2020-07-02 17:16:23,482 - root - INFO - 添加车辆
2020-07-02 17:16:23,675 - root - INFO - 元素定位成功。定位方式：xpath,使用的值：//div[@class='ant-message-custom-content ant-message-info']/span
2020-07-02 17:16:23,817 - root - INFO - 获取元素('xpath', "//div[@class='ant-message-custom-content ant-message-info']/span")的文本信息为：成功
2020-07-02 17:16:23,818 - root - INFO - 添加车辆成功
2020-07-02 17:16:23,820 - root - INFO - ------------------会员开卡-------------------
2020-07-02 17:16:23,965 - root - INFO - 元素定位成功。定位方式：link,使用的值：开卡
2020-07-02 17:16:24,236 - root - INFO - 点击元素成功
2020-07-02 17:16:25,237 - root - INFO - 暂停1秒
2020-07-02 17:16:25,256 - root - INFO - 元素定位成功。定位方式：id,使用的值：coordinated_openCardQueryData.number
2020-07-02 17:16:27,143 - root - INFO - 输入的内容：00800000017BCDCC
2020-07-02 17:16:27,163 - root - INFO - 元素定位成功。定位方式：xpath,使用的值：//input[@id='coordinated_openCardQueryData.number']/../../../../../../../div[3]/button
2020-07-02 17:16:27,357 - root - INFO - 点击元素成功
2020-07-02 17:16:27,563 - root - INFO - 元素定位成功。定位方式：xpath,使用的值：//div[@class='ant-message-custom-content ant-message-info']/span
2020-07-02 17:16:27,594 - root - INFO - 获取元素('xpath', "//div[@class='ant-message-custom-content ant-message-info']/span")的文本信息为：该卡号已存在
2020-07-02 17:16:27,596 - root - ERROR - 会员开卡失败
2020-07-02 17:16:27,839 - root - INFO - ------------用例执行失败退出弹窗执行下一用例------------------
2020-07-02 17:16:27,861 - root - INFO - ------------------会员删除-------------------
2020-07-02 17:16:27,880 - root - INFO - 元素定位成功。定位方式：xpath,使用的值：//button[2]
2020-07-02 17:16:27,973 - root - INFO - 元素<selenium.webdriver.remote.webelement.WebElement (session="21f3700fa181c15ee6eab7f3296ea176", element="0.1084304369266782-15")>存在
2020-07-02 17:16:30,975 - root - INFO - 暂停3秒
2020-07-02 17:16:31,143 - root - INFO - 点击元素成功
2020-07-02 17:16:31,162 - root - INFO - 元素定位成功。定位方式：css,使用的值：[placeholder='请输入会员名称']
2020-07-02 17:16:32,194 - root - INFO - 输入的内容：自动化测试个人2
2020-07-02 17:16:32,213 - root - INFO - 元素定位成功。定位方式：xpath,使用的值：//button[1]
2020-07-02 17:16:32,282 - root - INFO - 点击元素成功
2020-07-02 17:16:33,282 - root - INFO - 暂停1秒
2020-07-02 17:16:33,387 - root - INFO - 元素定位成功。定位方式：link,使用的值：删除
2020-07-02 17:16:33,502 - root - INFO - 点击元素成功
2020-07-02 17:16:33,537 - root - INFO - 元素定位成功。定位方式：xpath,使用的值：//div[@class='ant-modal-confirm-btns']/button[1]
2020-07-02 17:16:33,649 - root - INFO - 点击元素成功
2020-07-02 17:16:34,649 - root - INFO - 暂停1秒
2020-07-02 17:16:34,743 - root - INFO - 元素定位成功。定位方式：link,使用的值：删除
2020-07-02 17:16:34,806 - root - INFO - 点击元素成功
2020-07-02 17:16:34,838 - root - INFO - 元素定位成功。定位方式：xpath,使用的值：//div[@class='ant-modal-confirm-btns']/button[2]
2020-07-02 17:16:34,955 - root - INFO - 点击元素成功
2020-07-02 17:16:35,955 - root - INFO - 暂停1秒
2020-07-02 17:16:35,956 - root - INFO - 删除会员成功
2020-07-02 17:16:35,958 - root - INFO - ------------------添加车队-------------------
2020-07-02 17:16:36,052 - root - INFO - 元素定位成功。定位方式：link,使用的值：车队管理
2020-07-02 17:16:36,359 - root - INFO - 点击元素成功
2020-07-02 17:16:36,708 - root - INFO - 元素定位成功。定位方式：xpath,使用的值：//button[3]
2020-07-02 17:16:37,130 - root - INFO - 点击元素成功
2020-07-02 17:16:37,165 - root - INFO - 元素定位成功。定位方式：css,使用的值：[placeholder='请输入名字']
2020-07-02 17:16:37,223 - root - INFO - 清空成功
2020-07-02 17:16:37,247 - root - INFO - 元素定位成功。定位方式：css,使用的值：[placeholder='请输入名字']
2020-07-02 17:16:38,002 - root - INFO - 输入的内容：自动化测试车队1
2020-07-02 17:16:38,018 - root - INFO - 元素定位成功。定位方式：id,使用的值：coordinated_saveParam.telephone
2020-07-02 17:16:38,063 - root - INFO - 清空成功
2020-07-02 17:16:38,075 - root - INFO - 元素定位成功。定位方式：id,使用的值：coordinated_saveParam.telephone
2020-07-02 17:16:39,025 - root - INFO - 输入的内容：15000000003
2020-07-02 17:16:39,044 - root - INFO - 元素定位成功。定位方式：xpath,使用的值：//div[@class='ant-modal-footer']/button
2020-07-02 17:16:39,269 - root - INFO - 点击元素成功
2020-07-02 17:16:41,269 - root - INFO - 暂停2秒
2020-07-02 17:16:41,299 - root - INFO - 元素定位成功。定位方式：xpath,使用的值：//div[@class='ant-message-custom-content ant-message-info']/span
2020-07-02 17:16:41,333 - root - INFO - 获取元素('xpath', "//div[@class='ant-message-custom-content ant-message-info']/span")的文本信息为：成功
2020-07-02 17:16:41,333 - root - INFO - 添加自动化测试车队1成功
2020-07-02 17:16:41,337 - root - INFO - ------------------添加车队-------------------
2020-07-02 17:16:41,433 - root - INFO - 元素定位成功。定位方式：link,使用的值：车队管理
2020-07-02 17:16:41,532 - root - INFO - 点击元素成功
2020-07-02 17:16:41,554 - root - INFO - 元素定位成功。定位方式：xpath,使用的值：//button[3]
2020-07-02 17:16:41,768 - root - INFO - 点击元素成功
2020-07-02 17:16:41,812 - root - INFO - 元素定位成功。定位方式：css,使用的值：[placeholder='请输入名字']
2020-07-02 17:16:41,855 - root - INFO - 清空成功
2020-07-02 17:16:41,878 - root - INFO - 元素定位成功。定位方式：css,使用的值：[placeholder='请输入名字']
2020-07-02 17:16:42,628 - root - INFO - 输入的内容：自动化测试车队2
2020-07-02 17:16:42,646 - root - INFO - 元素定位成功。定位方式：id,使用的值：coordinated_saveParam.telephone
2020-07-02 17:16:42,680 - root - INFO - 清空成功
2020-07-02 17:16:42,699 - root - INFO - 元素定位成功。定位方式：id,使用的值：coordinated_saveParam.telephone
2020-07-02 17:16:43,633 - root - INFO - 输入的内容：15000000004
2020-07-02 17:16:43,652 - root - INFO - 元素定位成功。定位方式：xpath,使用的值：//div[@class='ant-modal-footer']/button
2020-07-02 17:16:43,938 - root - INFO - 点击元素成功
2020-07-02 17:16:45,939 - root - INFO - 暂停2秒
2020-07-02 17:16:45,953 - root - INFO - 元素定位成功。定位方式：xpath,使用的值：//div[@class='ant-message-custom-content ant-message-info']/span
2020-07-02 17:16:45,975 - root - INFO - 获取元素('xpath', "//div[@class='ant-message-custom-content ant-message-info']/span")的文本信息为：成功
2020-07-02 17:16:45,976 - root - INFO - 添加自动化测试车队2成功
2020-07-02 17:16:45,978 - root - INFO - ------------------查询车队会员-------------------
2020-07-02 17:16:45,992 - root - INFO - 元素定位成功。定位方式：css,使用的值：[placeholder='请输入会员名称']
2020-07-02 17:16:46,682 - root - INFO - 输入的内容：自动化测试车队1
2020-07-02 17:16:46,698 - root - INFO - 元素定位成功。定位方式：xpath,使用的值：//button[2]
2020-07-02 17:16:46,844 - root - INFO - 点击元素成功
2020-07-02 17:16:46,845 - root - INFO - 重置
2020-07-02 17:16:46,864 - root - INFO - 元素定位成功。定位方式：css,使用的值：[placeholder='请输入会员名称']
2020-07-02 17:16:47,564 - root - INFO - 输入的内容：自动化测试车队1
2020-07-02 17:16:47,577 - root - INFO - 元素定位成功。定位方式：xpath,使用的值：//button[1]
2020-07-02 17:16:47,666 - root - INFO - 点击元素成功
2020-07-02 17:16:48,667 - root - INFO - 暂停1秒
2020-07-02 17:16:48,735 - root - INFO - 元素定位成功。定位方式：xpath,使用的值：//tr[@class='ant-table-row ant-table-row-level-0']/td[2]
2020-07-02 17:16:48,812 - root - INFO - 获取元素('xpath', "//tr[@class='ant-table-row ant-table-row-level-0']/td[2]")的文本信息为：自动化测试车队1
2020-07-02 17:16:48,812 - root - INFO - 查询自动化测试车队1成功
2020-07-02 17:16:48,815 - root - INFO - ------------------车队添加车辆-------------------
2020-07-02 17:16:48,968 - root - INFO - 元素定位成功。定位方式：link,使用的值：车辆
2020-07-02 17:16:49,104 - root - INFO - 点击元素成功
2020-07-02 17:16:49,205 - root - INFO - 元素定位成功。定位方式：xpath,使用的值：//span[text()='添加车辆']
2020-07-02 17:16:49,332 - root - INFO - JS点击元素成功
2020-07-02 17:16:49,376 - root - INFO - 元素定位成功。定位方式：xpath,使用的值：//div[text()='请选择运营类型']
2020-07-02 17:16:49,523 - root - INFO - 点击元素成功
2020-07-02 17:16:49,566 - root - INFO - 元素定位成功。定位方式：class,使用的值：ant-select-dropdown-menu-item
2020-07-02 17:16:49,775 - root - INFO - 点击元素成功
2020-07-02 17:16:49,811 - root - INFO - 元素定位成功。定位方式：id,使用的值：coordinated_carSaveData.plateNo
2020-07-02 17:16:50,466 - root - INFO - 输入的内容：粤AAA882
2020-07-02 17:16:50,491 - root - INFO - 元素定位成功。定位方式：id,使用的值：coordinated_carSaveData.vin
2020-07-02 17:16:51,954 - root - INFO - 输入的内容：7261001G2K42S61CL
2020-07-02 17:16:51,965 - root - INFO - 元素定位成功。定位方式：id,使用的值：coordinated_carSaveData.vehicleType
2020-07-02 17:16:52,054 - root - INFO - 点击元素成功
2020-07-02 17:16:52,077 - root - INFO - 元素定位成功。定位方式：class,使用的值：ant-select-dropdown-menu-item-active
2020-07-02 17:16:52,231 - root - INFO - 点击元素成功
2020-07-02 17:16:52,246 - root - INFO - 元素定位成功。定位方式：xpath,使用的值：//form[@class='ant-advanced-search-form ant-form ant-form-horizontal']/../../div[3]/button
2020-07-02 17:16:52,466 - root - INFO - 点击元素成功
2020-07-02 17:16:52,467 - root - INFO - 添加车辆
2020-07-02 17:16:52,634 - root - INFO - 元素定位成功。定位方式：xpath,使用的值：//div[@class='ant-message-custom-content ant-message-info']/span
2020-07-02 17:16:52,776 - root - INFO - 获取元素('xpath', "//div[@class='ant-message-custom-content ant-message-info']/span")的文本信息为：成功
2020-07-02 17:16:52,777 - root - INFO - 车队添加车辆成功
2020-07-02 17:16:52,779 - root - INFO - ------------------车队开卡-------------------
2020-07-02 17:16:52,916 - root - INFO - 元素定位成功。定位方式：link,使用的值：开卡
2020-07-02 17:16:53,182 - root - INFO - 点击元素成功
2020-07-02 17:16:53,343 - root - INFO - 元素定位成功。定位方式：id,使用的值：coordinated_openCardQueryData.number
2020-07-02 17:16:55,312 - root - INFO - 输入的内容：00000010017BCDCC
2020-07-02 17:16:55,339 - root - INFO - 元素定位成功。定位方式：xpath,使用的值：//input[@id='coordinated_openCardQueryData.number']/../../../../../../../div[3]/button
2020-07-02 17:16:55,538 - root - INFO - 点击元素成功
2020-07-02 17:16:55,577 - root - INFO - 元素定位成功。定位方式：xpath,使用的值：//div[@class='ant-message-custom-content ant-message-info']/span
2020-07-02 17:16:55,727 - root - INFO - 获取元素('xpath', "//div[@class='ant-message-custom-content ant-message-info']/span")的文本信息为：成功
2020-07-02 17:16:55,728 - root - INFO - 车队开卡成功
2020-07-02 17:16:55,731 - root - INFO - ------------------添加子成员-------------------
2020-07-02 17:16:55,998 - root - INFO - 元素定位成功。定位方式：link,使用的值：团队
2020-07-02 17:16:56,120 - root - INFO - 元素<selenium.webdriver.remote.webelement.WebElement (session="21f3700fa181c15ee6eab7f3296ea176", element="0.1084304369266782-59")>存在
2020-07-02 17:16:59,120 - root - INFO - 暂停3秒
2020-07-02 17:16:59,453 - root - INFO - 点击元素成功
2020-07-02 17:16:59,482 - root - INFO - 元素定位成功。定位方式：xpath,使用的值：//span[text()='添加子成员']/..
2020-07-02 17:16:59,732 - root - INFO - 点击元素成功
2020-07-02 17:17:00,732 - root - INFO - 暂停1秒
2020-07-02 17:17:00,754 - root - INFO - 元素定位成功。定位方式：xpath,使用的值：//input[@id='coordinated_leaguerSaveData.name']
2020-07-02 17:17:01,560 - root - INFO - 输入的内容：自动化子成员
2020-07-02 17:17:01,582 - root - INFO - 元素定位成功。定位方式：id,使用的值：coordinated_leaguerSaveData.telephone
2020-07-02 17:17:03,025 - root - INFO - 输入的内容：15000000008
2020-07-02 17:17:03,053 - root - INFO - 元素定位成功。定位方式：css,使用的值：[placeholder='请输入车辆VIN码']
2020-07-02 17:17:05,149 - root - INFO - 输入的内容：8861008G1K42S60CL
2020-07-02 17:17:05,170 - root - INFO - 元素定位成功。定位方式：xpath,使用的值：//input[@placeholder='请输入车辆VIN码']/../../../../../div[4]/div[2]/div/span/input
2020-07-02 17:17:06,168 - root - INFO - 输入的内容：粤QQA838
2020-07-02 17:17:06,193 - root - INFO - 元素定位成功。定位方式：xpath,使用的值：//input[@placeholder='请输入车辆VIN码']/../../../../../div[5]/div[2]/div/span/input
2020-07-02 17:17:06,589 - root - INFO - 输入的内容：123
2020-07-02 17:17:06,611 - root - INFO - 元素定位成功。定位方式：xpath,使用的值：//input[@placeholder='请输入车辆VIN码']/../../../../../../../../div[3]/button
2020-07-02 17:17:06,819 - root - INFO - 点击元素成功
2020-07-02 17:17:07,249 - root - INFO - 元素定位成功。定位方式：xpath,使用的值：//div[@class='ant-message-custom-content ant-message-info']/span
2020-07-02 17:17:07,301 - root - INFO - 获取元素('xpath', "//div[@class='ant-message-custom-content ant-message-info']/span")的文本信息为：成功
2020-07-02 17:17:07,302 - root - INFO - 添加子成员成功
2020-07-02 17:17:07,305 - root - INFO - ------------------车队删除-------------------
2020-07-02 17:17:07,463 - root - INFO - 元素定位成功。定位方式：xpath,使用的值：//button[2]
2020-07-02 17:17:07,642 - root - INFO - 点击元素成功
2020-07-02 17:17:07,683 - root - INFO - 元素定位成功。定位方式：css,使用的值：[placeholder='请输入会员名称']
2020-07-02 17:17:08,729 - root - INFO - 输入的内容：自动化测试车队2
2020-07-02 17:17:08,748 - root - INFO - 元素定位成功。定位方式：xpath,使用的值：//button[1]
2020-07-02 17:17:08,806 - root - INFO - 点击元素成功
2020-07-02 17:17:09,807 - root - INFO - 暂停1秒
2020-07-02 17:17:09,908 - root - INFO - 元素定位成功。定位方式：link,使用的值：删除
2020-07-02 17:17:09,997 - root - INFO - 点击元素成功
2020-07-02 17:17:10,030 - root - INFO - 元素定位成功。定位方式：xpath,使用的值：//div[@class='ant-modal-confirm-btns']/button[1]
2020-07-02 17:17:10,150 - root - INFO - 点击元素成功
2020-07-02 17:17:10,296 - root - INFO - 元素定位成功。定位方式：link,使用的值：删除
2020-07-02 17:17:10,418 - root - INFO - 元素<selenium.webdriver.remote.webelement.WebElement (session="21f3700fa181c15ee6eab7f3296ea176", element="0.1084304369266782-68")>存在
2020-07-02 17:17:13,419 - root - INFO - 暂停3秒
2020-07-02 17:17:13,478 - root - INFO - 点击元素成功
2020-07-02 17:17:13,517 - root - INFO - 元素定位成功。定位方式：xpath,使用的值：//div[@class='ant-modal-confirm-btns']/button[2]
2020-07-02 17:17:13,639 - root - INFO - 点击元素成功
2020-07-02 17:17:14,640 - root - INFO - 暂停1秒
2020-07-02 17:17:14,640 - root - INFO - 删除会员成功
2020-07-02 17:17:14,643 - root - INFO - ------------------添加集团-------------------
2020-07-02 17:17:14,727 - root - INFO - 元素定位成功。定位方式：link,使用的值：集团管理
2020-07-02 17:17:15,022 - root - INFO - 点击元素成功
2020-07-02 17:17:15,347 - root - INFO - 元素定位成功。定位方式：xpath,使用的值：//button[3]
2020-07-02 17:17:15,527 - root - INFO - 点击元素成功
2020-07-02 17:17:16,528 - root - INFO - 暂停1秒
2020-07-02 17:17:16,547 - root - INFO - 元素定位成功。定位方式：id,使用的值：coordinated_tmp.name
2020-07-02 17:17:17,016 - root - INFO - 输入的内容：自动化集团
2020-07-02 17:17:17,043 - root - INFO - 元素定位成功。定位方式：id,使用的值：coordinated_tmp.linkman
2020-07-02 17:17:17,333 - root - INFO - 输入的内容：吴亦凡
2020-07-02 17:17:17,354 - root - INFO - 元素定位成功。定位方式：id,使用的值：coordinated_tmp.phone
2020-07-02 17:17:18,263 - root - INFO - 输入的内容：15000000006
2020-07-02 17:17:18,287 - root - INFO - 元素定位成功。定位方式：xpath,使用的值：//div[@name='checkboxgroup']/div/div[last()]
2020-07-02 17:17:18,440 - root - INFO - 点击元素成功
2020-07-02 17:17:18,483 - root - INFO - 元素定位成功。定位方式：xpath,使用的值：//div[@class='ant-modal-footer']/button
2020-07-02 17:17:18,685 - root - INFO - 点击元素成功
2020-07-02 17:17:18,838 - root - INFO - 元素定位成功。定位方式：xpath,使用的值：//div[@class='ant-message-custom-content ant-message-info']/span
2020-07-02 17:17:18,879 - root - INFO - 获取元素('xpath', "//div[@class='ant-message-custom-content ant-message-info']/span")的文本信息为：该集团名称已存在，已存在，不可重复添加
2020-07-02 17:17:18,893 - root - ERROR - 添加集团失败
2020-07-02 17:17:18,995 - root - INFO - ------------用例执行失败退出弹窗执行下一用例------------------
2020-07-02 17:17:19,018 - root - INFO - ------------------子成员查询-------------------
2020-07-02 17:17:19,449 - root - INFO - 元素定位成功。定位方式：link,使用的值：司机管理
2020-07-02 17:17:19,857 - root - INFO - 点击元素成功
2020-07-02 17:17:20,238 - root - INFO - 元素定位成功。定位方式：css,使用的值：[placeholder='请输入司机名称']
2020-07-02 17:17:20,443 - root - INFO - 输入的内容：自动化子成员
2020-07-02 17:17:20,460 - root - INFO - 元素定位成功。定位方式：xpath,使用的值：//button[2]
2020-07-02 17:17:20,572 - root - INFO - 点击元素成功
2020-07-02 17:17:20,573 - root - INFO - 重置
2020-07-02 17:17:20,595 - root - INFO - 元素定位成功。定位方式：css,使用的值：[placeholder='请输入司机名称']
2020-07-02 17:17:20,795 - root - INFO - 输入的内容：自动化子成员
2020-07-02 17:17:21,796 - root - INFO - 暂停1秒
2020-07-02 17:17:21,810 - root - INFO - 元素定位成功。定位方式：xpath,使用的值：//button[1]
2020-07-02 17:17:21,925 - root - INFO - 点击元素成功
2020-07-02 17:17:21,959 - root - INFO - 元素定位成功。定位方式：xpath,使用的值：//tr[@class='ant-table-row ant-table-row-level-0']/td[3]
2020-07-02 17:17:21,998 - root - INFO - 获取元素('xpath', "//tr[@class='ant-table-row ant-table-row-level-0']/td[3]")的文本信息为：自动化子成员
2020-07-02 17:17:21,999 - root - INFO - 子成员查询成功
2020-07-02 17:17:22,002 - root - INFO - ------------------子成员开卡-------------------
2020-07-02 17:17:22,164 - root - INFO - 元素定位成功。定位方式：link,使用的值：开卡
2020-07-02 17:17:22,321 - root - INFO - 点击元素成功
2020-07-02 17:17:22,370 - root - INFO - 元素定位成功。定位方式：css,使用的值：[placeholder='请输入卡号']
2020-07-02 17:17:23,053 - root - INFO - 输入的内容：00000000017BCDCA
2020-07-02 17:17:23,066 - root - INFO - 元素定位成功。定位方式：xpath,使用的值：//div[@class='ant-modal-footer']/button
2020-07-02 17:17:23,211 - root - INFO - 点击元素成功
2020-07-02 17:17:23,433 - root - INFO - 元素定位成功。定位方式：xpath,使用的值：//div[@class='ant-message-custom-content ant-message-info']/span
2020-07-02 17:17:23,475 - root - INFO - 获取元素('xpath', "//div[@class='ant-message-custom-content ant-message-info']/span")的文本信息为：成功
2020-07-02 17:17:23,476 - root - INFO - 子成员开卡成功
2020-07-02 17:17:23,479 - root - INFO - ------------------子成员编辑-------------------
2020-07-02 17:17:23,628 - root - INFO - 元素定位成功。定位方式：link,使用的值：编辑
2020-07-02 17:17:23,764 - root - INFO - 元素<selenium.webdriver.remote.webelement.WebElement (session="21f3700fa181c15ee6eab7f3296ea176", element="0.1084304369266782-88")>存在
2020-07-02 17:17:26,764 - root - INFO - 暂停3秒
2020-07-02 17:17:26,911 - root - INFO - 点击元素成功
2020-07-02 17:17:26,942 - root - INFO - 元素定位成功。定位方式：css,使用的值：[placeholder='请输入车辆自编号']
2020-07-02 17:17:27,114 - root - INFO - 输入的内容：01
2020-07-02 17:17:27,132 - root - INFO - 元素定位成功。定位方式：xpath,使用的值：//input[@placeholder='请输入车辆VIN码']/../../../../../../../../div[3]/button
2020-07-02 17:17:27,280 - root - INFO - 点击元素成功
2020-07-02 17:17:27,375 - root - INFO - 元素定位成功。定位方式：xpath,使用的值：//div[@class='ant-message-custom-content ant-message-info']/span
2020-07-02 17:17:27,406 - root - INFO - 获取元素('xpath', "//div[@class='ant-message-custom-content ant-message-info']/span")的文本信息为：子成员绑定车辆必须添加vin码和车牌号
2020-07-02 17:17:27,407 - root - ERROR - 子成员编辑失败
2020-07-02 17:17:27,512 - root - INFO - ------------用例执行失败退出弹窗执行下一用例------------------
2020-07-02 17:17:27,532 - root - INFO - ------------------子成员删除-------------------
2020-07-02 17:17:27,662 - root - INFO - 元素定位成功。定位方式：link,使用的值：删除
2020-07-02 17:17:27,801 - root - INFO - 点击元素成功
2020-07-02 17:17:27,817 - root - INFO - 元素定位成功。定位方式：xpath,使用的值：//div[@class='ant-modal-confirm-btns']/button[1]
2020-07-02 17:17:27,941 - root - INFO - 点击元素成功
2020-07-02 17:17:28,941 - root - INFO - 暂停1秒
2020-07-02 17:17:29,035 - root - INFO - 元素定位成功。定位方式：link,使用的值：删除
2020-07-02 17:17:29,091 - root - INFO - 点击元素成功
2020-07-02 17:17:29,122 - root - INFO - 元素定位成功。定位方式：xpath,使用的值：//div[@class='ant-modal-confirm-btns']/button[2]
2020-07-02 17:17:29,224 - root - INFO - 点击元素成功
2020-07-02 17:17:29,225 - root - INFO - 删除会员成功
2020-07-02 17:17:31,724 - root - INFO - 关闭浏览器
2020-07-02 17:55:38,741 - root - INFO - 启动Chrome浏览器
2020-07-02 17:55:44,447 - root - INFO - 打开链接：http://172.16.88.198/
2020-07-02 17:55:44,449 - root - INFO - 隐式等待20秒
2020-07-02 17:55:45,576 - root - INFO - 窗口最大化
2020-07-02 17:55:45,598 - root - INFO - 元素定位成功。定位方式：css,使用的值：[placeholder='商家编号']
2020-07-02 17:55:45,703 - root - INFO - 输入的内容：nz
2020-07-02 17:55:45,728 - root - INFO - 元素定位成功。定位方式：css,使用的值：[placeholder='账号']
2020-07-02 17:55:45,779 - root - INFO - 清空成功
2020-07-02 17:55:45,794 - root - INFO - 元素定位成功。定位方式：css,使用的值：[placeholder='账号']
2020-07-02 17:55:45,929 - root - INFO - 输入的内容：admin
2020-07-02 17:55:45,957 - root - INFO - 元素定位成功。定位方式：css,使用的值：[placeholder='密码']
2020-07-02 17:55:46,014 - root - INFO - 清空成功
2020-07-02 17:55:46,031 - root - INFO - 元素定位成功。定位方式：css,使用的值：[placeholder='密码']
2020-07-02 17:55:46,162 - root - INFO - 输入的内容：admin
2020-07-02 17:55:46,188 - root - INFO - 元素定位成功。定位方式：class,使用的值：login-button
2020-07-02 17:55:46,281 - root - INFO - 点击元素成功
2020-07-02 17:55:47,552 - root - INFO - 元素定位成功。定位方式：xpath,使用的值：//div[@class='logo']/a/h1
2020-07-02 17:55:47,751 - root - INFO - 获取元素('xpath', "//div[@class='logo']/a/h1")的文本信息为：充电桩综合平台
2020-07-02 17:55:47,752 - root - INFO - 断言登录成功
2020-07-02 17:55:47,824 - root - INFO - 元素定位成功。定位方式：xpath,使用的值：//*[text()='会员管理']
2020-07-02 17:55:48,319 - root - INFO - 点击元素成功
2020-07-02 17:55:48,319 - root - INFO - 展开会员管理模块
2020-07-02 17:55:48,321 - root - INFO - ------------------添加个人会员------------------
2020-07-02 17:55:48,670 - root - INFO - 元素定位成功。定位方式：link,使用的值：会员管理
2020-07-02 17:55:49,108 - root - INFO - 点击元素成功
2020-07-02 17:55:49,516 - root - INFO - 元素定位成功。定位方式：xpath,使用的值：//button[3]
2020-07-02 17:55:49,964 - root - INFO - 点击元素成功
2020-07-02 17:55:50,003 - root - INFO - 元素定位成功。定位方式：css,使用的值：[placeholder='请输入名字']
2020-07-02 17:55:50,059 - root - INFO - 清空成功
2020-07-02 17:55:50,077 - root - INFO - 元素定位成功。定位方式：css,使用的值：[placeholder='请输入名字']
2020-07-02 17:55:51,061 - root - INFO - 输入的内容：自动化测试个人1
2020-07-02 17:55:51,080 - root - INFO - 元素定位成功。定位方式：id,使用的值：coordinated_saveParam.telephone
2020-07-02 17:55:51,119 - root - INFO - 清空成功
2020-07-02 17:55:51,130 - root - INFO - 元素定位成功。定位方式：id,使用的值：coordinated_saveParam.telephone
2020-07-02 17:55:52,150 - root - INFO - 输入的内容：15000000001
2020-07-02 17:55:52,184 - root - INFO - 元素定位成功。定位方式：xpath,使用的值：//div[@class='ant-modal-footer']/button
2020-07-02 17:55:52,363 - root - INFO - 点击元素成功
2020-07-02 17:55:54,366 - root - INFO - 暂停2秒
2020-07-02 17:55:54,387 - root - INFO - 元素定位成功。定位方式：xpath,使用的值：//div[@class='ant-message-custom-content ant-message-info']/span
2020-07-02 17:55:54,410 - root - INFO - 获取元素('xpath', "//div[@class='ant-message-custom-content ant-message-info']/span")的文本信息为：成功
2020-07-02 17:55:54,410 - root - INFO - 添加自动化测试个人1成功
2020-07-02 17:55:54,413 - root - INFO - ------------------添加个人会员------------------
2020-07-02 17:55:54,495 - root - INFO - 元素定位成功。定位方式：link,使用的值：会员管理
2020-07-02 17:55:54,578 - root - INFO - 点击元素成功
2020-07-02 17:55:54,594 - root - INFO - 元素定位成功。定位方式：xpath,使用的值：//button[3]
2020-07-02 17:55:54,768 - root - INFO - 点击元素成功
2020-07-02 17:55:54,810 - root - INFO - 元素定位成功。定位方式：css,使用的值：[placeholder='请输入名字']
2020-07-02 17:55:54,851 - root - INFO - 清空成功
2020-07-02 17:55:54,876 - root - INFO - 元素定位成功。定位方式：css,使用的值：[placeholder='请输入名字']
2020-07-02 17:55:55,652 - root - INFO - 输入的内容：自动化测试个人2
2020-07-02 17:55:55,669 - root - INFO - 元素定位成功。定位方式：id,使用的值：coordinated_saveParam.telephone
2020-07-02 17:55:55,701 - root - INFO - 清空成功
2020-07-02 17:55:55,717 - root - INFO - 元素定位成功。定位方式：id,使用的值：coordinated_saveParam.telephone
2020-07-02 17:55:56,686 - root - INFO - 输入的内容：15000000002
2020-07-02 17:55:56,701 - root - INFO - 元素定位成功。定位方式：xpath,使用的值：//div[@class='ant-modal-footer']/button
2020-07-02 17:55:56,902 - root - INFO - 点击元素成功
2020-07-02 17:55:58,903 - root - INFO - 暂停2秒
2020-07-02 17:55:58,916 - root - INFO - 元素定位成功。定位方式：xpath,使用的值：//div[@class='ant-message-custom-content ant-message-info']/span
2020-07-02 17:55:58,937 - root - INFO - 获取元素('xpath', "//div[@class='ant-message-custom-content ant-message-info']/span")的文本信息为：成功
2020-07-02 17:55:58,938 - root - INFO - 添加自动化测试个人2成功
2020-07-02 17:55:58,940 - root - INFO - ------------------查询个人会员-------------------
2020-07-02 17:55:58,958 - root - INFO - 元素定位成功。定位方式：css,使用的值：[placeholder='请输入会员名称']
2020-07-02 17:55:59,655 - root - INFO - 输入的内容：自动化测试个人1
2020-07-02 17:55:59,674 - root - INFO - 元素定位成功。定位方式：xpath,使用的值：//button[2]
2020-07-02 17:55:59,825 - root - INFO - 点击元素成功
2020-07-02 17:55:59,825 - root - INFO - 重置
2020-07-02 17:55:59,856 - root - INFO - 元素定位成功。定位方式：css,使用的值：[placeholder='请输入会员名称']
2020-07-02 17:56:00,598 - root - INFO - 输入的内容：自动化测试个人1
2020-07-02 17:56:01,599 - root - INFO - 暂停1秒
2020-07-02 17:56:01,619 - root - INFO - 元素定位成功。定位方式：xpath,使用的值：//button[1]
2020-07-02 17:56:01,715 - root - INFO - 点击元素成功
2020-07-02 17:56:02,715 - root - INFO - 暂停1秒
2020-07-02 17:56:02,736 - root - INFO - 元素定位成功。定位方式：xpath,使用的值：//tr[@class='ant-table-row ant-table-row-level-0']/td
2020-07-02 17:56:02,760 - root - INFO - 获取元素('xpath', "//tr[@class='ant-table-row ant-table-row-level-0']/td")的文本信息为：自动化测试个人1
2020-07-02 17:56:02,761 - root - INFO - 查询自动化测试个人1成功
2020-07-02 17:56:02,764 - root - INFO - ------------------会员添加车辆-------------------
2020-07-02 17:56:02,864 - root - INFO - 元素定位成功。定位方式：link,使用的值：车辆
2020-07-02 17:56:03,032 - root - INFO - 点击元素成功
2020-07-02 17:56:03,117 - root - INFO - 元素定位成功。定位方式：xpath,使用的值：//span[text()='添加车辆']
2020-07-02 17:56:03,257 - root - INFO - JS点击元素成功
2020-07-02 17:56:03,309 - root - INFO - 元素定位成功。定位方式：xpath,使用的值：//div[text()='请选择运营类型']
2020-07-02 17:56:03,471 - root - INFO - 点击元素成功
2020-07-02 17:56:03,504 - root - INFO - 元素定位成功。定位方式：class,使用的值：ant-select-dropdown-menu-item
2020-07-02 17:56:03,692 - root - INFO - 点击元素成功
2020-07-02 17:56:03,715 - root - INFO - 元素定位成功。定位方式：id,使用的值：coordinated_carSaveData.plateNo
2020-07-02 17:56:04,480 - root - INFO - 输入的内容：粤AAA881
2020-07-02 17:56:04,500 - root - INFO - 元素定位成功。定位方式：id,使用的值：coordinated_carSaveData.vin
2020-07-02 17:56:05,942 - root - INFO - 输入的内容：1280001G1K42S60CL
2020-07-02 17:56:05,964 - root - INFO - 元素定位成功。定位方式：id,使用的值：coordinated_carSaveData.vehicleType
2020-07-02 17:56:06,057 - root - INFO - 点击元素成功
2020-07-02 17:56:06,087 - root - INFO - 元素定位成功。定位方式：class,使用的值：ant-select-dropdown-menu-item-active
2020-07-02 17:56:06,246 - root - INFO - 点击元素成功
2020-07-02 17:56:06,276 - root - INFO - 元素定位成功。定位方式：xpath,使用的值：//form[@class='ant-advanced-search-form ant-form ant-form-horizontal']/../../div[3]/button
2020-07-02 17:56:06,467 - root - INFO - 点击元素成功
2020-07-02 17:56:06,468 - root - INFO - 添加车辆
2020-07-02 17:56:06,687 - root - INFO - 元素定位成功。定位方式：xpath,使用的值：//div[@class='ant-message-custom-content ant-message-info']/span
2020-07-02 17:56:06,730 - root - INFO - 获取元素('xpath', "//div[@class='ant-message-custom-content ant-message-info']/span")的文本信息为：成功
2020-07-02 17:56:06,731 - root - INFO - 添加车辆成功
2020-07-02 17:56:06,734 - root - INFO - ------------------会员开卡-------------------
2020-07-02 17:56:06,977 - root - INFO - 元素定位成功。定位方式：link,使用的值：开卡
2020-07-02 17:56:07,238 - root - INFO - 点击元素成功
2020-07-02 17:56:08,238 - root - INFO - 暂停1秒
2020-07-02 17:56:08,257 - root - INFO - 元素定位成功。定位方式：id,使用的值：coordinated_openCardQueryData.number
2020-07-02 17:56:10,018 - root - INFO - 输入的内容：00800000018BCDCC
2020-07-02 17:56:10,038 - root - INFO - 元素定位成功。定位方式：xpath,使用的值：//input[@id='coordinated_openCardQueryData.number']/../../../../../../../div[3]/button
2020-07-02 17:56:10,232 - root - INFO - 点击元素成功
2020-07-02 17:56:10,457 - root - INFO - 元素定位成功。定位方式：xpath,使用的值：//div[@class='ant-message-custom-content ant-message-info']/span
2020-07-02 17:56:10,491 - root - INFO - 获取元素('xpath', "//div[@class='ant-message-custom-content ant-message-info']/span")的文本信息为：成功
2020-07-02 17:56:10,492 - root - INFO - 会员开卡成功
2020-07-02 17:56:10,496 - root - INFO - ------------------会员删除-------------------
2020-07-02 17:56:10,617 - root - INFO - 元素定位成功。定位方式：xpath,使用的值：//button[2]
2020-07-02 17:56:10,808 - root - INFO - 点击元素成功
2020-07-02 17:56:10,840 - root - INFO - 元素定位成功。定位方式：css,使用的值：[placeholder='请输入会员名称']
2020-07-02 17:56:11,846 - root - INFO - 输入的内容：自动化测试个人2
2020-07-02 17:56:11,861 - root - INFO - 元素定位成功。定位方式：xpath,使用的值：//button[1]
2020-07-02 17:56:11,934 - root - INFO - 点击元素成功
2020-07-02 17:56:12,934 - root - INFO - 暂停1秒
2020-07-02 17:56:13,038 - root - INFO - 元素定位成功。定位方式：link,使用的值：删除
2020-07-02 17:56:13,159 - root - INFO - 点击元素成功
2020-07-02 17:56:13,193 - root - INFO - 元素定位成功。定位方式：xpath,使用的值：//div[@class='ant-modal-confirm-btns']/button[1]
2020-07-02 17:56:13,304 - root - INFO - 点击元素成功
2020-07-02 17:56:14,304 - root - INFO - 暂停1秒
2020-07-02 17:56:14,399 - root - INFO - 元素定位成功。定位方式：link,使用的值：删除
2020-07-02 17:56:14,461 - root - INFO - 点击元素成功
2020-07-02 17:56:14,501 - root - INFO - 元素定位成功。定位方式：xpath,使用的值：//div[@class='ant-modal-confirm-btns']/button[2]
2020-07-02 17:56:14,595 - root - INFO - 点击元素成功
2020-07-02 17:56:15,595 - root - INFO - 暂停1秒
2020-07-02 17:56:15,595 - root - INFO - 删除会员成功
2020-07-02 17:56:15,598 - root - INFO - ------------------添加车队-------------------
2020-07-02 17:56:15,689 - root - INFO - 元素定位成功。定位方式：link,使用的值：车队管理
2020-07-02 17:56:15,978 - root - INFO - 点击元素成功
2020-07-02 17:56:16,306 - root - INFO - 元素定位成功。定位方式：xpath,使用的值：//button[3]
2020-07-02 17:56:16,728 - root - INFO - 点击元素成功
2020-07-02 17:56:16,759 - root - INFO - 元素定位成功。定位方式：css,使用的值：[placeholder='请输入名字']
2020-07-02 17:56:16,823 - root - INFO - 清空成功
2020-07-02 17:56:16,847 - root - INFO - 元素定位成功。定位方式：css,使用的值：[placeholder='请输入名字']
2020-07-02 17:56:17,543 - root - INFO - 输入的内容：自动化测试车队1
2020-07-02 17:56:17,554 - root - INFO - 元素定位成功。定位方式：id,使用的值：coordinated_saveParam.telephone
2020-07-02 17:56:17,593 - root - INFO - 清空成功
2020-07-02 17:56:17,603 - root - INFO - 元素定位成功。定位方式：id,使用的值：coordinated_saveParam.telephone
2020-07-02 17:56:18,494 - root - INFO - 输入的内容：15000000003
2020-07-02 17:56:18,508 - root - INFO - 元素定位成功。定位方式：xpath,使用的值：//div[@class='ant-modal-footer']/button
2020-07-02 17:56:18,700 - root - INFO - 点击元素成功
2020-07-02 17:56:20,701 - root - INFO - 暂停2秒
2020-07-02 17:56:20,720 - root - INFO - 元素定位成功。定位方式：xpath,使用的值：//div[@class='ant-message-custom-content ant-message-info']/span
2020-07-02 17:56:20,743 - root - INFO - 获取元素('xpath', "//div[@class='ant-message-custom-content ant-message-info']/span")的文本信息为：成功
2020-07-02 17:56:20,743 - root - INFO - 添加自动化测试车队1成功
2020-07-02 17:56:20,746 - root - INFO - ------------------添加车队-------------------
2020-07-02 17:56:20,849 - root - INFO - 元素定位成功。定位方式：link,使用的值：车队管理
2020-07-02 17:56:20,951 - root - INFO - 点击元素成功
2020-07-02 17:56:20,977 - root - INFO - 元素定位成功。定位方式：xpath,使用的值：//button[3]
2020-07-02 17:56:21,178 - root - INFO - 点击元素成功
2020-07-02 17:56:21,224 - root - INFO - 元素定位成功。定位方式：css,使用的值：[placeholder='请输入名字']
2020-07-02 17:56:21,296 - root - INFO - 清空成功
2020-07-02 17:56:21,318 - root - INFO - 元素定位成功。定位方式：css,使用的值：[placeholder='请输入名字']
2020-07-02 17:56:22,155 - root - INFO - 输入的内容：自动化测试车队2
2020-07-02 17:56:22,170 - root - INFO - 元素定位成功。定位方式：id,使用的值：coordinated_saveParam.telephone
2020-07-02 17:56:22,203 - root - INFO - 清空成功
2020-07-02 17:56:22,216 - root - INFO - 元素定位成功。定位方式：id,使用的值：coordinated_saveParam.telephone
2020-07-02 17:56:23,245 - root - INFO - 输入的内容：15000000004
2020-07-02 17:56:23,270 - root - INFO - 元素定位成功。定位方式：xpath,使用的值：//div[@class='ant-modal-footer']/button
2020-07-02 17:56:23,429 - root - INFO - 点击元素成功
2020-07-02 17:56:25,429 - root - INFO - 暂停2秒
2020-07-02 17:56:25,442 - root - INFO - 元素定位成功。定位方式：xpath,使用的值：//div[@class='ant-message-custom-content ant-message-info']/span
2020-07-02 17:56:25,465 - root - INFO - 获取元素('xpath', "//div[@class='ant-message-custom-content ant-message-info']/span")的文本信息为：成功
2020-07-02 17:56:25,466 - root - INFO - 添加自动化测试车队2成功
2020-07-02 17:56:25,468 - root - INFO - ------------------查询车队会员-------------------
2020-07-02 17:56:25,480 - root - INFO - 元素定位成功。定位方式：css,使用的值：[placeholder='请输入会员名称']
2020-07-02 17:56:26,152 - root - INFO - 输入的内容：自动化测试车队1
2020-07-02 17:56:26,164 - root - INFO - 元素定位成功。定位方式：xpath,使用的值：//button[2]
2020-07-02 17:56:26,301 - root - INFO - 点击元素成功
2020-07-02 17:56:26,301 - root - INFO - 重置
2020-07-02 17:56:26,329 - root - INFO - 元素定位成功。定位方式：css,使用的值：[placeholder='请输入会员名称']
2020-07-02 17:56:27,026 - root - INFO - 输入的内容：自动化测试车队1
2020-07-02 17:56:27,039 - root - INFO - 元素定位成功。定位方式：xpath,使用的值：//button[1]
2020-07-02 17:56:27,109 - root - INFO - 点击元素成功
2020-07-02 17:56:28,109 - root - INFO - 暂停1秒
2020-07-02 17:56:28,129 - root - INFO - 元素定位成功。定位方式：xpath,使用的值：//tr[@class='ant-table-row ant-table-row-level-0']/td[2]
2020-07-02 17:56:28,152 - root - INFO - 获取元素('xpath', "//tr[@class='ant-table-row ant-table-row-level-0']/td[2]")的文本信息为：自动化测试车队1
2020-07-02 17:56:28,153 - root - INFO - 查询自动化测试车队1成功
2020-07-02 17:56:28,155 - root - INFO - ------------------车队添加车辆-------------------
2020-07-02 17:56:28,255 - root - INFO - 元素定位成功。定位方式：link,使用的值：车辆
2020-07-02 17:56:28,399 - root - INFO - 点击元素成功
2020-07-02 17:56:28,478 - root - INFO - 元素定位成功。定位方式：xpath,使用的值：//span[text()='添加车辆']
2020-07-02 17:56:28,592 - root - INFO - JS点击元素成功
2020-07-02 17:56:28,637 - root - INFO - 元素定位成功。定位方式：xpath,使用的值：//div[text()='请选择运营类型']
2020-07-02 17:56:28,780 - root - INFO - 点击元素成功
2020-07-02 17:56:28,811 - root - INFO - 元素定位成功。定位方式：class,使用的值：ant-select-dropdown-menu-item
2020-07-02 17:56:28,983 - root - INFO - 点击元素成功
2020-07-02 17:56:29,009 - root - INFO - 元素定位成功。定位方式：id,使用的值：coordinated_carSaveData.plateNo
2020-07-02 17:56:29,693 - root - INFO - 输入的内容：粤AAA882
2020-07-02 17:56:29,711 - root - INFO - 元素定位成功。定位方式：id,使用的值：coordinated_carSaveData.vin
2020-07-02 17:56:31,137 - root - INFO - 输入的内容：7281001G2K42S61CL
2020-07-02 17:56:31,148 - root - INFO - 元素定位成功。定位方式：id,使用的值：coordinated_carSaveData.vehicleType
2020-07-02 17:56:31,231 - root - INFO - 点击元素成功
2020-07-02 17:56:31,249 - root - INFO - 元素定位成功。定位方式：class,使用的值：ant-select-dropdown-menu-item-active
2020-07-02 17:56:31,416 - root - INFO - 点击元素成功
2020-07-02 17:56:31,449 - root - INFO - 元素定位成功。定位方式：xpath,使用的值：//form[@class='ant-advanced-search-form ant-form ant-form-horizontal']/../../div[3]/button
2020-07-02 17:56:31,635 - root - INFO - 点击元素成功
2020-07-02 17:56:31,635 - root - INFO - 添加车辆
2020-07-02 17:56:31,825 - root - INFO - 元素定位成功。定位方式：xpath,使用的值：//div[@class='ant-message-custom-content ant-message-info']/span
2020-07-02 17:56:31,952 - root - INFO - 获取元素('xpath', "//div[@class='ant-message-custom-content ant-message-info']/span")的文本信息为：成功
2020-07-02 17:56:31,952 - root - INFO - 车队添加车辆成功
2020-07-02 17:56:31,956 - root - INFO - ------------------车队开卡-------------------
2020-07-02 17:56:32,091 - root - INFO - 元素定位成功。定位方式：link,使用的值：开卡
2020-07-02 17:56:32,383 - root - INFO - 点击元素成功
2020-07-02 17:56:32,523 - root - INFO - 元素定位成功。定位方式：id,使用的值：coordinated_openCardQueryData.number
2020-07-02 17:56:34,314 - root - INFO - 输入的内容：00001010017BCDCC
2020-07-02 17:56:34,331 - root - INFO - 元素定位成功。定位方式：xpath,使用的值：//input[@id='coordinated_openCardQueryData.number']/../../../../../../../div[3]/button
2020-07-02 17:56:34,523 - root - INFO - 点击元素成功
2020-07-02 17:56:34,576 - root - INFO - 元素定位成功。定位方式：xpath,使用的值：//div[@class='ant-message-custom-content ant-message-info']/span
2020-07-02 17:56:34,719 - root - INFO - 获取元素('xpath', "//div[@class='ant-message-custom-content ant-message-info']/span")的文本信息为：成功
2020-07-02 17:56:34,719 - root - INFO - 车队开卡成功
2020-07-02 17:56:34,722 - root - INFO - ------------------添加子成员-------------------
2020-07-02 17:56:34,959 - root - INFO - 元素定位成功。定位方式：link,使用的值：团队
2020-07-02 17:56:35,198 - root - INFO - 元素<selenium.webdriver.remote.webelement.WebElement (session="75f56514898316ad4b3f70c7a1cb18f8", element="0.13493227140524922-59")>存在
2020-07-02 17:56:38,199 - root - INFO - 暂停3秒
2020-07-02 17:56:38,371 - root - INFO - 点击元素成功
2020-07-02 17:56:38,538 - root - INFO - 元素定位成功。定位方式：xpath,使用的值：//span[text()='添加子成员']/..
2020-07-02 17:56:38,791 - root - INFO - 点击元素成功
2020-07-02 17:56:39,792 - root - INFO - 暂停1秒
2020-07-02 17:56:39,815 - root - INFO - 元素定位成功。定位方式：xpath,使用的值：//input[@id='coordinated_leaguerSaveData.name']
2020-07-02 17:56:40,607 - root - INFO - 输入的内容：自动化子成员
2020-07-02 17:56:40,626 - root - INFO - 元素定位成功。定位方式：id,使用的值：coordinated_leaguerSaveData.telephone
2020-07-02 17:56:42,046 - root - INFO - 输入的内容：15000000008
2020-07-02 17:56:42,071 - root - INFO - 元素定位成功。定位方式：css,使用的值：[placeholder='请输入车辆VIN码']
2020-07-02 17:56:44,153 - root - INFO - 输入的内容：8861008G1K42S60CL
2020-07-02 17:56:44,173 - root - INFO - 元素定位成功。定位方式：xpath,使用的值：//input[@placeholder='请输入车辆VIN码']/../../../../../div[4]/div[2]/div/span/input
2020-07-02 17:56:45,059 - root - INFO - 输入的内容：粤QQA838
2020-07-02 17:56:45,080 - root - INFO - 元素定位成功。定位方式：xpath,使用的值：//input[@placeholder='请输入车辆VIN码']/../../../../../div[5]/div[2]/div/span/input
2020-07-02 17:56:45,484 - root - INFO - 输入的内容：123
2020-07-02 17:56:45,505 - root - INFO - 元素定位成功。定位方式：xpath,使用的值：//input[@placeholder='请输入车辆VIN码']/../../../../../../../../div[3]/button
2020-07-02 17:56:45,722 - root - INFO - 点击元素成功
2020-07-02 17:56:46,004 - root - INFO - 元素定位成功。定位方式：xpath,使用的值：//div[@class='ant-message-custom-content ant-message-info']/span
2020-07-02 17:56:46,174 - root - INFO - 获取元素('xpath', "//div[@class='ant-message-custom-content ant-message-info']/span")的文本信息为：成功
2020-07-02 17:56:46,175 - root - INFO - 添加子成员成功
2020-07-02 17:56:46,178 - root - INFO - ------------------车队删除-------------------
2020-07-02 17:56:46,210 - root - INFO - 元素定位成功。定位方式：xpath,使用的值：//button[2]
2020-07-02 17:56:46,414 - root - INFO - 点击元素成功
2020-07-02 17:56:46,429 - root - INFO - 元素定位成功。定位方式：css,使用的值：[placeholder='请输入会员名称']
2020-07-02 17:56:47,578 - root - INFO - 输入的内容：自动化测试车队2
2020-07-02 17:56:47,593 - root - INFO - 元素定位成功。定位方式：xpath,使用的值：//button[1]
2020-07-02 17:56:47,657 - root - INFO - 点击元素成功
2020-07-02 17:56:48,657 - root - INFO - 暂停1秒
2020-07-02 17:56:48,764 - root - INFO - 元素定位成功。定位方式：link,使用的值：删除
2020-07-02 17:56:48,871 - root - INFO - 点击元素成功
2020-07-02 17:56:48,901 - root - INFO - 元素定位成功。定位方式：xpath,使用的值：//div[@class='ant-modal-confirm-btns']/button[1]
2020-07-02 17:56:49,024 - root - INFO - 点击元素成功
2020-07-02 17:56:49,154 - root - INFO - 元素定位成功。定位方式：link,使用的值：删除
2020-07-02 17:56:49,247 - root - INFO - 元素<selenium.webdriver.remote.webelement.WebElement (session="75f56514898316ad4b3f70c7a1cb18f8", element="0.13493227140524922-68")>存在
2020-07-02 17:56:52,247 - root - INFO - 暂停3秒
2020-07-02 17:56:52,305 - root - INFO - 点击元素成功
2020-07-02 17:56:52,335 - root - INFO - 元素定位成功。定位方式：xpath,使用的值：//div[@class='ant-modal-confirm-btns']/button[2]
2020-07-02 17:56:52,435 - root - INFO - 点击元素成功
2020-07-02 17:56:53,436 - root - INFO - 暂停1秒
2020-07-02 17:56:53,436 - root - INFO - 删除会员成功
2020-07-02 17:56:53,439 - root - INFO - ------------------添加集团-------------------
2020-07-02 17:56:53,523 - root - INFO - 元素定位成功。定位方式：link,使用的值：集团管理
2020-07-02 17:56:53,823 - root - INFO - 点击元素成功
2020-07-02 17:56:54,135 - root - INFO - 元素定位成功。定位方式：xpath,使用的值：//button[3]
2020-07-02 17:56:54,290 - root - INFO - 点击元素成功
2020-07-02 17:56:55,291 - root - INFO - 暂停1秒
2020-07-02 17:56:55,314 - root - INFO - 元素定位成功。定位方式：id,使用的值：coordinated_tmp.name
2020-07-02 17:56:55,944 - root - INFO - 输入的内容：自动化测试集团
2020-07-02 17:56:55,964 - root - INFO - 元素定位成功。定位方式：id,使用的值：coordinated_tmp.linkman
2020-07-02 17:56:56,226 - root - INFO - 输入的内容：吴亦凡
2020-07-02 17:56:56,245 - root - INFO - 元素定位成功。定位方式：id,使用的值：coordinated_tmp.phone
2020-07-02 17:56:57,165 - root - INFO - 输入的内容：15000080008
2020-07-02 17:56:57,195 - root - INFO - 元素定位成功。定位方式：xpath,使用的值：//div[@name='checkboxgroup']/div/div[last()]
2020-07-02 17:56:57,342 - root - INFO - 点击元素成功
2020-07-02 17:56:57,363 - root - INFO - 元素定位成功。定位方式：xpath,使用的值：//div[@class='ant-modal-footer']/button
2020-07-02 17:56:57,564 - root - INFO - 点击元素成功
2020-07-02 17:56:57,747 - root - INFO - 元素定位成功。定位方式：xpath,使用的值：//div[@class='ant-message-custom-content ant-message-info']/span
2020-07-02 17:56:57,784 - root - INFO - 获取元素('xpath', "//div[@class='ant-message-custom-content ant-message-info']/span")的文本信息为：成功
2020-07-02 17:56:57,785 - root - INFO - 添加集团成功
2020-07-02 17:56:57,790 - root - INFO - ------------------子成员查询-------------------
2020-07-02 17:56:58,147 - root - INFO - 元素定位成功。定位方式：link,使用的值：司机管理
2020-07-02 17:56:58,524 - root - INFO - 点击元素成功
2020-07-02 17:56:58,825 - root - INFO - 元素定位成功。定位方式：css,使用的值：[placeholder='请输入司机名称']
2020-07-02 17:56:59,009 - root - INFO - 输入的内容：自动化子成员
2020-07-02 17:56:59,033 - root - INFO - 元素定位成功。定位方式：xpath,使用的值：//button[2]
2020-07-02 17:56:59,136 - root - INFO - 点击元素成功
2020-07-02 17:56:59,137 - root - INFO - 重置
2020-07-02 17:56:59,159 - root - INFO - 元素定位成功。定位方式：css,使用的值：[placeholder='请输入司机名称']
2020-07-02 17:56:59,333 - root - INFO - 输入的内容：自动化子成员
2020-07-02 17:57:00,334 - root - INFO - 暂停1秒
2020-07-02 17:57:00,347 - root - INFO - 元素定位成功。定位方式：xpath,使用的值：//button[1]
2020-07-02 17:57:00,440 - root - INFO - 点击元素成功
2020-07-02 17:57:00,470 - root - INFO - 元素定位成功。定位方式：xpath,使用的值：//tr[@class='ant-table-row ant-table-row-level-0']/td[3]
2020-07-02 17:57:00,502 - root - INFO - 获取元素('xpath', "//tr[@class='ant-table-row ant-table-row-level-0']/td[3]")的文本信息为：自动化子成员
2020-07-02 17:57:00,502 - root - INFO - 子成员查询成功
2020-07-02 17:57:00,505 - root - INFO - ------------------子成员开卡-------------------
2020-07-02 17:57:00,643 - root - INFO - 元素定位成功。定位方式：link,使用的值：开卡
2020-07-02 17:57:00,809 - root - INFO - 点击元素成功
2020-07-02 17:57:00,834 - root - INFO - 元素定位成功。定位方式：css,使用的值：[placeholder='请输入卡号']
2020-07-02 17:57:01,542 - root - INFO - 输入的内容：00000000017BCDCA
2020-07-02 17:57:01,555 - root - INFO - 元素定位成功。定位方式：xpath,使用的值：//div[@class='ant-modal-footer']/button
2020-07-02 17:57:01,742 - root - INFO - 点击元素成功
2020-07-02 17:57:01,930 - root - INFO - 元素定位成功。定位方式：xpath,使用的值：//div[@class='ant-message-custom-content ant-message-info']/span
2020-07-02 17:57:01,964 - root - INFO - 获取元素('xpath', "//div[@class='ant-message-custom-content ant-message-info']/span")的文本信息为：成功
2020-07-02 17:57:01,964 - root - INFO - 子成员开卡成功
2020-07-02 17:57:01,967 - root - INFO - ------------------子成员编辑-------------------
2020-07-02 17:57:02,116 - root - INFO - 元素定位成功。定位方式：link,使用的值：编辑
2020-07-02 17:57:02,235 - root - INFO - 元素<selenium.webdriver.remote.webelement.WebElement (session="75f56514898316ad4b3f70c7a1cb18f8", element="0.13493227140524922-88")>存在
2020-07-02 17:57:05,235 - root - INFO - 暂停3秒
2020-07-02 17:57:05,368 - root - INFO - 点击元素成功
2020-07-02 17:57:05,396 - root - INFO - 元素定位成功。定位方式：css,使用的值：[placeholder='请输入车辆自编号']
2020-07-02 17:57:05,556 - root - INFO - 输入的内容：01
2020-07-02 17:57:05,575 - root - INFO - 元素定位成功。定位方式：xpath,使用的值：//input[@placeholder='请输入车辆VIN码']/../../../../../../../../div[3]/button
2020-07-02 17:57:05,756 - root - INFO - 点击元素成功
2020-07-02 17:57:05,826 - root - INFO - 元素定位成功。定位方式：xpath,使用的值：//div[@class='ant-message-custom-content ant-message-info']/span
2020-07-02 17:57:05,854 - root - INFO - 获取元素('xpath', "//div[@class='ant-message-custom-content ant-message-info']/span")的文本信息为：子成员绑定车辆必须添加vin码和车牌号
2020-07-02 17:57:05,858 - root - ERROR - 子成员编辑失败
2020-07-02 17:57:05,913 - root - INFO - ------------用例执行失败退出弹窗执行下一用例------------------
2020-07-02 17:57:06,008 - root - INFO - ------------------子成员删除-------------------
2020-07-02 17:57:06,113 - root - INFO - 元素定位成功。定位方式：link,使用的值：删除
2020-07-02 17:57:06,238 - root - INFO - 点击元素成功
2020-07-02 17:57:06,257 - root - INFO - 元素定位成功。定位方式：xpath,使用的值：//div[@class='ant-modal-confirm-btns']/button[1]
2020-07-02 17:57:06,362 - root - INFO - 点击元素成功
2020-07-02 17:57:07,363 - root - INFO - 暂停1秒
2020-07-02 17:57:07,453 - root - INFO - 元素定位成功。定位方式：link,使用的值：删除
2020-07-02 17:57:07,508 - root - INFO - 点击元素成功
2020-07-02 17:57:07,530 - root - INFO - 元素定位成功。定位方式：xpath,使用的值：//div[@class='ant-modal-confirm-btns']/button[2]
2020-07-02 17:57:07,636 - root - INFO - 点击元素成功
2020-07-02 17:57:07,636 - root - INFO - 删除会员成功
2020-07-02 17:57:10,091 - root - INFO - 关闭浏览器
