2020-11-16 15:28:18,826 - root - INFO - 启动Firefox浏览器
2020-11-16 15:28:26,114 - root - INFO - 打开链接：http://106.53.24.142
2020-11-16 15:28:26,120 - root - INFO - 隐式等待20秒
2020-11-16 15:28:26,137 - root - INFO - 窗口最大化
2020-11-16 15:28:26,173 - root - INFO - 元素定位成功。定位方式：css,使用的值：[placeholder='商家编号']
2020-11-16 15:28:26,249 - root - INFO - 输入的内容：dz
2020-11-16 15:28:26,265 - root - INFO - 元素定位成功。定位方式：css,使用的值：[placeholder='账号']
2020-11-16 15:28:26,314 - root - INFO - 清空成功
2020-11-16 15:28:26,331 - root - INFO - 元素定位成功。定位方式：css,使用的值：[placeholder='账号']
2020-11-16 15:28:26,379 - root - INFO - 输入的内容：admin
2020-11-16 15:28:26,399 - root - INFO - 元素定位成功。定位方式：css,使用的值：[placeholder='密码']
2020-11-16 15:28:26,418 - root - INFO - 清空成功
2020-11-16 15:28:26,429 - root - INFO - 元素定位成功。定位方式：css,使用的值：[placeholder='密码']
2020-11-16 15:28:26,481 - root - INFO - 输入的内容：platform@nzkj2017
2020-11-16 15:28:26,494 - root - INFO - 元素定位成功。定位方式：class,使用的值：login-button
2020-11-16 15:28:26,878 - root - INFO - 点击元素成功
2020-11-16 15:28:31,873 - root - INFO - 元素定位成功。定位方式：xpath,使用的值：//div[@class='logo']/a/h1
2020-11-16 15:28:32,054 - root - INFO - 获取元素('xpath', "//div[@class='logo']/a/h1")的文本信息为：充电桩综合平台
2020-11-16 15:28:32,055 - root - INFO - 断言登录成功
2020-11-16 16:06:30,863 - root - INFO - 启动Firefox浏览器
2020-11-16 16:06:36,254 - root - INFO - 打开链接：http://106.53.24.142
2020-11-16 16:06:36,258 - root - INFO - 隐式等待20秒
2020-11-16 16:06:36,264 - root - INFO - 窗口最大化
2020-11-16 16:06:36,349 - root - INFO - 元素定位成功。定位方式：css,使用的值：[placeholder='商家编号']
2020-11-16 16:06:36,413 - root - INFO - 输入的内容：dz
2020-11-16 16:06:36,427 - root - INFO - 元素定位成功。定位方式：css,使用的值：[placeholder='账号']
2020-11-16 16:06:36,461 - root - INFO - 清空成功
2020-11-16 16:06:36,471 - root - INFO - 元素定位成功。定位方式：css,使用的值：[placeholder='账号']
2020-11-16 16:06:36,584 - root - INFO - 输入的内容：admin
2020-11-16 16:06:36,592 - root - INFO - 元素定位成功。定位方式：css,使用的值：[placeholder='密码']
2020-11-16 16:06:36,612 - root - INFO - 清空成功
2020-11-16 16:06:36,625 - root - INFO - 元素定位成功。定位方式：css,使用的值：[placeholder='密码']
2020-11-16 16:06:36,688 - root - INFO - 输入的内容：platform@nzkj2017
2020-11-16 16:06:36,708 - root - INFO - 元素定位成功。定位方式：class,使用的值：login-button
2020-11-16 16:06:37,193 - root - INFO - 点击元素成功
2020-11-16 16:06:43,186 - root - INFO - 元素定位成功。定位方式：xpath,使用的值：//div[@class='logo']/a/h1
2020-11-16 16:06:43,277 - root - INFO - 获取元素('xpath', "//div[@class='logo']/a/h1")的文本信息为：充电桩综合平台
2020-11-16 16:06:43,278 - root - INFO - 断言登录成功
2020-11-16 16:06:55,550 - root - INFO - 元素定位成功。定位方式：xpath,使用的值：//*[text()='会员管理']
2020-11-16 16:06:55,842 - root - INFO - 点击元素成功
2020-11-16 16:06:55,843 - root - INFO - 展开会员管理模块
2020-11-16 16:06:55,845 - root - INFO - ------------------添加个人会员------------------
2020-11-16 16:16:53,788 - root - INFO - 启动Firefox浏览器
2020-11-16 16:16:59,631 - root - INFO - 打开链接：http://106.53.24.142
2020-11-16 16:16:59,649 - root - INFO - 隐式等待20秒
2020-11-16 16:16:59,661 - root - INFO - 窗口最大化
2020-11-16 16:16:59,692 - root - INFO - 元素定位成功。定位方式：css,使用的值：[placeholder='商家编号']
2020-11-16 16:16:59,746 - root - INFO - 输入的内容：dz
2020-11-16 16:16:59,757 - root - INFO - 元素定位成功。定位方式：css,使用的值：[placeholder='账号']
2020-11-16 16:16:59,782 - root - INFO - 清空成功
2020-11-16 16:16:59,789 - root - INFO - 元素定位成功。定位方式：css,使用的值：[placeholder='账号']
2020-11-16 16:16:59,833 - root - INFO - 输入的内容：admin
2020-11-16 16:16:59,848 - root - INFO - 元素定位成功。定位方式：css,使用的值：[placeholder='密码']
2020-11-16 16:16:59,861 - root - INFO - 清空成功
2020-11-16 16:16:59,867 - root - INFO - 元素定位成功。定位方式：css,使用的值：[placeholder='密码']
2020-11-16 16:16:59,928 - root - INFO - 输入的内容：platform@nzkj2017
2020-11-16 16:16:59,939 - root - INFO - 元素定位成功。定位方式：class,使用的值：login-button
2020-11-16 16:17:00,331 - root - INFO - 点击元素成功
2020-11-16 16:17:05,758 - root - INFO - 元素定位成功。定位方式：xpath,使用的值：//div[@class='logo']/a/h1
2020-11-16 16:17:05,866 - root - INFO - 获取元素('xpath', "//div[@class='logo']/a/h1")的文本信息为：充电桩综合平台
2020-11-16 16:17:05,868 - root - INFO - 断言登录成功
2020-11-16 16:17:07,257 - root - INFO - 元素定位成功。定位方式：class,使用的值：clickColor
2020-11-16 16:17:07,905 - root - INFO - 点击元素成功
2020-11-16 16:17:27,938 - root - ERROR - 报错信息：Message: Unable to locate element: //*[text()='会员管理']

2020-11-16 16:21:18,008 - root - INFO - 启动Firefox浏览器
2020-11-16 16:21:23,138 - root - INFO - 打开链接：http://106.53.24.142
2020-11-16 16:21:23,153 - root - INFO - 隐式等待20秒
2020-11-16 16:21:23,162 - root - INFO - 窗口最大化
2020-11-16 16:21:23,171 - root - INFO - 元素定位成功。定位方式：css,使用的值：[placeholder='商家编号']
2020-11-16 16:21:23,222 - root - INFO - 输入的内容：dz
2020-11-16 16:21:23,235 - root - INFO - 元素定位成功。定位方式：css,使用的值：[placeholder='账号']
2020-11-16 16:21:23,258 - root - INFO - 清空成功
2020-11-16 16:21:23,270 - root - INFO - 元素定位成功。定位方式：css,使用的值：[placeholder='账号']
2020-11-16 16:21:23,321 - root - INFO - 输入的内容：admin
2020-11-16 16:21:23,329 - root - INFO - 元素定位成功。定位方式：css,使用的值：[placeholder='密码']
2020-11-16 16:21:23,348 - root - INFO - 清空成功
2020-11-16 16:21:23,360 - root - INFO - 元素定位成功。定位方式：css,使用的值：[placeholder='密码']
2020-11-16 16:21:23,415 - root - INFO - 输入的内容：platform@nzkj2017
2020-11-16 16:21:23,422 - root - INFO - 元素定位成功。定位方式：class,使用的值：login-button
2020-11-16 16:21:23,714 - root - INFO - 点击元素成功
2020-11-16 16:21:30,191 - root - INFO - 元素定位成功。定位方式：xpath,使用的值：//div[@class='logo']/a/h1
2020-11-16 16:21:30,284 - root - INFO - 获取元素('xpath', "//div[@class='logo']/a/h1")的文本信息为：充电桩综合平台
2020-11-16 16:21:30,285 - root - INFO - 断言登录成功
2020-11-16 16:21:31,824 - root - INFO - 元素定位成功。定位方式：xpath,使用的值：//*[text()='业务']
2020-11-16 16:21:32,339 - root - INFO - 点击元素成功
2020-11-16 16:21:32,381 - root - INFO - 元素定位成功。定位方式：xpath,使用的值：//*[text()='会员管理']
2020-11-16 16:21:32,736 - root - INFO - 点击元素成功
2020-11-16 16:21:32,792 - root - INFO - 元素定位成功。定位方式：xpath,使用的值：//*[text()='会员列表']
2020-11-16 16:21:32,855 - root - INFO - 元素<selenium.webdriver.firefox.webelement.FirefoxWebElement (session="c9e1f37b-4a43-49ae-9fa0-6032c4b1fcb6", element="37602e4e-8117-4ad7-8046-5f29f3b2703b")>存在
2020-11-16 16:21:35,864 - root - INFO - 暂停3秒
2020-11-16 16:29:35,476 - root - INFO - 启动Firefox浏览器
2020-11-16 16:29:40,898 - root - INFO - 打开链接：http://106.53.24.142
2020-11-16 16:29:40,914 - root - INFO - 隐式等待20秒
2020-11-16 16:29:40,929 - root - INFO - 窗口最大化
2020-11-16 16:29:40,970 - root - INFO - 元素定位成功。定位方式：css,使用的值：[placeholder='商家编号']
2020-11-16 16:29:41,026 - root - INFO - 输入的内容：dz
2020-11-16 16:29:41,059 - root - INFO - 元素定位成功。定位方式：css,使用的值：[placeholder='账号']
2020-11-16 16:29:41,094 - root - INFO - 清空成功
2020-11-16 16:29:41,103 - root - INFO - 元素定位成功。定位方式：css,使用的值：[placeholder='账号']
2020-11-16 16:29:41,151 - root - INFO - 输入的内容：admin
2020-11-16 16:29:41,159 - root - INFO - 元素定位成功。定位方式：css,使用的值：[placeholder='密码']
2020-11-16 16:29:41,173 - root - INFO - 清空成功
2020-11-16 16:29:41,179 - root - INFO - 元素定位成功。定位方式：css,使用的值：[placeholder='密码']
2020-11-16 16:29:41,223 - root - INFO - 输入的内容：platform@nzkj2017
2020-11-16 16:29:41,229 - root - INFO - 元素定位成功。定位方式：class,使用的值：login-button
2020-11-16 16:29:41,465 - root - INFO - 点击元素成功
2020-11-16 16:29:46,471 - root - INFO - 元素定位成功。定位方式：xpath,使用的值：//div[@class='logo']/a/h1
2020-11-16 16:29:46,569 - root - INFO - 获取元素('xpath', "//div[@class='logo']/a/h1")的文本信息为：充电桩综合平台
2020-11-16 16:29:46,570 - root - INFO - 断言登录成功
2020-11-16 16:29:47,120 - root - INFO - 元素定位成功。定位方式：xpath,使用的值：//*[text()='业务']
2020-11-16 16:29:48,494 - root - INFO - 点击元素成功
2020-11-16 16:29:48,540 - root - INFO - 元素定位成功。定位方式：xpath,使用的值：//*[text()='会员管理']
2020-11-16 16:29:48,903 - root - INFO - 点击元素成功
2020-11-16 16:29:51,913 - root - INFO - 元素定位成功。定位方式：xpath,使用的值：//*[text()='会员列表']
2020-11-16 16:29:51,960 - root - INFO - 元素<selenium.webdriver.firefox.webelement.FirefoxWebElement (session="2b389e24-daf7-48ff-9cb5-208d72e325ad", element="79346533-9d3a-4be8-bf03-4a673d61d0c6")>存在
2020-11-16 16:29:54,960 - root - INFO - 暂停3秒
2020-11-16 16:34:07,028 - root - INFO - 启动Firefox浏览器
2020-11-16 16:34:12,393 - root - INFO - 打开链接：http://106.53.24.142
2020-11-16 16:34:12,402 - root - INFO - 隐式等待20秒
2020-11-16 16:34:12,414 - root - INFO - 窗口最大化
2020-11-16 16:34:12,432 - root - INFO - 元素定位成功。定位方式：css,使用的值：[placeholder='商家编号']
2020-11-16 16:34:12,513 - root - INFO - 输入的内容：dz
2020-11-16 16:34:12,526 - root - INFO - 元素定位成功。定位方式：css,使用的值：[placeholder='账号']
2020-11-16 16:34:12,557 - root - INFO - 清空成功
2020-11-16 16:34:12,572 - root - INFO - 元素定位成功。定位方式：css,使用的值：[placeholder='账号']
2020-11-16 16:34:12,653 - root - INFO - 输入的内容：admin
2020-11-16 16:34:12,664 - root - INFO - 元素定位成功。定位方式：css,使用的值：[placeholder='密码']
2020-11-16 16:34:12,680 - root - INFO - 清空成功
2020-11-16 16:34:12,695 - root - INFO - 元素定位成功。定位方式：css,使用的值：[placeholder='密码']
2020-11-16 16:34:12,735 - root - INFO - 输入的内容：platform@nzkj2017
2020-11-16 16:34:12,741 - root - INFO - 元素定位成功。定位方式：class,使用的值：login-button
2020-11-16 16:34:13,061 - root - INFO - 点击元素成功
2020-11-16 16:34:18,077 - root - INFO - 元素定位成功。定位方式：xpath,使用的值：//div[@class='logo']/a/h1
2020-11-16 16:34:18,164 - root - INFO - 获取元素('xpath', "//div[@class='logo']/a/h1")的文本信息为：充电桩综合平台
2020-11-16 16:34:18,165 - root - INFO - 断言登录成功
2020-11-16 16:34:19,242 - root - INFO - 元素定位成功。定位方式：xpath,使用的值：//*[text()='业务']
2020-11-16 16:34:20,129 - root - INFO - 点击元素成功
2020-11-16 16:34:20,142 - root - INFO - 元素定位成功。定位方式：xpath,使用的值：//*[text()='会员管理']
2020-11-16 16:34:20,472 - root - INFO - 点击元素成功
2020-11-16 16:34:20,523 - root - INFO - 元素定位成功。定位方式：link,使用的值：会员列表
2020-11-16 16:34:21,320 - root - INFO - 点击元素成功
2020-11-16 16:34:21,321 - root - INFO - 展开会员管理模块
2020-11-16 16:34:21,323 - root - INFO - ------------------添加个人会员------------------
2020-11-16 16:34:41,671 - root - ERROR - 报错信息：Message: Unable to locate element: 会员管理

2020-11-16 16:34:41,672 - root - ERROR - 添加自动化测试个人1失败
2020-11-16 16:34:41,695 - root - INFO - ------------用例执行失败退出弹窗执行下一用例------------------
2020-11-16 16:34:41,866 - root - INFO - ------------------添加个人会员------------------
2020-11-16 16:35:13,382 - root - INFO - 启动Firefox浏览器
2020-11-16 16:35:20,753 - root - INFO - 打开链接：http://106.53.24.142
2020-11-16 16:35:20,761 - root - INFO - 隐式等待20秒
2020-11-16 16:35:20,776 - root - INFO - 窗口最大化
2020-11-16 16:35:20,786 - root - INFO - 元素定位成功。定位方式：css,使用的值：[placeholder='商家编号']
2020-11-16 16:35:20,834 - root - INFO - 输入的内容：dz
2020-11-16 16:35:20,843 - root - INFO - 元素定位成功。定位方式：css,使用的值：[placeholder='账号']
2020-11-16 16:35:20,857 - root - INFO - 清空成功
2020-11-16 16:35:20,863 - root - INFO - 元素定位成功。定位方式：css,使用的值：[placeholder='账号']
2020-11-16 16:35:20,897 - root - INFO - 输入的内容：admin
2020-11-16 16:35:20,905 - root - INFO - 元素定位成功。定位方式：css,使用的值：[placeholder='密码']
2020-11-16 16:35:20,916 - root - INFO - 清空成功
2020-11-16 16:35:20,922 - root - INFO - 元素定位成功。定位方式：css,使用的值：[placeholder='密码']
2020-11-16 16:35:20,966 - root - INFO - 输入的内容：platform@nzkj2017
2020-11-16 16:35:20,974 - root - INFO - 元素定位成功。定位方式：class,使用的值：login-button
2020-11-16 16:35:21,208 - root - INFO - 点击元素成功
2020-11-16 16:35:26,018 - root - INFO - 元素定位成功。定位方式：xpath,使用的值：//div[@class='logo']/a/h1
2020-11-16 16:35:26,104 - root - INFO - 获取元素('xpath', "//div[@class='logo']/a/h1")的文本信息为：充电桩综合平台
2020-11-16 16:35:26,106 - root - INFO - 断言登录成功
2020-11-16 16:35:26,113 - root - INFO - 元素定位成功。定位方式：xpath,使用的值：//*[text()='业务']
2020-11-16 16:35:26,557 - root - INFO - 点击元素成功
2020-11-16 16:35:27,929 - root - INFO - 元素定位成功。定位方式：xpath,使用的值：//*[text()='会员管理']
2020-11-16 16:35:28,311 - root - INFO - 点击元素成功
2020-11-16 16:35:28,362 - root - INFO - 元素定位成功。定位方式：link,使用的值：会员列表
2020-11-16 16:35:29,118 - root - INFO - 点击元素成功
2020-11-16 16:35:29,120 - root - INFO - 展开会员管理模块
2020-11-16 16:35:33,854 - root - INFO - 关闭浏览器
2020-11-16 16:36:04,634 - root - INFO - 启动Firefox浏览器
2020-11-16 16:36:12,713 - root - INFO - 打开链接：http://106.53.24.142
2020-11-16 16:36:12,721 - root - INFO - 隐式等待20秒
2020-11-16 16:36:17,761 - root - INFO - 窗口最大化
2020-11-16 16:36:17,771 - root - INFO - 元素定位成功。定位方式：css,使用的值：[placeholder='商家编号']
2020-11-16 16:36:17,831 - root - INFO - 输入的内容：dz
2020-11-16 16:36:17,842 - root - INFO - 元素定位成功。定位方式：css,使用的值：[placeholder='账号']
2020-11-16 16:36:17,868 - root - INFO - 清空成功
2020-11-16 16:36:17,876 - root - INFO - 元素定位成功。定位方式：css,使用的值：[placeholder='账号']
2020-11-16 16:36:17,916 - root - INFO - 输入的内容：admin
2020-11-16 16:36:17,923 - root - INFO - 元素定位成功。定位方式：css,使用的值：[placeholder='密码']
2020-11-16 16:36:17,935 - root - INFO - 清空成功
2020-11-16 16:36:17,942 - root - INFO - 元素定位成功。定位方式：css,使用的值：[placeholder='密码']
2020-11-16 16:36:17,986 - root - INFO - 输入的内容：platform@nzkj2017
2020-11-16 16:36:17,993 - root - INFO - 元素定位成功。定位方式：class,使用的值：login-button
2020-11-16 16:36:18,316 - root - INFO - 点击元素成功
2020-11-16 16:36:19,275 - root - INFO - 元素定位成功。定位方式：xpath,使用的值：//div[@class='logo']/a/h1
2020-11-16 16:36:19,363 - root - INFO - 获取元素('xpath', "//div[@class='logo']/a/h1")的文本信息为：充电桩综合平台
2020-11-16 16:36:19,364 - root - INFO - 断言登录成功
2020-11-16 16:36:20,160 - root - INFO - 元素定位成功。定位方式：xpath,使用的值：//*[text()='业务']
2020-11-16 16:36:21,417 - root - INFO - 点击元素成功
2020-11-16 16:36:21,463 - root - INFO - 元素定位成功。定位方式：xpath,使用的值：//*[text()='会员管理']
2020-11-16 16:36:21,813 - root - INFO - 点击元素成功
2020-11-16 16:36:21,843 - root - INFO - 元素定位成功。定位方式：link,使用的值：会员列表
2020-11-16 16:36:22,671 - root - INFO - 点击元素成功
2020-11-16 16:36:22,672 - root - INFO - 展开会员管理模块
2020-11-16 16:36:22,674 - root - INFO - ------------------添加个人会员------------------
2020-11-16 16:36:42,880 - root - ERROR - 报错信息：Message: Unable to locate element: 会员管理

2020-11-16 16:36:42,881 - root - ERROR - 添加自动化测试个人1失败
2020-11-16 16:36:42,903 - root - INFO - ------------用例执行失败退出弹窗执行下一用例------------------
2020-11-16 16:36:43,056 - root - INFO - ------------------添加个人会员------------------
2020-11-16 16:37:03,344 - root - ERROR - 报错信息：Message: Unable to locate element: 会员管理

2020-11-16 16:37:03,345 - root - ERROR - 添加自动化测试个人2失败
2020-11-16 16:37:03,385 - root - INFO - ------------用例执行失败退出弹窗执行下一用例------------------
2020-11-16 16:37:06,456 - root - INFO - 关闭浏览器
2020-11-16 16:40:32,198 - root - INFO - 启动Firefox浏览器
2020-11-16 16:40:41,698 - root - INFO - 打开链接：http://106.53.24.142
2020-11-16 16:40:41,710 - root - INFO - 隐式等待20秒
2020-11-16 16:40:41,719 - root - INFO - 窗口最大化
2020-11-16 16:40:41,766 - root - INFO - 元素定位成功。定位方式：css,使用的值：[placeholder='商家编号']
2020-11-16 16:40:41,814 - root - INFO - 输入的内容：dz
2020-11-16 16:40:41,829 - root - INFO - 元素定位成功。定位方式：css,使用的值：[placeholder='账号']
2020-11-16 16:40:41,850 - root - INFO - 清空成功
2020-11-16 16:40:41,857 - root - INFO - 元素定位成功。定位方式：css,使用的值：[placeholder='账号']
2020-11-16 16:40:41,894 - root - INFO - 输入的内容：admin
2020-11-16 16:40:41,901 - root - INFO - 元素定位成功。定位方式：css,使用的值：[placeholder='密码']
2020-11-16 16:40:41,920 - root - INFO - 清空成功
2020-11-16 16:40:41,930 - root - INFO - 元素定位成功。定位方式：css,使用的值：[placeholder='密码']
2020-11-16 16:40:41,969 - root - INFO - 输入的内容：platform@nzkj2017
2020-11-16 16:40:41,975 - root - INFO - 元素定位成功。定位方式：class,使用的值：login-button
2020-11-16 16:40:42,216 - root - INFO - 点击元素成功
2020-11-16 16:40:47,560 - root - INFO - 元素定位成功。定位方式：xpath,使用的值：//div[@class='logo']/a/h1
2020-11-16 16:40:47,648 - root - INFO - 获取元素('xpath', "//div[@class='logo']/a/h1")的文本信息为：充电桩综合平台
2020-11-16 16:40:47,649 - root - INFO - 断言登录成功
2020-11-16 16:40:48,480 - root - INFO - 元素定位成功。定位方式：xpath,使用的值：//*[text()='业务']
2020-11-16 16:40:49,811 - root - INFO - 点击元素成功
2020-11-16 16:40:49,822 - root - INFO - 元素定位成功。定位方式：xpath,使用的值：//*[text()='会员管理']
2020-11-16 16:40:50,157 - root - INFO - 点击元素成功
2020-11-16 16:40:50,218 - root - INFO - 元素定位成功。定位方式：link,使用的值：会员列表
2020-11-16 16:40:50,979 - root - INFO - 点击元素成功
2020-11-16 16:40:50,980 - root - INFO - 展开会员管理模块
2020-11-16 16:40:50,982 - root - INFO - ------------------添加个人会员------------------
2020-11-16 16:40:50,992 - root - INFO - 元素定位成功。定位方式：xpath,使用的值：//button[3]
2020-11-16 16:40:51,436 - root - INFO - 点击元素成功
2020-11-16 16:40:51,448 - root - INFO - 元素定位成功。定位方式：css,使用的值：[placeholder='请输入名字']
2020-11-16 16:40:51,456 - root - INFO - 清空成功
2020-11-16 16:40:51,464 - root - INFO - 元素定位成功。定位方式：css,使用的值：[placeholder='请输入名字']
2020-11-16 16:40:51,623 - root - INFO - 输入的内容：自动化测试个人1
2020-11-16 16:40:51,650 - root - INFO - 元素定位成功。定位方式：id,使用的值：coordinated_saveParam.telephone
2020-11-16 16:40:51,666 - root - INFO - 清空成功
2020-11-16 16:40:51,674 - root - INFO - 元素定位成功。定位方式：id,使用的值：coordinated_saveParam.telephone
2020-11-16 16:40:51,835 - root - INFO - 输入的内容：15000000001
2020-11-16 16:40:51,843 - root - INFO - 元素定位成功。定位方式：xpath,使用的值：//div[@class='ant-modal-footer']/button
2020-11-16 16:40:52,230 - root - INFO - 点击元素成功
2020-11-16 16:40:54,232 - root - INFO - 暂停2秒
2020-11-16 16:40:54,239 - root - INFO - 元素定位成功。定位方式：xpath,使用的值：//div[@class='ant-message-custom-content ant-message-info']/span
2020-11-16 16:40:54,250 - root - INFO - 获取元素('xpath', "//div[@class='ant-message-custom-content ant-message-info']/span")的文本信息为：成功
2020-11-16 16:40:54,251 - root - INFO - 添加自动化测试个人1成功
2020-11-16 16:40:54,254 - root - INFO - ------------------添加个人会员------------------
2020-11-16 16:40:54,260 - root - INFO - 元素定位成功。定位方式：xpath,使用的值：//button[3]
2020-11-16 16:40:54,604 - root - INFO - 点击元素成功
2020-11-16 16:40:54,616 - root - INFO - 元素定位成功。定位方式：css,使用的值：[placeholder='请输入名字']
2020-11-16 16:40:54,642 - root - INFO - 清空成功
2020-11-16 16:40:54,650 - root - INFO - 元素定位成功。定位方式：css,使用的值：[placeholder='请输入名字']
2020-11-16 16:40:54,808 - root - INFO - 输入的内容：自动化测试个人2
2020-11-16 16:40:54,825 - root - INFO - 元素定位成功。定位方式：id,使用的值：coordinated_saveParam.telephone
2020-11-16 16:40:54,865 - root - INFO - 清空成功
2020-11-16 16:40:54,878 - root - INFO - 元素定位成功。定位方式：id,使用的值：coordinated_saveParam.telephone
2020-11-16 16:40:55,034 - root - INFO - 输入的内容：15000000002
2020-11-16 16:40:55,045 - root - INFO - 元素定位成功。定位方式：xpath,使用的值：//div[@class='ant-modal-footer']/button
2020-11-16 16:40:55,483 - root - INFO - 点击元素成功
2020-11-16 16:40:57,484 - root - INFO - 暂停2秒
2020-11-16 16:40:57,491 - root - INFO - 元素定位成功。定位方式：xpath,使用的值：//div[@class='ant-message-custom-content ant-message-info']/span
2020-11-16 16:40:57,500 - root - INFO - 获取元素('xpath', "//div[@class='ant-message-custom-content ant-message-info']/span")的文本信息为：成功
2020-11-16 16:40:57,501 - root - INFO - 添加自动化测试个人2成功
2020-11-16 16:41:02,377 - root - INFO - 关闭浏览器
2020-11-16 16:57:27,745 - root - INFO - 启动Firefox浏览器
2020-11-16 16:57:33,968 - root - INFO - 打开链接：http://106.53.24.142
2020-11-16 16:57:33,977 - root - INFO - 隐式等待20秒
2020-11-16 16:57:33,995 - root - INFO - 窗口最大化
2020-11-16 16:57:34,018 - root - INFO - 元素定位成功。定位方式：css,使用的值：[placeholder='商家编号']
2020-11-16 16:57:34,072 - root - INFO - 输入的内容：dz
2020-11-16 16:57:34,088 - root - INFO - 元素定位成功。定位方式：css,使用的值：[placeholder='账号']
2020-11-16 16:57:34,115 - root - INFO - 清空成功
2020-11-16 16:57:34,126 - root - INFO - 元素定位成功。定位方式：css,使用的值：[placeholder='账号']
2020-11-16 16:57:34,170 - root - INFO - 输入的内容：admin
2020-11-16 16:57:34,183 - root - INFO - 元素定位成功。定位方式：css,使用的值：[placeholder='密码']
2020-11-16 16:57:34,195 - root - INFO - 清空成功
2020-11-16 16:57:34,203 - root - INFO - 元素定位成功。定位方式：css,使用的值：[placeholder='密码']
2020-11-16 16:57:34,253 - root - INFO - 输入的内容：platform@nzkj2017
2020-11-16 16:57:34,260 - root - INFO - 元素定位成功。定位方式：class,使用的值：login-button
2020-11-16 16:57:34,638 - root - INFO - 点击元素成功
2020-11-16 16:57:40,144 - root - INFO - 元素定位成功。定位方式：xpath,使用的值：//div[@class='logo']/a/h1
2020-11-16 16:57:40,252 - root - INFO - 获取元素('xpath', "//div[@class='logo']/a/h1")的文本信息为：充电桩综合平台
2020-11-16 16:57:40,253 - root - INFO - 断言登录成功
2020-11-16 16:57:41,442 - root - INFO - 元素定位成功。定位方式：xpath,使用的值：//*[text()='业务']
2020-11-16 16:57:42,278 - root - INFO - 点击元素成功
2020-11-16 16:57:42,285 - root - INFO - 元素定位成功。定位方式：xpath,使用的值：//*[text()='会员管理']
2020-11-16 16:57:42,624 - root - INFO - 点击元素成功
2020-11-16 16:57:42,676 - root - INFO - 元素定位成功。定位方式：link,使用的值：会员列表
2020-11-16 16:57:43,303 - root - INFO - 点击元素成功
2020-11-16 16:57:43,304 - root - INFO - 展开会员管理模块
2020-11-16 16:57:43,305 - root - INFO - ------------------添加个人会员------------------
2020-11-16 16:57:43,358 - root - INFO - 元素定位成功。定位方式：xpath,使用的值：//button[3]
2020-11-16 16:57:43,768 - root - INFO - 点击元素成功
2020-11-16 16:57:43,776 - root - INFO - 元素定位成功。定位方式：css,使用的值：[placeholder='请输入名字']
2020-11-16 16:57:43,786 - root - INFO - 清空成功
2020-11-16 16:57:43,795 - root - INFO - 元素定位成功。定位方式：css,使用的值：[placeholder='请输入名字']
2020-11-16 16:57:43,978 - root - INFO - 输入的内容：自动化测试个人1
2020-11-16 16:57:44,011 - root - INFO - 元素定位成功。定位方式：id,使用的值：coordinated_saveParam.telephone
2020-11-16 16:57:44,018 - root - INFO - 清空成功
2020-11-16 16:57:44,025 - root - INFO - 元素定位成功。定位方式：id,使用的值：coordinated_saveParam.telephone
2020-11-16 16:57:44,179 - root - INFO - 输入的内容：15000000001
2020-11-16 16:57:44,188 - root - INFO - 元素定位成功。定位方式：xpath,使用的值：//div[@class='ant-modal-footer']/button
2020-11-16 16:57:44,597 - root - INFO - 点击元素成功
2020-11-16 16:57:46,598 - root - INFO - 暂停2秒
2020-11-16 16:57:46,606 - root - INFO - 元素定位成功。定位方式：xpath,使用的值：//div[@class='ant-message-custom-content ant-message-info']/span
2020-11-16 16:57:46,617 - root - INFO - 获取元素('xpath', "//div[@class='ant-message-custom-content ant-message-info']/span")的文本信息为：该手机号已在本商家注册过了
2020-11-16 16:57:46,621 - root - ERROR - 添加自动化测试个人1失败
2020-11-16 16:57:46,757 - root - INFO - ------------用例执行失败退出弹窗执行下一用例------------------
2020-11-16 16:57:46,896 - root - INFO - ------------------添加个人会员------------------
2020-11-16 16:57:46,902 - root - INFO - 元素定位成功。定位方式：xpath,使用的值：//button[3]
2020-11-16 16:57:46,953 - root - INFO - 元素<selenium.webdriver.firefox.webelement.FirefoxWebElement (session="18ee1378-6636-43ae-89bb-b9937d610ae2", element="40193a42-5a34-47e9-9ba8-cc9c44237a33")>存在
2020-11-16 16:57:49,977 - root - INFO - 暂停3秒
2020-11-16 16:59:48,735 - root - INFO - 启动Firefox浏览器
2020-11-16 16:59:55,049 - root - INFO - 打开链接：http://106.53.24.142
2020-11-16 16:59:55,064 - root - INFO - 隐式等待20秒
2020-11-16 16:59:55,072 - root - INFO - 窗口最大化
2020-11-16 16:59:55,086 - root - INFO - 元素定位成功。定位方式：css,使用的值：[placeholder='商家编号']
2020-11-16 16:59:55,160 - root - INFO - 输入的内容：dz
2020-11-16 16:59:55,176 - root - INFO - 元素定位成功。定位方式：css,使用的值：[placeholder='账号']
2020-11-16 16:59:55,217 - root - INFO - 清空成功
2020-11-16 16:59:55,227 - root - INFO - 元素定位成功。定位方式：css,使用的值：[placeholder='账号']
2020-11-16 16:59:55,294 - root - INFO - 输入的内容：admin
2020-11-16 16:59:55,309 - root - INFO - 元素定位成功。定位方式：css,使用的值：[placeholder='密码']
2020-11-16 16:59:55,325 - root - INFO - 清空成功
2020-11-16 16:59:55,334 - root - INFO - 元素定位成功。定位方式：css,使用的值：[placeholder='密码']
2020-11-16 16:59:55,407 - root - INFO - 输入的内容：platform@nzkj2017
2020-11-16 16:59:55,424 - root - INFO - 元素定位成功。定位方式：class,使用的值：login-button
2020-11-16 16:59:55,808 - root - INFO - 点击元素成功
2020-11-16 17:00:01,278 - root - INFO - 元素定位成功。定位方式：xpath,使用的值：//div[@class='logo']/a/h1
2020-11-16 17:00:01,375 - root - INFO - 获取元素('xpath', "//div[@class='logo']/a/h1")的文本信息为：充电桩综合平台
2020-11-16 17:00:01,377 - root - INFO - 断言登录成功
2020-11-16 17:00:02,609 - root - INFO - 元素定位成功。定位方式：xpath,使用的值：//*[text()='业务']
2020-11-16 17:00:03,464 - root - INFO - 点击元素成功
2020-11-16 17:00:03,471 - root - INFO - 元素定位成功。定位方式：xpath,使用的值：//*[text()='会员管理']
2020-11-16 17:00:03,835 - root - INFO - 点击元素成功
2020-11-16 17:00:03,888 - root - INFO - 元素定位成功。定位方式：link,使用的值：会员列表
2020-11-16 17:00:04,619 - root - INFO - 点击元素成功
2020-11-16 17:00:04,621 - root - INFO - 展开会员管理模块
2020-11-16 17:00:04,625 - root - INFO - ------------------添加个人会员------------------
2020-11-16 17:00:04,635 - root - INFO - 元素定位成功。定位方式：xpath,使用的值：//button[3]
2020-11-16 17:00:05,089 - root - INFO - 点击元素成功
2020-11-16 17:00:05,110 - root - INFO - 元素定位成功。定位方式：css,使用的值：[placeholder='请输入名字']
2020-11-16 17:00:05,120 - root - INFO - 清空成功
2020-11-16 17:00:05,138 - root - INFO - 元素定位成功。定位方式：css,使用的值：[placeholder='请输入名字']
2020-11-16 17:00:05,321 - root - INFO - 输入的内容：自动化测试个人1
2020-11-16 17:00:05,351 - root - INFO - 元素定位成功。定位方式：id,使用的值：coordinated_saveParam.telephone
2020-11-16 17:00:05,364 - root - INFO - 清空成功
2020-11-16 17:00:05,373 - root - INFO - 元素定位成功。定位方式：id,使用的值：coordinated_saveParam.telephone
2020-11-16 17:00:05,533 - root - INFO - 输入的内容：15000000001
2020-11-16 17:00:05,556 - root - INFO - 元素定位成功。定位方式：xpath,使用的值：//div[@class='ant-modal-footer']/button
2020-11-16 17:00:05,986 - root - INFO - 点击元素成功
2020-11-16 17:00:07,988 - root - INFO - 暂停2秒
2020-11-16 17:00:07,996 - root - INFO - 元素定位成功。定位方式：xpath,使用的值：//div[@class='ant-message-custom-content ant-message-info']/span
2020-11-16 17:00:08,008 - root - INFO - 获取元素('xpath', "//div[@class='ant-message-custom-content ant-message-info']/span")的文本信息为：成功
2020-11-16 17:00:08,009 - root - INFO - 添加自动化测试个人1成功
2020-11-16 17:00:08,012 - root - INFO - ------------------添加个人会员------------------
2020-11-16 17:00:08,019 - root - INFO - 元素定位成功。定位方式：xpath,使用的值：//button[3]
2020-11-16 17:00:08,365 - root - INFO - 点击元素成功
2020-11-16 17:00:08,373 - root - INFO - 元素定位成功。定位方式：css,使用的值：[placeholder='请输入名字']
2020-11-16 17:00:08,397 - root - INFO - 清空成功
2020-11-16 17:00:08,405 - root - INFO - 元素定位成功。定位方式：css,使用的值：[placeholder='请输入名字']
2020-11-16 17:00:08,555 - root - INFO - 输入的内容：自动化测试个人2
2020-11-16 17:00:08,584 - root - INFO - 元素定位成功。定位方式：id,使用的值：coordinated_saveParam.telephone
2020-11-16 17:00:08,611 - root - INFO - 清空成功
2020-11-16 17:00:08,619 - root - INFO - 元素定位成功。定位方式：id,使用的值：coordinated_saveParam.telephone
2020-11-16 17:00:08,782 - root - INFO - 输入的内容：15000000002
2020-11-16 17:00:08,793 - root - INFO - 元素定位成功。定位方式：xpath,使用的值：//div[@class='ant-modal-footer']/button
2020-11-16 17:00:09,361 - root - INFO - 点击元素成功
2020-11-16 17:00:11,362 - root - INFO - 暂停2秒
2020-11-16 17:00:11,369 - root - INFO - 元素定位成功。定位方式：xpath,使用的值：//div[@class='ant-message-custom-content ant-message-info']/span
2020-11-16 17:00:11,380 - root - INFO - 获取元素('xpath', "//div[@class='ant-message-custom-content ant-message-info']/span")的文本信息为：成功
2020-11-16 17:00:11,381 - root - INFO - 添加自动化测试个人2成功
2020-11-16 17:04:29,320 - root - INFO - 启动Firefox浏览器
2020-11-16 17:04:35,614 - root - INFO - 打开链接：http://106.53.24.142
2020-11-16 17:04:35,636 - root - INFO - 隐式等待20秒
2020-11-16 17:04:35,647 - root - INFO - 窗口最大化
2020-11-16 17:04:35,660 - root - INFO - 元素定位成功。定位方式：css,使用的值：[placeholder='商家编号']
2020-11-16 17:04:35,739 - root - INFO - 输入的内容：dz
2020-11-16 17:04:35,762 - root - INFO - 元素定位成功。定位方式：css,使用的值：[placeholder='账号']
2020-11-16 17:04:35,800 - root - INFO - 清空成功
2020-11-16 17:04:35,808 - root - INFO - 元素定位成功。定位方式：css,使用的值：[placeholder='账号']
2020-11-16 17:04:35,863 - root - INFO - 输入的内容：admin
2020-11-16 17:04:35,877 - root - INFO - 元素定位成功。定位方式：css,使用的值：[placeholder='密码']
2020-11-16 17:04:35,900 - root - INFO - 清空成功
2020-11-16 17:04:35,911 - root - INFO - 元素定位成功。定位方式：css,使用的值：[placeholder='密码']
2020-11-16 17:04:35,968 - root - INFO - 输入的内容：platform@nzkj2017
2020-11-16 17:04:35,978 - root - INFO - 元素定位成功。定位方式：class,使用的值：login-button
2020-11-16 17:04:36,423 - root - INFO - 点击元素成功
2020-11-16 17:04:41,628 - root - INFO - 元素定位成功。定位方式：xpath,使用的值：//div[@class='logo']/a/h1
2020-11-16 17:04:41,713 - root - INFO - 获取元素('xpath', "//div[@class='logo']/a/h1")的文本信息为：充电桩综合平台
2020-11-16 17:04:41,714 - root - INFO - 断言登录成功
2020-11-16 17:04:42,568 - root - INFO - 元素定位成功。定位方式：xpath,使用的值：//*[text()='业务']
2020-11-16 17:04:43,780 - root - INFO - 点击元素成功
2020-11-16 17:04:43,807 - root - INFO - 元素定位成功。定位方式：xpath,使用的值：//*[text()='会员管理']
2020-11-16 17:04:44,118 - root - INFO - 点击元素成功
2020-11-16 17:04:44,171 - root - INFO - 元素定位成功。定位方式：link,使用的值：会员列表
2020-11-16 17:04:44,976 - root - INFO - 点击元素成功
2020-11-16 17:04:44,977 - root - INFO - 展开会员管理模块
2020-11-16 17:04:44,980 - root - INFO - ------------------添加个人会员------------------
2020-11-16 17:04:44,992 - root - INFO - 元素定位成功。定位方式：xpath,使用的值：//button[3]
2020-11-16 17:04:45,416 - root - INFO - 点击元素成功
2020-11-16 17:04:45,431 - root - INFO - 元素定位成功。定位方式：css,使用的值：[placeholder='请输入名字']
2020-11-16 17:04:45,446 - root - INFO - 清空成功
2020-11-16 17:04:45,455 - root - INFO - 元素定位成功。定位方式：css,使用的值：[placeholder='请输入名字']
2020-11-16 17:04:45,657 - root - INFO - 输入的内容：自动化测试个人1
2020-11-16 17:04:45,690 - root - INFO - 元素定位成功。定位方式：id,使用的值：coordinated_saveParam.telephone
2020-11-16 17:04:45,698 - root - INFO - 清空成功
2020-11-16 17:04:45,709 - root - INFO - 元素定位成功。定位方式：id,使用的值：coordinated_saveParam.telephone
2020-11-16 17:04:45,881 - root - INFO - 输入的内容：15000000001
2020-11-16 17:04:45,901 - root - INFO - 元素定位成功。定位方式：xpath,使用的值：//div[@class='ant-modal-footer']/button
2020-11-16 17:04:46,335 - root - INFO - 点击元素成功
2020-11-16 17:04:48,337 - root - INFO - 暂停2秒
2020-11-16 17:04:48,345 - root - INFO - 元素定位成功。定位方式：xpath,使用的值：//div[@class='ant-message-custom-content ant-message-info']/span
2020-11-16 17:04:48,356 - root - INFO - 获取元素('xpath', "//div[@class='ant-message-custom-content ant-message-info']/span")的文本信息为：该手机号已在本商家注册过了
2020-11-16 17:04:48,360 - root - ERROR - 添加自动化测试个人1失败
2020-11-16 17:04:48,506 - root - INFO - ------------用例执行失败退出弹窗执行下一用例------------------
2020-11-16 17:04:48,626 - root - INFO - ------------------添加个人会员------------------
2020-11-16 17:04:48,632 - root - INFO - 元素定位成功。定位方式：xpath,使用的值：//button[3]
2020-11-16 17:04:48,688 - root - INFO - 元素<selenium.webdriver.firefox.webelement.FirefoxWebElement (session="908493ae-1486-4978-a7c4-e71c985f3aa3", element="e6c7660b-afb4-42bc-beed-9b68a49e7675")>存在
2020-11-16 17:05:59,136 - root - INFO - 启动Firefox浏览器
2020-11-16 17:06:04,677 - root - INFO - 打开链接：http://106.53.24.142
2020-11-16 17:06:04,696 - root - INFO - 隐式等待20秒
2020-11-16 17:06:04,708 - root - INFO - 窗口最大化
2020-11-16 17:06:04,745 - root - INFO - 元素定位成功。定位方式：css,使用的值：[placeholder='商家编号']
2020-11-16 17:06:04,802 - root - INFO - 输入的内容：dz
2020-11-16 17:06:04,816 - root - INFO - 元素定位成功。定位方式：css,使用的值：[placeholder='账号']
2020-11-16 17:06:04,845 - root - INFO - 清空成功
2020-11-16 17:06:04,858 - root - INFO - 元素定位成功。定位方式：css,使用的值：[placeholder='账号']
2020-11-16 17:06:04,923 - root - INFO - 输入的内容：admin
2020-11-16 17:06:04,947 - root - INFO - 元素定位成功。定位方式：css,使用的值：[placeholder='密码']
2020-11-16 17:06:04,972 - root - INFO - 清空成功
2020-11-16 17:06:04,987 - root - INFO - 元素定位成功。定位方式：css,使用的值：[placeholder='密码']
2020-11-16 17:06:05,036 - root - INFO - 输入的内容：platform@nzkj2017
2020-11-16 17:06:05,047 - root - INFO - 元素定位成功。定位方式：class,使用的值：login-button
2020-11-16 17:06:05,421 - root - INFO - 点击元素成功
2020-11-16 17:06:09,981 - root - INFO - 元素定位成功。定位方式：xpath,使用的值：//div[@class='logo']/a/h1
2020-11-16 17:06:10,094 - root - INFO - 获取元素('xpath', "//div[@class='logo']/a/h1")的文本信息为：充电桩综合平台
2020-11-16 17:06:10,095 - root - INFO - 断言登录成功
2020-11-16 17:06:11,216 - root - INFO - 元素定位成功。定位方式：xpath,使用的值：//*[text()='业务']
2020-11-16 17:06:12,218 - root - INFO - 点击元素成功
2020-11-16 17:06:12,242 - root - INFO - 元素定位成功。定位方式：xpath,使用的值：//*[text()='会员管理']
2020-11-16 17:06:12,520 - root - INFO - 点击元素成功
2020-11-16 17:06:12,611 - root - INFO - 元素定位成功。定位方式：link,使用的值：会员列表
2020-11-16 17:06:13,416 - root - INFO - 点击元素成功
2020-11-16 17:06:13,417 - root - INFO - 展开会员管理模块
2020-11-16 17:06:13,419 - root - INFO - ------------------添加个人会员------------------
2020-11-16 17:06:13,428 - root - INFO - 元素定位成功。定位方式：xpath,使用的值：//button[3]
2020-11-16 17:06:13,867 - root - INFO - 点击元素成功
2020-11-16 17:06:13,877 - root - INFO - 元素定位成功。定位方式：css,使用的值：[placeholder='请输入名字']
2020-11-16 17:06:13,889 - root - INFO - 清空成功
2020-11-16 17:06:13,903 - root - INFO - 元素定位成功。定位方式：css,使用的值：[placeholder='请输入名字']
2020-11-16 17:06:14,075 - root - INFO - 输入的内容：自动化测试个人1
2020-11-16 17:06:14,092 - root - INFO - 元素定位成功。定位方式：id,使用的值：coordinated_saveParam.telephone
2020-11-16 17:06:14,100 - root - INFO - 清空成功
2020-11-16 17:06:14,106 - root - INFO - 元素定位成功。定位方式：id,使用的值：coordinated_saveParam.telephone
2020-11-16 17:06:14,293 - root - INFO - 输入的内容：15000000001
2020-11-16 17:06:14,302 - root - INFO - 元素定位成功。定位方式：xpath,使用的值：//div[@class='ant-modal-footer']/button
2020-11-16 17:06:14,839 - root - INFO - 点击元素成功
2020-11-16 17:06:16,840 - root - INFO - 暂停2秒
2020-11-16 17:06:16,850 - root - INFO - 元素定位成功。定位方式：xpath,使用的值：//div[@class='ant-message-custom-content ant-message-info']/span
2020-11-16 17:06:16,861 - root - INFO - 获取元素('xpath', "//div[@class='ant-message-custom-content ant-message-info']/span")的文本信息为：成功
2020-11-16 17:06:16,862 - root - INFO - 添加自动化测试个人1成功
2020-11-16 17:06:16,865 - root - INFO - ------------------添加个人会员------------------
2020-11-16 17:06:16,871 - root - INFO - 元素定位成功。定位方式：xpath,使用的值：//button[3]
2020-11-16 17:06:17,237 - root - INFO - 点击元素成功
2020-11-16 17:06:17,257 - root - INFO - 元素定位成功。定位方式：css,使用的值：[placeholder='请输入名字']
2020-11-16 17:06:17,287 - root - INFO - 清空成功
2020-11-16 17:06:17,303 - root - INFO - 元素定位成功。定位方式：css,使用的值：[placeholder='请输入名字']
2020-11-16 17:06:17,458 - root - INFO - 输入的内容：自动化测试个人2
2020-11-16 17:06:17,478 - root - INFO - 元素定位成功。定位方式：id,使用的值：coordinated_saveParam.telephone
2020-11-16 17:06:17,503 - root - INFO - 清空成功
2020-11-16 17:06:17,517 - root - INFO - 元素定位成功。定位方式：id,使用的值：coordinated_saveParam.telephone
2020-11-16 17:06:17,662 - root - INFO - 输入的内容：15000000002
2020-11-16 17:06:17,670 - root - INFO - 元素定位成功。定位方式：xpath,使用的值：//div[@class='ant-modal-footer']/button
2020-11-16 17:06:18,218 - root - INFO - 点击元素成功
2020-11-16 17:06:20,219 - root - INFO - 暂停2秒
2020-11-16 17:06:20,226 - root - INFO - 元素定位成功。定位方式：xpath,使用的值：//div[@class='ant-message-custom-content ant-message-info']/span
2020-11-16 17:06:20,238 - root - INFO - 获取元素('xpath', "//div[@class='ant-message-custom-content ant-message-info']/span")的文本信息为：成功
2020-11-16 17:06:20,238 - root - INFO - 添加自动化测试个人2成功
2020-11-16 17:06:20,249 - root - INFO - 元素定位成功。定位方式：xpath,使用的值：//*[text()='车队管理']
2020-11-16 17:06:20,554 - root - INFO - 点击元素成功
2020-11-16 17:06:20,615 - root - INFO - 元素定位成功。定位方式：link,使用的值：车队管理
2020-11-16 17:06:21,345 - root - INFO - 点击元素成功
2020-11-16 17:06:21,347 - root - INFO - ------------------添加车队-------------------
2020-11-16 17:06:21,400 - root - INFO - 元素定位成功。定位方式：link,使用的值：车队管理
2020-11-16 17:06:21,636 - root - INFO - 点击元素成功
2020-11-16 17:06:21,643 - root - INFO - 元素定位成功。定位方式：xpath,使用的值：//button[3]
2020-11-16 17:06:21,988 - root - INFO - 点击元素成功
2020-11-16 17:06:22,000 - root - INFO - 元素定位成功。定位方式：css,使用的值：[placeholder='请输入名字']
2020-11-16 17:06:22,009 - root - INFO - 清空成功
2020-11-16 17:06:22,016 - root - INFO - 元素定位成功。定位方式：css,使用的值：[placeholder='请输入名字']
2020-11-16 17:06:22,160 - root - INFO - 输入的内容：自动化测试车队1
2020-11-16 17:06:22,175 - root - INFO - 元素定位成功。定位方式：id,使用的值：coordinated_saveParam.telephone
2020-11-16 17:06:22,184 - root - INFO - 清空成功
2020-11-16 17:06:22,191 - root - INFO - 元素定位成功。定位方式：id,使用的值：coordinated_saveParam.telephone
2020-11-16 17:06:22,356 - root - INFO - 输入的内容：15000000003
2020-11-16 17:06:22,364 - root - INFO - 元素定位成功。定位方式：xpath,使用的值：//div[@class='ant-modal-footer']/button
2020-11-16 17:06:22,769 - root - INFO - 点击元素成功
2020-11-16 17:06:24,770 - root - INFO - 暂停2秒
2020-11-16 17:06:24,777 - root - INFO - 元素定位成功。定位方式：xpath,使用的值：//div[@class='ant-message-custom-content ant-message-info']/span
2020-11-16 17:06:24,786 - root - INFO - 获取元素('xpath', "//div[@class='ant-message-custom-content ant-message-info']/span")的文本信息为：成功
2020-11-16 17:06:24,787 - root - INFO - 添加自动化测试车队1成功
2020-11-16 17:06:24,790 - root - INFO - ------------------添加车队-------------------
2020-11-16 17:06:24,832 - root - INFO - 元素定位成功。定位方式：link,使用的值：车队管理
2020-11-16 17:06:25,073 - root - INFO - 点击元素成功
2020-11-16 17:06:25,081 - root - INFO - 元素定位成功。定位方式：xpath,使用的值：//button[3]
2020-11-16 17:06:25,432 - root - INFO - 点击元素成功
2020-11-16 17:06:25,438 - root - INFO - 元素定位成功。定位方式：css,使用的值：[placeholder='请输入名字']
2020-11-16 17:06:25,462 - root - INFO - 清空成功
2020-11-16 17:06:25,468 - root - INFO - 元素定位成功。定位方式：css,使用的值：[placeholder='请输入名字']
2020-11-16 17:06:25,637 - root - INFO - 输入的内容：自动化测试车队2
2020-11-16 17:06:25,655 - root - INFO - 元素定位成功。定位方式：id,使用的值：coordinated_saveParam.telephone
2020-11-16 17:06:25,688 - root - INFO - 清空成功
2020-11-16 17:06:25,700 - root - INFO - 元素定位成功。定位方式：id,使用的值：coordinated_saveParam.telephone
2020-11-16 17:06:25,853 - root - INFO - 输入的内容：15000000004
2020-11-16 17:06:25,868 - root - INFO - 元素定位成功。定位方式：xpath,使用的值：//div[@class='ant-modal-footer']/button
2020-11-16 17:06:26,300 - root - INFO - 点击元素成功
2020-11-16 17:06:28,300 - root - INFO - 暂停2秒
2020-11-16 17:06:28,307 - root - INFO - 元素定位成功。定位方式：xpath,使用的值：//div[@class='ant-message-custom-content ant-message-info']/span
2020-11-16 17:06:28,319 - root - INFO - 获取元素('xpath', "//div[@class='ant-message-custom-content ant-message-info']/span")的文本信息为：成功
2020-11-16 17:06:28,320 - root - INFO - 添加自动化测试车队2成功
