2021-06-30 10:34:57,408 - INFO - 启动Chrome浏览器
2021-06-30 10:34:57,949 - INFO - 打开链接：https://ykpre.theali.cn/
2021-06-30 10:34:57,952 - INFO - 隐式等待20秒
2021-06-30 10:34:58,066 - INFO - 窗口最大化
2021-06-30 10:34:58,117 - INFO - 点击元素成功
2021-06-30 10:34:58,229 - INFO - 输入的内容：18588671117
2021-06-30 10:34:58,311 - INFO - 输入的内容：18588671117
2021-06-30 10:34:58,352 - INFO - 点击元素成功
2021-06-30 10:35:19,898 - INFO - 点击元素成功
2021-06-30 10:35:19,925 - INFO - 获取元素('css', '.shop-info')的文本信息为：小程序名称：美家咖  小程序二维码
2021-06-30 10:35:19,926 - INFO - 登录成功
2021-06-30 10:35:19,979 - INFO - 点击元素成功
2021-06-30 10:35:19,979 - INFO - 展开系统设置菜单
2021-06-30 10:35:20,157 - INFO - 点击元素成功
2021-06-30 10:35:40,222 - ERROR - 报错信息：Message: no such element: Unable to locate element: {"method":"xpath","selector":"//div[@class='widget-app-board-info']/h3"}
  (Session info: chrome=91.0.4472.124)

2021-06-30 10:35:40,223 - ERROR - 获取元素('xpath', "//div[@class='widget-app-board-info']/h3")的文本信息错误,'NoneType' object has no attribute 'text'
2021-06-30 10:35:40,228 - ERROR - 用例test_Authorization_Settings不通过:assert None == '您已授权以下小程序给营客智能导购系统'
2021-06-30 10:43:20,470 - INFO - 启动Chrome浏览器
2021-06-30 10:43:20,979 - INFO - 打开链接：https://ykpre.theali.cn/
2021-06-30 10:43:20,980 - INFO - 隐式等待20秒
2021-06-30 10:43:21,095 - INFO - 窗口最大化
2021-06-30 10:43:21,140 - INFO - 点击元素成功
2021-06-30 10:43:21,255 - INFO - 输入的内容：18588671117
2021-06-30 10:43:21,333 - INFO - 输入的内容：18588671117
2021-06-30 10:43:21,372 - INFO - 点击元素成功
2021-06-30 10:43:40,457 - INFO - 点击元素成功
2021-06-30 10:43:40,482 - INFO - 获取元素('css', '.shop-info')的文本信息为：小程序名称：美家咖  小程序二维码
2021-06-30 10:43:40,483 - INFO - 登录成功
2021-06-30 10:43:40,572 - INFO - 点击元素成功
2021-06-30 10:43:40,572 - INFO - 展开系统设置菜单
2021-06-30 10:43:40,976 - INFO - 点击元素成功
2021-06-30 10:44:00,985 - ERROR - 报错信息：Message: no such element: Unable to locate element: {"method":"css selector","selector":".el-tabs__item is-active"}
  (Session info: chrome=91.0.4472.124)

2021-06-30 10:44:00,986 - ERROR - 获取元素('css', '.el-tabs__item is-active')的文本信息错误,'NoneType' object has no attribute 'text'
2021-06-30 10:44:00,988 - ERROR - 用例test_functionSetting不通过:assert None == '功能管理'
2021-06-30 10:54:49,045 - INFO - 启动Chrome浏览器
2021-06-30 10:54:50,699 - INFO - 打开链接：https://ykpre.theali.cn/
2021-06-30 10:54:50,701 - INFO - 隐式等待20秒
2021-06-30 10:54:50,822 - INFO - 窗口最大化
2021-06-30 10:54:50,866 - INFO - 点击元素成功
2021-06-30 10:54:50,930 - INFO - 输入的内容：18588671117
2021-06-30 10:54:50,992 - INFO - 输入的内容：18588671117
2021-06-30 10:54:51,034 - INFO - 点击元素成功
2021-06-30 10:55:11,285 - INFO - 点击元素成功
2021-06-30 10:55:11,287 - ERROR - 获取元素('css', '.shop-info')的文本信息错误,Message: no such window: target window already closed
from unknown error: web view not found
  (Session info: chrome=91.0.4472.124)

2021-06-30 10:55:11,288 - ERROR - 登录失败
2021-06-30 10:55:27,395 - INFO - 启动Chrome浏览器
2021-06-30 10:55:28,520 - INFO - 打开链接：https://ykpre.theali.cn/
2021-06-30 10:55:28,523 - INFO - 隐式等待20秒
2021-06-30 10:55:28,639 - INFO - 窗口最大化
2021-06-30 10:55:28,652 - DEBUG - 元素定位成功。定位方式：xpath,使用的值：//span[text()='我是管理员']
2021-06-30 10:55:28,684 - INFO - 点击元素成功
2021-06-30 10:55:28,696 - DEBUG - 元素定位成功。定位方式：id,使用的值：phoneNumber
2021-06-30 10:55:28,803 - INFO - 输入的内容：18588671117
2021-06-30 10:55:28,813 - DEBUG - 元素定位成功。定位方式：id,使用的值：passwd
2021-06-30 10:55:28,885 - INFO - 输入的内容：18588671117
2021-06-30 10:55:28,896 - DEBUG - 元素定位成功。定位方式：id,使用的值：login_btn
2021-06-30 10:55:28,927 - INFO - 点击元素成功
2021-06-30 10:55:29,117 - DEBUG - 元素定位成功。定位方式：xpath,使用的值：//h3[text()='美家咖']
2021-06-30 10:56:00,664 - INFO - 点击元素成功
2021-06-30 10:56:00,676 - DEBUG - 元素定位成功。定位方式：css,使用的值：.shop-info
2021-06-30 10:56:00,698 - INFO - 获取元素('css', '.shop-info')的文本信息为：小程序名称：美家咖  小程序二维码
2021-06-30 10:56:00,699 - INFO - 登录成功
2021-06-30 10:56:00,710 - DEBUG - 元素定位成功。定位方式：xpath,使用的值：//div[contains(text(),'系统设置')]
2021-06-30 10:56:00,751 - INFO - 点击元素成功
2021-06-30 10:56:00,752 - INFO - 展开系统设置菜单
2021-06-30 10:56:00,763 - DEBUG - 元素定位成功。定位方式：xpath,使用的值：//li[contains(text(),'小程序设置')]
2021-06-30 10:56:00,928 - INFO - 点击元素成功
2021-06-30 10:56:00,943 - DEBUG - 元素定位成功。定位方式：css,使用的值：.el-tabs__item.is-active
2021-06-30 10:56:00,956 - INFO - 获取元素('css', '.el-tabs__item.is-active')的文本信息为：小程序设置
2021-06-30 10:56:00,956 - INFO - 用例test_miniProgram_setting通过
2021-06-30 10:56:00,969 - DEBUG - 元素定位成功。定位方式：xpath,使用的值：//li[contains(text(),'授权配置')]
2021-06-30 10:56:01,066 - INFO - 点击元素成功
2021-06-30 10:56:21,124 - ERROR - 报错信息：Message: no such element: Unable to locate element: {"method":"xpath","selector":"//li[contains(text(),'底部栏配置')]"}
  (Session info: chrome=91.0.4472.124)

2021-06-30 10:56:21,125 - ERROR - 'NoneType' object has no attribute 'is_displayed'
2021-06-30 10:56:21,125 - ERROR - 点击元素失败'NoneType' object has no attribute 'click'
2021-06-30 10:56:21,220 - DEBUG - 元素定位成功。定位方式：xpath,使用的值：//li[contains(text(),'权限管理')]
2021-06-30 10:56:21,316 - INFO - 点击元素成功
2021-06-30 10:56:41,323 - ERROR - 报错信息：Message: no such element: Unable to locate element: {"method":"css selector","selector":".el-tabs__item is-active"}
  (Session info: chrome=91.0.4472.124)

2021-06-30 10:56:41,323 - ERROR - 获取元素('css', '.el-tabs__item is-active')的文本信息错误,'NoneType' object has no attribute 'text'
2021-06-30 10:56:41,324 - ERROR - 用例test_permissions_Management不通过:assert None == '权限管理'
2021-06-30 10:56:41,339 - DEBUG - 元素定位成功。定位方式：xpath,使用的值：//li[contains(text(),'发布管理')]
2021-06-30 10:56:41,441 - INFO - 点击元素成功
2021-06-30 10:57:01,453 - ERROR - 报错信息：Message: no such element: Unable to locate element: {"method":"css selector","selector":".el-tabs__item is-active"}
  (Session info: chrome=91.0.4472.124)

2021-06-30 10:57:01,455 - ERROR - 获取元素('css', '.el-tabs__item is-active')的文本信息错误,'NoneType' object has no attribute 'text'
2021-06-30 10:57:01,457 - ERROR - 用例test_releaseManagement不通过:assert None == '发布管理'
2021-06-30 10:57:01,485 - DEBUG - 元素定位成功。定位方式：xpath,使用的值：//li[contains(text(),'微信公众号对接')]
2021-06-30 10:57:01,589 - INFO - 点击元素成功
2021-06-30 10:58:01,025 - INFO - 启动Chrome浏览器
2021-06-30 10:58:01,531 - INFO - 打开链接：https://ykpre.theali.cn/
2021-06-30 10:58:01,532 - INFO - 隐式等待20秒
2021-06-30 10:58:01,645 - INFO - 窗口最大化
2021-06-30 10:58:01,657 - DEBUG - 元素定位成功。定位方式：xpath,使用的值：//span[text()='我是管理员']
2021-06-30 10:58:01,694 - INFO - 点击元素成功
2021-06-30 10:58:01,705 - DEBUG - 元素定位成功。定位方式：id,使用的值：phoneNumber
2021-06-30 10:58:01,802 - INFO - 输入的内容：18588671117
2021-06-30 10:58:01,812 - DEBUG - 元素定位成功。定位方式：id,使用的值：passwd
2021-06-30 10:58:01,881 - INFO - 输入的内容：18588671117
2021-06-30 10:58:01,891 - DEBUG - 元素定位成功。定位方式：id,使用的值：login_btn
2021-06-30 10:58:01,921 - INFO - 点击元素成功
2021-06-30 10:58:02,105 - DEBUG - 元素定位成功。定位方式：xpath,使用的值：//h3[text()='美家咖']
2021-06-30 10:58:15,245 - INFO - 点击元素成功
2021-06-30 10:58:15,247 - ERROR - 获取元素('css', '.shop-info')的文本信息错误,Message: no such window: target window already closed
from unknown error: web view not found
  (Session info: chrome=91.0.4472.124)

2021-06-30 10:58:15,248 - ERROR - 登录失败
2021-06-30 10:58:57,551 - INFO - 启动Chrome浏览器
2021-06-30 10:58:58,052 - INFO - 打开链接：https://ykpre.theali.cn/
2021-06-30 10:58:58,054 - INFO - 隐式等待20秒
2021-06-30 10:58:58,170 - INFO - 窗口最大化
2021-06-30 10:58:58,182 - DEBUG - 元素定位成功。定位方式：xpath,使用的值：//span[text()='我是管理员']
2021-06-30 10:58:58,217 - INFO - 点击元素成功
2021-06-30 10:58:58,229 - DEBUG - 元素定位成功。定位方式：id,使用的值：phoneNumber
2021-06-30 10:58:58,327 - INFO - 输入的内容：18588671117
2021-06-30 10:58:58,338 - DEBUG - 元素定位成功。定位方式：id,使用的值：passwd
2021-06-30 10:58:58,407 - INFO - 输入的内容：18588671117
2021-06-30 10:58:58,417 - DEBUG - 元素定位成功。定位方式：id,使用的值：login_btn
2021-06-30 10:58:58,447 - INFO - 点击元素成功
2021-06-30 10:58:58,625 - DEBUG - 元素定位成功。定位方式：xpath,使用的值：//h3[text()='美家咖']
2021-06-30 10:59:16,916 - INFO - 点击元素成功
2021-06-30 10:59:16,930 - DEBUG - 元素定位成功。定位方式：css,使用的值：.shop-info
2021-06-30 10:59:16,946 - INFO - 获取元素('css', '.shop-info')的文本信息为：小程序名称：美家咖  小程序二维码
2021-06-30 10:59:16,946 - INFO - 登录成功
2021-06-30 10:59:16,960 - DEBUG - 元素定位成功。定位方式：xpath,使用的值：//div[contains(text(),'系统设置')]
2021-06-30 10:59:17,001 - INFO - 点击元素成功
2021-06-30 10:59:17,002 - INFO - 展开系统设置菜单
2021-06-30 10:59:17,017 - DEBUG - 元素定位成功。定位方式：xpath,使用的值：//li[contains(text(),'小程序设置')]
2021-06-30 10:59:17,140 - INFO - 点击元素成功
2021-06-30 10:59:17,152 - DEBUG - 元素定位成功。定位方式：css,使用的值：.el-tabs__item.is-active
2021-06-30 10:59:17,166 - INFO - 获取元素('css', '.el-tabs__item.is-active')的文本信息为：小程序设置
2021-06-30 10:59:17,166 - INFO - 用例test_miniProgram_setting通过
2021-06-30 10:59:17,180 - DEBUG - 元素定位成功。定位方式：xpath,使用的值：//li[contains(text(),'授权配置')]
2021-06-30 10:59:17,266 - INFO - 点击元素成功
2021-06-30 10:59:17,281 - DEBUG - 元素定位成功。定位方式：xpath,使用的值：//li[contains(text(),'功能设置')]
2021-06-30 10:59:17,480 - INFO - 点击元素成功
2021-06-30 10:59:37,557 - ERROR - 报错信息：Message: no such element: Unable to locate element: {"method":"css selector","selector":".el-tabs__item is-active"}
  (Session info: chrome=91.0.4472.124)

2021-06-30 10:59:37,558 - ERROR - 获取元素('css', '.el-tabs__item is-active')的文本信息错误,'NoneType' object has no attribute 'text'
2021-06-30 10:59:37,559 - ERROR - 用例test_functionSetting不通过:assert None == '底部栏配置'
2021-06-30 10:59:37,654 - DEBUG - 元素定位成功。定位方式：xpath,使用的值：//li[contains(text(),'权限管理')]
2021-06-30 10:59:37,736 - INFO - 点击元素成功
2021-06-30 10:59:57,746 - ERROR - 报错信息：Message: no such element: Unable to locate element: {"method":"css selector","selector":".el-tabs__item is-active"}
  (Session info: chrome=91.0.4472.124)

2021-06-30 10:59:57,746 - ERROR - 获取元素('css', '.el-tabs__item is-active')的文本信息错误,'NoneType' object has no attribute 'text'
2021-06-30 10:59:57,748 - ERROR - 用例test_permissions_Management不通过:assert None == '权限管理'
2021-06-30 10:59:57,766 - DEBUG - 元素定位成功。定位方式：xpath,使用的值：//li[contains(text(),'发布管理')]
2021-06-30 10:59:57,850 - INFO - 点击元素成功
2021-06-30 11:00:17,872 - ERROR - 报错信息：Message: no such element: Unable to locate element: {"method":"css selector","selector":".el-tabs__item is-active"}
  (Session info: chrome=91.0.4472.124)

2021-06-30 11:00:17,872 - ERROR - 获取元素('css', '.el-tabs__item is-active')的文本信息错误,'NoneType' object has no attribute 'text'
2021-06-30 11:00:17,873 - ERROR - 用例test_releaseManagement不通过:assert None == '发布管理'
2021-06-30 11:00:17,887 - DEBUG - 元素定位成功。定位方式：xpath,使用的值：//li[contains(text(),'微信公众号对接')]
2021-06-30 11:00:17,982 - INFO - 点击元素成功
2021-06-30 11:00:25,647 - DEBUG - 元素定位成功。定位方式：css,使用的值：.el-tabs__item is-active
2021-06-30 11:00:25,648 - ERROR - 获取元素('css', '.el-tabs__item is-active')的文本信息错误,'NoneType' object has no attribute 'text'
2021-06-30 11:00:25,649 - ERROR - 用例test_wechatDocking不通过:assert None == '公众号配置'
2021-06-30 11:00:29,270 - INFO - 启动Chrome浏览器
2021-06-30 11:00:29,758 - INFO - 打开链接：https://ykpre.theali.cn/
2021-06-30 11:00:29,760 - INFO - 隐式等待20秒
2021-06-30 11:00:29,875 - INFO - 窗口最大化
2021-06-30 11:00:29,887 - DEBUG - 元素定位成功。定位方式：xpath,使用的值：//span[text()='我是管理员']
2021-06-30 11:00:29,920 - INFO - 点击元素成功
2021-06-30 11:00:29,933 - DEBUG - 元素定位成功。定位方式：id,使用的值：phoneNumber
2021-06-30 11:00:30,047 - INFO - 输入的内容：18588671117
2021-06-30 11:00:30,057 - DEBUG - 元素定位成功。定位方式：id,使用的值：passwd
2021-06-30 11:00:30,136 - INFO - 输入的内容：18588671117
2021-06-30 11:00:30,146 - DEBUG - 元素定位成功。定位方式：id,使用的值：login_btn
2021-06-30 11:00:30,176 - INFO - 点击元素成功
2021-06-30 11:00:30,365 - DEBUG - 元素定位成功。定位方式：xpath,使用的值：//h3[text()='美家咖']
2021-06-30 11:00:48,591 - INFO - 点击元素成功
2021-06-30 11:00:48,606 - DEBUG - 元素定位成功。定位方式：css,使用的值：.shop-info
2021-06-30 11:00:48,622 - INFO - 获取元素('css', '.shop-info')的文本信息为：小程序名称：美家咖  小程序二维码
2021-06-30 11:00:48,622 - INFO - 登录成功
2021-06-30 11:00:48,636 - DEBUG - 元素定位成功。定位方式：xpath,使用的值：//div[contains(text(),'系统设置')]
2021-06-30 11:00:48,679 - INFO - 点击元素成功
2021-06-30 11:00:48,679 - INFO - 展开系统设置菜单
2021-06-30 11:00:48,694 - DEBUG - 元素定位成功。定位方式：xpath,使用的值：//li[contains(text(),'小程序设置')]
2021-06-30 11:00:48,859 - INFO - 点击元素成功
2021-06-30 11:00:48,875 - DEBUG - 元素定位成功。定位方式：css,使用的值：.el-tabs__item.is-active
2021-06-30 11:00:48,888 - INFO - 获取元素('css', '.el-tabs__item.is-active')的文本信息为：小程序设置
2021-06-30 11:00:48,889 - INFO - 用例test_miniProgram_setting通过
2021-06-30 11:00:48,903 - DEBUG - 元素定位成功。定位方式：xpath,使用的值：//li[contains(text(),'授权配置')]
2021-06-30 11:00:48,992 - INFO - 点击元素成功
2021-06-30 11:00:49,010 - DEBUG - 元素定位成功。定位方式：xpath,使用的值：//li[contains(text(),'功能设置')]
2021-06-30 11:00:49,212 - INFO - 点击元素成功
2021-06-30 11:00:49,239 - DEBUG - 元素定位成功。定位方式：css,使用的值：.el-tabs__item.is-active
2021-06-30 11:00:49,257 - INFO - 获取元素('css', '.el-tabs__item.is-active')的文本信息为：底部栏配置
2021-06-30 11:00:49,257 - INFO - 用例test_functionSetting通过
2021-06-30 11:00:49,278 - DEBUG - 元素定位成功。定位方式：xpath,使用的值：//li[contains(text(),'权限管理')]
2021-06-30 11:00:49,428 - INFO - 点击元素成功
2021-06-30 11:00:49,436 - DEBUG - 元素定位成功。定位方式：css,使用的值：.el-tabs__item.is-active
2021-06-30 11:00:49,449 - INFO - 获取元素('css', '.el-tabs__item.is-active')的文本信息为：权限管理
2021-06-30 11:00:49,449 - INFO - 用例test_permissions_Management通过
2021-06-30 11:00:49,463 - DEBUG - 元素定位成功。定位方式：xpath,使用的值：//li[contains(text(),'发布管理')]
2021-06-30 11:00:49,524 - INFO - 点击元素成功
2021-06-30 11:00:49,533 - DEBUG - 元素定位成功。定位方式：css,使用的值：.el-tabs__item.is-active
2021-06-30 11:00:49,544 - INFO - 获取元素('css', '.el-tabs__item.is-active')的文本信息为：发布管理
2021-06-30 11:00:49,544 - INFO - 用例test_releaseManagement通过
2021-06-30 11:00:49,555 - DEBUG - 元素定位成功。定位方式：xpath,使用的值：//li[contains(text(),'微信公众号对接')]
2021-06-30 11:00:49,610 - INFO - 点击元素成功
2021-06-30 11:00:49,620 - DEBUG - 元素定位成功。定位方式：css,使用的值：.el-tabs__item.is-active
2021-06-30 11:00:49,633 - INFO - 获取元素('css', '.el-tabs__item.is-active')的文本信息为：公众号配置
2021-06-30 11:00:49,634 - INFO - 用例test_wechatDocking通过
2021-06-30 11:00:49,646 - DEBUG - 元素定位成功。定位方式：xpath,使用的值：//li[contains(text(),'名片样式设置')]
2021-06-30 11:00:49,702 - INFO - 点击元素成功
2021-06-30 11:00:49,716 - DEBUG - 元素定位成功。定位方式：css,使用的值：.section-header
2021-06-30 11:00:49,728 - INFO - 获取元素('css', '.section-header')的文本信息为：名片信息
2021-06-30 11:00:49,728 - INFO - 用例test_card_style_Settings通过
2021-06-30 11:00:49,740 - DEBUG - 元素定位成功。定位方式：xpath,使用的值：//li[contains(text(),'名片拓展字段')]
2021-06-30 11:00:49,776 - INFO - 点击元素成功
2021-06-30 11:00:49,787 - DEBUG - 元素定位成功。定位方式：css,使用的值：.section-header
2021-06-30 11:00:49,801 - INFO - 获取元素('css', '.section-header')的文本信息为：名片拓展字段
2021-06-30 11:00:49,801 - INFO - 用例test_card_expansion_field通过
2021-06-30 11:00:49,814 - DEBUG - 元素定位成功。定位方式：xpath,使用的值：//li[contains(text(),'订阅消息管理')]
2021-06-30 11:00:49,852 - INFO - 点击元素成功
2021-06-30 11:05:52,749 - INFO - 启动Chrome浏览器
2021-06-30 11:05:53,264 - INFO - 打开链接：https://ykpre.theali.cn/
2021-06-30 11:05:53,266 - INFO - 隐式等待20秒
2021-06-30 11:05:53,381 - INFO - 窗口最大化
2021-06-30 11:05:53,397 - DEBUG - 元素定位成功。定位方式：xpath,使用的值：//span[text()='我是管理员']
2021-06-30 11:05:53,440 - INFO - 点击元素成功
2021-06-30 11:05:53,450 - DEBUG - 元素定位成功。定位方式：id,使用的值：phoneNumber
2021-06-30 11:05:53,561 - INFO - 输入的内容：18588671117
2021-06-30 11:05:53,572 - DEBUG - 元素定位成功。定位方式：id,使用的值：passwd
2021-06-30 11:05:53,644 - INFO - 输入的内容：18588671117
2021-06-30 11:05:53,654 - DEBUG - 元素定位成功。定位方式：id,使用的值：login_btn
2021-06-30 11:05:53,685 - INFO - 点击元素成功
2021-06-30 11:05:53,881 - DEBUG - 元素定位成功。定位方式：xpath,使用的值：//h3[text()='美家咖']
2021-06-30 11:06:27,986 - INFO - 启动Chrome浏览器
2021-06-30 11:06:28,478 - INFO - 打开链接：https://ykpre.theali.cn/
2021-06-30 11:06:28,479 - INFO - 隐式等待20秒
2021-06-30 11:06:28,593 - INFO - 窗口最大化
2021-06-30 11:06:28,607 - DEBUG - 元素定位成功。定位方式：xpath,使用的值：//span[text()='我是管理员']
2021-06-30 11:06:28,647 - INFO - 点击元素成功
2021-06-30 11:06:28,660 - DEBUG - 元素定位成功。定位方式：id,使用的值：phoneNumber
2021-06-30 11:06:28,775 - INFO - 输入的内容：18588671117
2021-06-30 11:06:28,785 - DEBUG - 元素定位成功。定位方式：id,使用的值：passwd
2021-06-30 11:06:28,853 - INFO - 输入的内容：18588671117
2021-06-30 11:06:28,863 - DEBUG - 元素定位成功。定位方式：id,使用的值：login_btn
2021-06-30 11:06:28,892 - INFO - 点击元素成功
2021-06-30 11:06:29,079 - DEBUG - 元素定位成功。定位方式：xpath,使用的值：//h3[text()='美家咖']
2021-06-30 11:06:48,032 - INFO - 点击元素成功
2021-06-30 11:06:48,048 - DEBUG - 元素定位成功。定位方式：css,使用的值：.shop-info
2021-06-30 11:06:48,062 - INFO - 获取元素('css', '.shop-info')的文本信息为：小程序名称：美家咖  小程序二维码
2021-06-30 11:06:48,063 - INFO - 登录成功
2021-06-30 11:06:48,075 - DEBUG - 元素定位成功。定位方式：xpath,使用的值：//div[contains(text(),'系统设置')]
2021-06-30 11:06:48,111 - INFO - 点击元素成功
2021-06-30 11:06:48,112 - INFO - 展开系统设置菜单
2021-06-30 11:06:48,124 - DEBUG - 元素定位成功。定位方式：xpath,使用的值：//li[contains(text(),'小程序设置')]
2021-06-30 11:06:48,225 - INFO - 点击元素成功
2021-06-30 11:06:48,240 - DEBUG - 元素定位成功。定位方式：css,使用的值：.el-tabs__item.is-active
2021-06-30 11:06:48,253 - INFO - 获取元素('css', '.el-tabs__item.is-active')的文本信息为：小程序设置
2021-06-30 11:06:48,253 - INFO - 用例test_miniProgram_setting通过
2021-06-30 11:06:48,266 - DEBUG - 元素定位成功。定位方式：xpath,使用的值：//li[contains(text(),'授权配置')]
2021-06-30 11:06:48,329 - INFO - 点击元素成功
2021-06-30 11:06:48,344 - DEBUG - 元素定位成功。定位方式：xpath,使用的值：//li[contains(text(),'功能设置')]
2021-06-30 11:06:48,542 - INFO - 点击元素成功
2021-06-30 11:06:48,556 - DEBUG - 元素定位成功。定位方式：css,使用的值：.el-tabs__item.is-active
2021-06-30 11:06:48,573 - INFO - 获取元素('css', '.el-tabs__item.is-active')的文本信息为：底部栏配置
2021-06-30 11:06:48,573 - INFO - 用例test_functionSetting通过
2021-06-30 11:06:48,635 - DEBUG - 元素定位成功。定位方式：xpath,使用的值：//li[contains(text(),'权限管理')]
2021-06-30 11:06:48,700 - INFO - 点击元素成功
2021-06-30 11:06:48,709 - DEBUG - 元素定位成功。定位方式：css,使用的值：.el-tabs__item.is-active
2021-06-30 11:06:48,724 - INFO - 获取元素('css', '.el-tabs__item.is-active')的文本信息为：权限管理
2021-06-30 11:06:48,724 - INFO - 用例test_permissions_Management通过
2021-06-30 11:06:48,738 - DEBUG - 元素定位成功。定位方式：xpath,使用的值：//li[contains(text(),'发布管理')]
2021-06-30 11:06:48,801 - INFO - 点击元素成功
2021-06-30 11:06:48,810 - DEBUG - 元素定位成功。定位方式：css,使用的值：.el-tabs__item.is-active
2021-06-30 11:06:48,823 - INFO - 获取元素('css', '.el-tabs__item.is-active')的文本信息为：发布管理
2021-06-30 11:06:48,823 - INFO - 用例test_releaseManagement通过
2021-06-30 11:06:48,836 - DEBUG - 元素定位成功。定位方式：xpath,使用的值：//li[contains(text(),'微信公众号对接')]
2021-06-30 11:06:48,891 - INFO - 点击元素成功
2021-06-30 11:06:48,903 - DEBUG - 元素定位成功。定位方式：css,使用的值：.el-tabs__item.is-active
2021-06-30 11:06:48,914 - INFO - 获取元素('css', '.el-tabs__item.is-active')的文本信息为：公众号配置
2021-06-30 11:06:48,915 - INFO - 用例test_wechatDocking通过
2021-06-30 11:06:48,927 - DEBUG - 元素定位成功。定位方式：xpath,使用的值：//li[contains(text(),'名片样式设置')]
2021-06-30 11:06:48,972 - INFO - 点击元素成功
2021-06-30 11:06:48,987 - DEBUG - 元素定位成功。定位方式：css,使用的值：.section-header
2021-06-30 11:06:48,999 - INFO - 获取元素('css', '.section-header')的文本信息为：名片信息
2021-06-30 11:06:48,999 - INFO - 用例test_card_style_Settings通过
2021-06-30 11:06:49,012 - DEBUG - 元素定位成功。定位方式：xpath,使用的值：//li[contains(text(),'名片拓展字段')]
2021-06-30 11:06:49,070 - INFO - 点击元素成功
2021-06-30 11:06:49,080 - DEBUG - 元素定位成功。定位方式：css,使用的值：.section-header
2021-06-30 11:06:49,095 - INFO - 获取元素('css', '.section-header')的文本信息为：名片拓展字段
2021-06-30 11:06:49,099 - ERROR - 用例test_card_expansion_field不通过:assert '名片拓展字段' == '名片拓展字'
  - 名片拓展字
  + 名片拓展字段
  ?      +
2021-06-30 11:06:49,204 - DEBUG - 元素定位成功。定位方式：xpath,使用的值：//li[contains(text(),'订阅消息管理')]
2021-06-30 11:06:49,241 - INFO - 点击元素成功
2021-06-30 11:51:36,136 - INFO - 启动Chrome浏览器
2021-06-30 11:51:37,201 - INFO - 打开链接：https://ykpre.theali.cn/
2021-06-30 11:51:37,203 - INFO - 隐式等待20秒
2021-06-30 11:51:37,320 - INFO - 窗口最大化
2021-06-30 11:51:37,333 - DEBUG - 元素定位成功。定位方式：xpath,使用的值：//span[text()='我是管理员']
2021-06-30 11:51:37,365 - INFO - 点击元素成功
2021-06-30 11:51:37,376 - DEBUG - 元素定位成功。定位方式：id,使用的值：phoneNumber
2021-06-30 11:51:37,480 - INFO - 输入的内容：18588671117
2021-06-30 11:51:37,491 - DEBUG - 元素定位成功。定位方式：id,使用的值：passwd
2021-06-30 11:51:37,565 - INFO - 输入的内容：18588671117
2021-06-30 11:51:37,576 - DEBUG - 元素定位成功。定位方式：id,使用的值：login_btn
2021-06-30 11:51:37,607 - INFO - 点击元素成功
2021-06-30 11:51:37,790 - DEBUG - 元素定位成功。定位方式：xpath,使用的值：//h3[text()='美家咖']
2021-06-30 11:51:56,759 - INFO - 点击元素成功
2021-06-30 11:51:56,776 - DEBUG - 元素定位成功。定位方式：css,使用的值：.shop-info
2021-06-30 11:51:56,790 - INFO - 获取元素('css', '.shop-info')的文本信息为：小程序名称：美家咖  小程序二维码
2021-06-30 11:51:56,790 - INFO - 登录成功
2021-06-30 11:51:56,802 - DEBUG - 元素定位成功。定位方式：xpath,使用的值：//div[contains(text(),'企业管理')]
2021-06-30 11:51:56,840 - INFO - 点击元素成功
2021-06-30 11:51:56,841 - INFO - 展开企业管理菜单
2021-06-30 11:51:56,856 - DEBUG - 元素定位成功。定位方式：xpath,使用的值：//li[contains(text(),'经销商管理')]
2021-06-30 11:51:56,970 - INFO - 点击元素成功
2021-06-30 11:51:56,984 - DEBUG - 元素定位成功。定位方式：css,使用的值：.section-header
2021-06-30 11:51:56,997 - INFO - 获取元素('css', '.section-header')的文本信息为：经销商管理
2021-06-30 11:51:56,998 - INFO - 用例test_jingxiaoshangguanli通过
2021-06-30 11:51:57,010 - DEBUG - 元素定位成功。定位方式：xpath,使用的值：//li[contains(text(),'员工管理')]
2021-06-30 11:51:57,130 - INFO - 点击元素成功
2021-06-30 11:51:57,140 - DEBUG - 元素定位成功。定位方式：css,使用的值：.section-header
2021-06-30 11:51:57,158 - INFO - 获取元素('css', '.section-header')的文本信息为：员工管理
2021-06-30 11:51:57,158 - INFO - 用例test_yuangongguanli通过
2021-06-30 11:51:57,221 - DEBUG - 元素定位成功。定位方式：xpath,使用的值：//li[contains(text(),'名片管理')]
2021-06-30 11:51:57,370 - INFO - 点击元素成功
2021-06-30 11:51:57,384 - DEBUG - 元素定位成功。定位方式：css,使用的值：.section-header
2021-06-30 11:51:57,397 - INFO - 获取元素('css', '.section-header')的文本信息为：名片管理
2021-06-30 11:51:57,397 - INFO - 用例test_mingpianguanli通过
2021-06-30 11:51:57,409 - DEBUG - 元素定位成功。定位方式：xpath,使用的值：//li[contains(text(),'渠道管理')]
2021-06-30 11:51:57,527 - INFO - 点击元素成功
2021-06-30 11:51:57,535 - DEBUG - 元素定位成功。定位方式：css,使用的值：.section-header
2021-06-30 11:51:57,547 - INFO - 获取元素('css', '.section-header')的文本信息为：渠道管理
2021-06-30 11:51:57,547 - INFO - 用例test_qudaoguanli通过
2021-06-30 11:51:57,559 - DEBUG - 元素定位成功。定位方式：xpath,使用的值：//li[contains(text(),'企业视频管理')]
2021-06-30 11:51:57,630 - INFO - 点击元素成功
2021-06-30 11:51:57,646 - DEBUG - 元素定位成功。定位方式：css,使用的值：.section-header
2021-06-30 11:51:57,659 - INFO - 获取元素('css', '.section-header')的文本信息为：企业视频管理
2021-06-30 11:51:57,659 - INFO - 用例test_qiyeshipingguanli通过
2021-06-30 11:51:57,673 - DEBUG - 元素定位成功。定位方式：xpath,使用的值：//li[contains(text(),'站内信')]
2021-06-30 11:51:57,723 - INFO - 点击元素成功
2021-06-30 11:51:57,732 - DEBUG - 元素定位成功。定位方式：css,使用的值：.section-header
2021-06-30 11:51:57,744 - INFO - 获取元素('css', '.section-header')的文本信息为：基本信息
2021-06-30 11:51:57,745 - INFO - 用例zhanneixin通过
2021-06-30 11:51:57,757 - DEBUG - 元素定位成功。定位方式：xpath,使用的值：//div[contains(text(),'客户管理')]
2021-06-30 11:51:57,797 - INFO - 点击元素成功
2021-06-30 11:51:57,797 - INFO - 展开客户管理菜单
2021-06-30 11:51:57,809 - DEBUG - 元素定位成功。定位方式：xpath,使用的值：//li[contains(text(),'客户数据')]
2021-06-30 11:51:57,950 - INFO - 点击元素成功
2021-06-30 11:51:57,968 - DEBUG - 元素定位成功。定位方式：css,使用的值：.section-header
2021-06-30 11:51:57,986 - INFO - 获取元素('css', '.section-header')的文本信息为：客户资源
2021-06-30 11:51:57,986 - INFO - 用例test_kehushuju通过
2021-06-30 11:51:58,001 - DEBUG - 元素定位成功。定位方式：xpath,使用的值：//li[contains(text(),'微信用户')]
2021-06-30 11:51:58,072 - INFO - 点击元素成功
2021-06-30 11:51:58,088 - DEBUG - 元素定位成功。定位方式：xpath,使用的值：//form[@class='el-form query-form']/div[1]/label
2021-06-30 11:51:58,102 - INFO - 获取元素('xpath', "//form[@class='el-form query-form']/div[1]/label")的文本信息为：微信昵称
2021-06-30 11:51:58,103 - INFO - 用例test_weixinyonghu通过
2021-06-30 11:51:58,133 - DEBUG - 元素定位成功。定位方式：xpath,使用的值：//li[contains(text(),'公海客户')]
2021-06-30 11:51:58,252 - INFO - 点击元素成功
2021-06-30 11:51:58,265 - DEBUG - 元素定位成功。定位方式：class,使用的值：el-tabs__item.is-active
2021-06-30 11:51:58,277 - INFO - 获取元素('class', 'el-tabs__item.is-active')的文本信息为：未分配
2021-06-30 11:51:58,278 - INFO - 用例test_gonghaikehu通过
2021-06-30 11:51:58,301 - DEBUG - 元素定位成功。定位方式：xpath,使用的值：//div[contains(text(),'商品管理')]
2021-06-30 11:51:58,349 - INFO - 点击元素成功
2021-06-30 11:51:58,350 - INFO - 展开商品管理菜单
2021-06-30 11:51:58,362 - DEBUG - 元素定位成功。定位方式：xpath,使用的值：//li[contains(text(),'选品列表')]
2021-06-30 11:51:58,572 - INFO - 点击元素成功
2021-06-30 11:51:58,584 - DEBUG - 元素定位成功。定位方式：xpath,使用的值：//form[@class='el-form query-form']/div[1]/label
2021-06-30 11:51:58,598 - INFO - 获取元素('xpath', "//form[@class='el-form query-form']/div[1]/label")的文本信息为：商品名称
2021-06-30 11:51:58,599 - INFO - 用例test_xuanpinList通过
2021-06-30 11:51:58,611 - DEBUG - 元素定位成功。定位方式：xpath,使用的值：//li[contains(text(),'商品列表')]
2021-06-30 11:51:58,697 - INFO - 点击元素成功
2021-06-30 11:51:58,713 - DEBUG - 元素定位成功。定位方式：xpath,使用的值：//form[@class='el-form query-form']/div[1]/label
2021-06-30 11:51:58,723 - INFO - 获取元素('xpath', "//form[@class='el-form query-form']/div[1]/label")的文本信息为：商品名称
2021-06-30 11:51:58,724 - INFO - 用例test_shangpinList通过
2021-06-30 11:51:58,736 - DEBUG - 元素定位成功。定位方式：xpath,使用的值：//li[contains(text(),'添加分类')]
2021-06-30 11:51:58,793 - INFO - 点击元素成功
2021-06-30 11:51:58,803 - DEBUG - 元素定位成功。定位方式：css,使用的值：.section-header
2021-06-30 11:51:58,817 - INFO - 获取元素('css', '.section-header')的文本信息为：添加分类
2021-06-30 11:51:58,818 - INFO - 用例test_tianjiafenlei通过
2021-06-30 11:51:58,832 - DEBUG - 元素定位成功。定位方式：xpath,使用的值：//li[contains(text(),'分类列表')]
2021-06-30 11:51:58,883 - INFO - 点击元素成功
2021-06-30 11:51:58,899 - DEBUG - 元素定位成功。定位方式：xpath,使用的值：//tr/th[1]
2021-06-30 11:51:58,911 - INFO - 获取元素('xpath', '//tr/th[1]')的文本信息为：类别名称
2021-06-30 11:51:58,912 - INFO - 用例test_classificationList通过
2021-06-30 11:51:58,923 - DEBUG - 元素定位成功。定位方式：xpath,使用的值：//li[contains(text(),'助力重置')]
2021-06-30 11:51:59,008 - INFO - 点击元素成功
2021-06-30 11:51:59,021 - DEBUG - 元素定位成功。定位方式：css,使用的值：.section-header
2021-06-30 11:51:59,035 - INFO - 获取元素('css', '.section-header')的文本信息为：营销管理
2021-06-30 11:51:59,035 - INFO - 用例test_zhulichongzhi通过
2021-06-30 11:51:59,048 - DEBUG - 元素定位成功。定位方式：xpath,使用的值：//li[contains(text(),'评论中心')]
2021-06-30 11:51:59,099 - INFO - 点击元素成功
2021-06-30 11:51:59,108 - DEBUG - 元素定位成功。定位方式：class,使用的值：el-tabs__item.is-active
2021-06-30 11:51:59,120 - INFO - 获取元素('class', 'el-tabs__item.is-active')的文本信息为：基础设置
2021-06-30 11:51:59,120 - INFO - 用例test_pinglunguanli通过
2021-06-30 11:51:59,135 - DEBUG - 元素定位成功。定位方式：xpath,使用的值：//div[contains(text(),'内容管理')]
2021-06-30 11:51:59,167 - INFO - 点击元素成功
2021-06-30 11:51:59,168 - INFO - 展开内容管理菜单
2021-06-30 11:51:59,180 - DEBUG - 元素定位成功。定位方式：xpath,使用的值：//li[contains(text(),'轮播配置')]
2021-06-30 11:51:59,277 - INFO - 点击元素成功
2021-06-30 11:51:59,292 - DEBUG - 元素定位成功。定位方式：xpath,使用的值：//tr/th[1]/div
2021-06-30 11:51:59,305 - INFO - 获取元素('xpath', '//tr/th[1]/div')的文本信息为：入口图片
2021-06-30 11:51:59,306 - INFO - 用例test_lunbopeizhi通过
2021-06-30 11:51:59,318 - DEBUG - 元素定位成功。定位方式：xpath,使用的值：//li[contains(text(),'营销海报')]
2021-06-30 11:51:59,380 - INFO - 点击元素成功
2021-06-30 11:51:59,393 - DEBUG - 元素定位成功。定位方式：xpath,使用的值：//div[@class='button-group']/div[2]/button
2021-06-30 11:51:59,405 - INFO - 获取元素('xpath', "//div[@class='button-group']/div[2]/button")的文本信息为：创建公用模板
2021-06-30 11:51:59,405 - INFO - 用例test_marketingPoster通过
2021-06-30 11:51:59,417 - DEBUG - 元素定位成功。定位方式：xpath,使用的值：//li[contains(text(),'营销海报')]/following-sibling::*[1]
2021-06-30 11:51:59,497 - INFO - 点击元素成功
2021-06-30 11:51:59,505 - DEBUG - 元素定位成功。定位方式：class,使用的值：el-tabs__item.is-active
2021-06-30 11:51:59,519 - INFO - 获取元素('class', 'el-tabs__item.is-active')的文本信息为：帖子管理
2021-06-30 11:51:59,520 - INFO - 用例test_videoManagement通过
2021-06-30 11:51:59,532 - DEBUG - 元素定位成功。定位方式：xpath,使用的值：//li[contains(text(),'VR案例库')]
2021-06-30 11:51:59,610 - INFO - 点击元素成功
2021-06-30 11:51:59,657 - DEBUG - 元素定位成功。定位方式：css,使用的值：.section-header
2021-06-30 11:51:59,709 - INFO - 获取元素('css', '.section-header')的文本信息为：VR案例库
2021-06-30 11:51:59,710 - INFO - 用例test_vrCase通过
2021-06-30 11:51:59,756 - DEBUG - 元素定位成功。定位方式：xpath,使用的值：//li[contains(text(),'直播宣传页面')]
2021-06-30 11:51:59,833 - INFO - 点击元素成功
2021-06-30 11:51:59,844 - DEBUG - 元素定位成功。定位方式：xpath,使用的值：//tr/th[1]/div
2021-06-30 11:51:59,857 - INFO - 获取元素('xpath', '//tr/th[1]/div')的文本信息为：直播间名称
2021-06-30 11:51:59,858 - INFO - 用例test_livePage通过
2021-06-30 11:51:59,872 - DEBUG - 元素定位成功。定位方式：xpath,使用的值：//li[contains(text(),'资讯列表')]
2021-06-30 11:51:59,945 - INFO - 点击元素成功
2021-06-30 11:51:59,954 - DEBUG - 元素定位成功。定位方式：xpath,使用的值：//tr/th[1]/div
2021-06-30 11:51:59,966 - INFO - 获取元素('xpath', '//tr/th[1]/div')的文本信息为：内容标题
2021-06-30 11:51:59,966 - INFO - 用例test_informationList通过
2021-06-30 11:51:59,979 - DEBUG - 元素定位成功。定位方式：xpath,使用的值：//li[contains(text(),'资讯分类')]
2021-06-30 11:52:00,028 - INFO - 点击元素成功
2021-06-30 11:52:00,040 - DEBUG - 元素定位成功。定位方式：xpath,使用的值：//tr/th[1]/div
2021-06-30 11:52:00,052 - INFO - 获取元素('xpath', '//tr/th[1]/div')的文本信息为：类别名称
2021-06-30 11:52:00,053 - INFO - 用例test_informationClassification通过
2021-06-30 11:52:00,067 - DEBUG - 元素定位成功。定位方式：xpath,使用的值：//div[contains(text(),'订单管理')]
2021-06-30 11:52:00,118 - INFO - 点击元素成功
2021-06-30 11:52:00,119 - INFO - 展开订单管理菜单
2021-06-30 11:52:00,133 - DEBUG - 元素定位成功。定位方式：xpath,使用的值：//li[contains(text(),'订单列表')]
2021-06-30 11:52:00,272 - INFO - 点击元素成功
2021-06-30 11:52:00,283 - DEBUG - 元素定位成功。定位方式：css,使用的值：.el-tabs__item.is-active
2021-06-30 11:52:00,300 - INFO - 获取元素('css', '.el-tabs__item.is-active')的文本信息为：订单列表
2021-06-30 11:52:00,301 - INFO - 用例test_orderList通过
2021-06-30 11:52:00,351 - DEBUG - 元素定位成功。定位方式：xpath,使用的值：//li[contains(text(),'退款申请列表')]
2021-06-30 11:52:00,429 - INFO - 点击元素成功
2021-06-30 11:52:00,443 - DEBUG - 元素定位成功。定位方式：xpath,使用的值：//tr/th[1]/div
2021-06-30 11:52:00,457 - INFO - 获取元素('xpath', '//tr/th[1]/div')的文本信息为：订单编号
2021-06-30 11:52:00,458 - INFO - 用例test_refundList通过
2021-06-30 11:52:00,472 - DEBUG - 元素定位成功。定位方式：xpath,使用的值：//li[contains(text(),'快递设置')]
2021-06-30 11:52:00,558 - INFO - 点击元素成功
2021-06-30 11:52:00,571 - DEBUG - 元素定位成功。定位方式：css,使用的值：.el-tabs__item.is-active
2021-06-30 11:52:00,586 - INFO - 获取元素('css', '.el-tabs__item.is-active')的文本信息为：我的快递列表
2021-06-30 11:52:00,587 - INFO - 用例test_expresSetup通过
2021-06-30 11:52:00,600 - DEBUG - 元素定位成功。定位方式：xpath,使用的值：//li[contains(text(),'拼团管理')]
2021-06-30 11:52:00,740 - INFO - 点击元素成功
2021-06-30 11:52:00,760 - DEBUG - 元素定位成功。定位方式：css,使用的值：.el-tabs__item.is-active
2021-06-30 11:52:00,772 - INFO - 获取元素('css', '.el-tabs__item.is-active')的文本信息为：拼团商品
2021-06-30 11:52:00,773 - INFO - 用例test_groupManagement通过
2021-06-30 11:52:00,785 - DEBUG - 元素定位成功。定位方式：xpath,使用的值：//li[contains(text(),'砍价管理')]
2021-06-30 11:52:00,866 - INFO - 点击元素成功
2021-06-30 11:52:00,885 - DEBUG - 元素定位成功。定位方式：xpath,使用的值：//tr/th[1]/div
2021-06-30 11:52:00,899 - INFO - 获取元素('xpath', '//tr/th[1]/div')的文本信息为：发起人昵称
2021-06-30 11:52:00,899 - INFO - 用例test_bargainManagement通过
2021-06-30 11:52:00,912 - DEBUG - 元素定位成功。定位方式：xpath,使用的值：//li[contains(text(),'秒杀管理')]
2021-06-30 11:52:00,997 - INFO - 点击元素成功
2021-06-30 11:52:01,014 - DEBUG - 元素定位成功。定位方式：xpath,使用的值：//tr/th[1]/div
2021-06-30 11:52:01,029 - INFO - 获取元素('xpath', '//tr/th[1]/div')的文本信息为：发起人昵称
2021-06-30 11:52:01,030 - INFO - 用例test_seckillManagement通过
2021-06-30 11:52:01,044 - DEBUG - 元素定位成功。定位方式：xpath,使用的值：//li[contains(text(),'门店订单')]
2021-06-30 11:52:01,084 - INFO - 点击元素成功
2021-06-30 11:52:01,230 - DEBUG - 元素定位成功。定位方式：xpath,使用的值：//tr/th[1]/div
2021-06-30 11:52:01,243 - INFO - 获取元素('xpath', '//tr/th[1]/div')的文本信息为：订单编号
2021-06-30 11:52:01,243 - INFO - 用例test_storesOrder通过
2021-06-30 11:52:01,255 - DEBUG - 元素定位成功。定位方式：xpath,使用的值：//li[contains(text(),'打印机列表')]
2021-06-30 11:52:01,309 - INFO - 点击元素成功
2021-06-30 11:52:01,321 - DEBUG - 元素定位成功。定位方式：xpath,使用的值：//tr/th[2]/div
2021-06-30 11:52:01,336 - INFO - 获取元素('xpath', '//tr/th[2]/div')的文本信息为：打印机名称
2021-06-30 11:52:01,336 - INFO - 用例test_printerList通过
2021-06-30 11:52:01,354 - DEBUG - 元素定位成功。定位方式：xpath,使用的值：//li[contains(text(),'添加打印机')]
2021-06-30 11:52:01,404 - INFO - 点击元素成功
2021-06-30 11:52:01,415 - DEBUG - 元素定位成功。定位方式：css,使用的值：.el-tabs__item.is-active
2021-06-30 11:52:01,429 - INFO - 获取元素('css', '.el-tabs__item.is-active')的文本信息为：添加打印机
2021-06-30 11:52:01,430 - INFO - 用例test_addPrinter通过
2021-06-30 11:52:01,444 - DEBUG - 元素定位成功。定位方式：xpath,使用的值：//li[contains(text(),'打印设置')]
2021-06-30 11:52:01,503 - INFO - 点击元素成功
2021-06-30 11:52:01,516 - DEBUG - 元素定位成功。定位方式：css,使用的值：.el-tabs__item.is-active
2021-06-30 11:52:01,529 - INFO - 获取元素('css', '.el-tabs__item.is-active')的文本信息为：商 城
2021-06-30 11:52:01,530 - INFO - 用例test_printSetup通过
2021-06-30 11:52:01,544 - DEBUG - 元素定位成功。定位方式：xpath,使用的值：//div[contains(text(),'营销推广')]
2021-06-30 11:52:01,584 - INFO - 点击元素成功
2021-06-30 11:52:01,585 - INFO - 展开营销推广菜单
2021-06-30 11:52:01,598 - DEBUG - 元素定位成功。定位方式：xpath,使用的值：//li[contains(text(),'任务管理')]
2021-06-30 11:52:01,726 - INFO - 点击元素成功
2021-06-30 11:52:01,734 - DEBUG - 元素定位成功。定位方式：xpath,使用的值：//tr/th[1]/div
2021-06-30 11:52:01,748 - INFO - 获取元素('xpath', '//tr/th[1]/div')的文本信息为：任务标题
2021-06-30 11:52:01,749 - INFO - 用例test_taskManagement通过
2021-06-30 11:52:01,764 - DEBUG - 元素定位成功。定位方式：xpath,使用的值：//li[contains(text(),'分销设置')]
2021-06-30 11:52:01,852 - INFO - 点击元素成功
2021-06-30 11:52:01,865 - DEBUG - 元素定位成功。定位方式：class,使用的值：el-tabs__item.is-active
2021-06-30 11:52:01,879 - INFO - 获取元素('class', 'el-tabs__item.is-active')的文本信息为：分销设置
2021-06-30 11:52:01,880 - INFO - 用例test_distributionSetup通过
2021-06-30 11:52:01,893 - DEBUG - 元素定位成功。定位方式：xpath,使用的值：//li[contains(text(),'营销福袋')]
2021-06-30 11:52:01,960 - INFO - 点击元素成功
2021-06-30 11:52:01,974 - DEBUG - 元素定位成功。定位方式：class,使用的值：el-tabs__item.is-active
2021-06-30 11:52:01,986 - INFO - 获取元素('class', 'el-tabs__item.is-active')的文本信息为：福袋列表
2021-06-30 11:52:01,986 - INFO - 用例test_marketingBag通过
2021-06-30 11:52:01,999 - DEBUG - 元素定位成功。定位方式：xpath,使用的值：//li[contains(text(),'推广活动')]
2021-06-30 11:52:02,063 - INFO - 点击元素成功
2021-06-30 11:52:02,074 - DEBUG - 元素定位成功。定位方式：class,使用的值：el-tabs__item.is-active
2021-06-30 11:52:02,087 - INFO - 获取元素('class', 'el-tabs__item.is-active')的文本信息为：推广活动列表
2021-06-30 11:52:02,087 - INFO - 用例test_promotionActivity通过
2021-06-30 11:52:02,100 - DEBUG - 元素定位成功。定位方式：xpath,使用的值：//li[contains(text(),'企业活动管理')]
2021-06-30 11:52:02,161 - INFO - 点击元素成功
2021-06-30 11:52:02,173 - DEBUG - 元素定位成功。定位方式：class,使用的值：section-header
2021-06-30 11:52:02,184 - INFO - 获取元素('class', 'section-header')的文本信息为：企业活动管理
2021-06-30 11:52:02,185 - INFO - 用例test_enterpriseActivity_management通过
2021-06-30 11:52:02,200 - DEBUG - 元素定位成功。定位方式：xpath,使用的值：//li[contains(text(),'优惠券列表')]
2021-06-30 11:52:02,265 - INFO - 点击元素成功
2021-06-30 11:52:02,281 - DEBUG - 元素定位成功。定位方式：class,使用的值：section-header
2021-06-30 11:52:02,293 - INFO - 获取元素('class', 'section-header')的文本信息为：优惠券列表
2021-06-30 11:52:02,293 - INFO - 用例test_CouponList通过
2021-06-30 11:52:02,306 - DEBUG - 元素定位成功。定位方式：xpath,使用的值：//li[contains(text(),'下单赠券')]
2021-06-30 11:52:02,360 - INFO - 点击元素成功
2021-06-30 11:52:02,372 - DEBUG - 元素定位成功。定位方式：class,使用的值：el-form-item__label
2021-06-30 11:52:02,385 - INFO - 获取元素('class', 'el-form-item__label')的文本信息为：商品名称
2021-06-30 11:52:02,385 - INFO - 用例test_placeOrders_Coupon通过
2021-06-30 11:52:02,398 - DEBUG - 元素定位成功。定位方式：xpath,使用的值：//div[contains(text(),'页面配置')]
2021-06-30 11:52:02,462 - INFO - 点击元素成功
2021-06-30 11:52:02,462 - INFO - 展开页面配置菜单
2021-06-30 11:52:02,489 - DEBUG - 元素定位成功。定位方式：xpath,使用的值：//li[contains(text(),'页面模板')]
2021-06-30 11:52:02,531 - INFO - 点击元素成功
2021-06-30 11:52:02,547 - DEBUG - 元素定位成功。定位方式：class,使用的值：my-button.my-button-tpl.my-button-cut
2021-06-30 11:52:02,558 - INFO - 获取元素('class', 'my-button.my-button-tpl.my-button-cut')的文本信息为：我的模板
2021-06-30 11:52:02,559 - INFO - 用例test_pageTemplate通过
2021-06-30 11:52:02,571 - DEBUG - 元素定位成功。定位方式：xpath,使用的值：//li[contains(text(),'智能表单')]
2021-06-30 11:52:02,637 - INFO - 点击元素成功
2021-06-30 11:52:02,652 - DEBUG - 元素定位成功。定位方式：xpath,使用的值：//form[@class='el-form query-form']/div
2021-06-30 11:52:02,668 - INFO - 获取元素('xpath', "//form[@class='el-form query-form']/div")的文本信息为：表单名称
2021-06-30 11:52:02,668 - INFO - 用例test_intelligenceForm通过
2021-06-30 11:52:02,683 - DEBUG - 元素定位成功。定位方式：xpath,使用的值：//div[contains(text(),'支付管理')]
2021-06-30 11:52:02,715 - INFO - 点击元素成功
2021-06-30 11:52:02,716 - INFO - 展开支付管理菜单
2021-06-30 11:52:02,729 - DEBUG - 元素定位成功。定位方式：xpath,使用的值：//li[contains(text(),'货款提现管理')]
2021-06-30 11:52:02,843 - INFO - 点击元素成功
2021-06-30 11:52:02,857 - DEBUG - 元素定位成功。定位方式：class,使用的值：section-header
2021-06-30 11:52:02,868 - INFO - 获取元素('class', 'section-header')的文本信息为：资金管理
2021-06-30 11:52:02,869 - INFO - 用例test_paymentWithdrawal_Management通过
2021-06-30 11:52:02,882 - DEBUG - 元素定位成功。定位方式：xpath,使用的值：//li[contains(text(),'佣金提现管理')]
2021-06-30 11:52:02,947 - INFO - 点击元素成功
2021-06-30 11:52:02,964 - DEBUG - 元素定位成功。定位方式：class,使用的值：el-tabs__item.is-active
2021-06-30 11:52:02,976 - INFO - 获取元素('class', 'el-tabs__item.is-active')的文本信息为：提现管理
2021-06-30 11:52:02,976 - INFO - 用例test_commissionWithdrawal_Management通过
2021-06-30 11:52:02,988 - DEBUG - 元素定位成功。定位方式：xpath,使用的值：//li[contains(text(),'提现记录')]
2021-06-30 11:52:03,046 - INFO - 点击元素成功
2021-06-30 11:52:03,057 - DEBUG - 元素定位成功。定位方式：class,使用的值：el-tabs__item.is-active
2021-06-30 11:52:03,071 - INFO - 获取元素('class', 'el-tabs__item.is-active')的文本信息为：货款提现
2021-06-30 11:52:03,071 - INFO - 用例test_withdrawalRecord通过
2021-06-30 11:52:03,084 - DEBUG - 元素定位成功。定位方式：xpath,使用的值：//div[contains(text(),'数据分析')]
2021-06-30 11:52:03,119 - INFO - 点击元素成功
2021-06-30 11:52:03,119 - INFO - 展开数据分析菜单
2021-06-30 11:52:03,134 - DEBUG - 元素定位成功。定位方式：xpath,使用的值：//li[contains(text(),'数据概况')]
2021-06-30 11:52:03,227 - INFO - 点击元素成功
2021-06-30 11:52:04,544 - DEBUG - 元素定位成功。定位方式：xpath,使用的值：//div[@class='distance']/h4
2021-06-30 11:52:04,555 - INFO - 获取元素('xpath', "//div[@class='distance']/h4")的文本信息为：昨日概况
2021-06-30 11:52:04,556 - INFO - 用例test_profileData通过
2021-06-30 11:52:04,570 - DEBUG - 元素定位成功。定位方式：xpath,使用的值：//li[contains(text(),'访问分析')]
2021-06-30 11:52:04,622 - INFO - 点击元素成功
2021-06-30 11:52:04,831 - DEBUG - 元素定位成功。定位方式：xpath,使用的值：//div[@class='distance']/div[2]/div[2]
2021-06-30 11:52:04,850 - INFO - 获取元素('xpath', "//div[@class='distance']/div[2]/div[2]")的文本信息为：粒度
2021-06-30 11:52:04,851 - INFO - 用例test_accessAnalysis通过
2021-06-30 11:52:04,866 - DEBUG - 元素定位成功。定位方式：xpath,使用的值：//li[contains(text(),'用户画像')]
2021-06-30 11:52:04,912 - INFO - 点击元素成功
2021-06-30 11:52:05,576 - DEBUG - 元素定位成功。定位方式：xpath,使用的值：//div[@class='distance']/div/h4
2021-06-30 11:52:05,589 - INFO - 获取元素('xpath', "//div[@class='distance']/div/h4")的文本信息为：性别及年龄分布
2021-06-30 11:52:05,590 - INFO - 用例test_userPortrait通过
2021-06-30 11:52:05,602 - DEBUG - 元素定位成功。定位方式：xpath,使用的值：//li[contains(text(),'名片日客数据')]
2021-06-30 11:52:05,678 - INFO - 点击元素成功
2021-06-30 11:52:05,689 - DEBUG - 元素定位成功。定位方式：css,使用的值：.section-header
2021-06-30 11:52:05,702 - INFO - 获取元素('css', '.section-header')的文本信息为：数据报表
2021-06-30 11:52:05,703 - INFO - 用例test_cardData通过
2021-06-30 11:52:05,717 - DEBUG - 元素定位成功。定位方式：xpath,使用的值：//div[contains(text(),'系统设置')]
2021-06-30 11:52:05,751 - INFO - 点击元素成功
2021-06-30 11:52:05,751 - INFO - 展开系统设置菜单
2021-06-30 11:52:05,765 - DEBUG - 元素定位成功。定位方式：xpath,使用的值：//li[contains(text(),'小程序设置')]
2021-06-30 11:52:05,885 - INFO - 点击元素成功
2021-06-30 11:52:05,896 - DEBUG - 元素定位成功。定位方式：css,使用的值：.el-tabs__item.is-active
2021-06-30 11:52:05,911 - INFO - 获取元素('css', '.el-tabs__item.is-active')的文本信息为：小程序设置
2021-06-30 11:52:05,911 - INFO - 用例test_miniProgram_setting通过
2021-06-30 11:52:05,924 - DEBUG - 元素定位成功。定位方式：xpath,使用的值：//li[contains(text(),'授权配置')]
2021-06-30 11:52:05,974 - INFO - 点击元素成功
2021-06-30 11:52:05,988 - DEBUG - 元素定位成功。定位方式：xpath,使用的值：//li[contains(text(),'功能设置')]
2021-06-30 11:52:06,139 - INFO - 点击元素成功
2021-06-30 11:52:06,148 - DEBUG - 元素定位成功。定位方式：css,使用的值：.el-tabs__item.is-active
2021-06-30 11:52:06,165 - INFO - 获取元素('css', '.el-tabs__item.is-active')的文本信息为：底部栏配置
2021-06-30 11:52:06,165 - INFO - 用例test_functionSetting通过
2021-06-30 11:52:06,181 - DEBUG - 元素定位成功。定位方式：xpath,使用的值：//li[contains(text(),'权限管理')]
2021-06-30 11:52:06,229 - INFO - 点击元素成功
2021-06-30 11:52:06,238 - DEBUG - 元素定位成功。定位方式：css,使用的值：.el-tabs__item.is-active
2021-06-30 11:52:06,250 - INFO - 获取元素('css', '.el-tabs__item.is-active')的文本信息为：权限管理
2021-06-30 11:52:06,250 - INFO - 用例test_permissions_Management通过
2021-06-30 11:52:06,264 - DEBUG - 元素定位成功。定位方式：xpath,使用的值：//li[contains(text(),'发布管理')]
2021-06-30 11:52:06,320 - INFO - 点击元素成功
2021-06-30 11:52:06,330 - DEBUG - 元素定位成功。定位方式：css,使用的值：.el-tabs__item.is-active
2021-06-30 11:52:06,346 - INFO - 获取元素('css', '.el-tabs__item.is-active')的文本信息为：发布管理
2021-06-30 11:52:06,347 - INFO - 用例test_releaseManagement通过
2021-06-30 11:52:06,359 - DEBUG - 元素定位成功。定位方式：xpath,使用的值：//li[contains(text(),'微信公众号对接')]
2021-06-30 11:52:06,407 - INFO - 点击元素成功
2021-06-30 11:52:06,416 - DEBUG - 元素定位成功。定位方式：css,使用的值：.el-tabs__item.is-active
2021-06-30 11:52:06,431 - INFO - 获取元素('css', '.el-tabs__item.is-active')的文本信息为：公众号配置
2021-06-30 11:52:06,432 - INFO - 用例test_wechatDocking通过
2021-06-30 11:52:06,444 - DEBUG - 元素定位成功。定位方式：xpath,使用的值：//li[contains(text(),'名片样式设置')]
2021-06-30 11:52:06,480 - INFO - 点击元素成功
2021-06-30 11:52:06,496 - DEBUG - 元素定位成功。定位方式：css,使用的值：.section-header
2021-06-30 11:52:06,508 - INFO - 获取元素('css', '.section-header')的文本信息为：名片信息
2021-06-30 11:52:06,509 - INFO - 用例test_card_style_Settings通过
2021-06-30 11:52:06,522 - DEBUG - 元素定位成功。定位方式：xpath,使用的值：//li[contains(text(),'名片拓展字段')]
2021-06-30 11:52:06,570 - INFO - 点击元素成功
2021-06-30 11:52:06,581 - DEBUG - 元素定位成功。定位方式：css,使用的值：.section-header
2021-06-30 11:52:06,596 - INFO - 获取元素('css', '.section-header')的文本信息为：名片拓展字段
2021-06-30 11:52:06,598 - ERROR - 用例test_card_expansion_field不通过:assert '名片拓展字段' == '名片拓展字'
  - 名片拓展字
  + 名片拓展字段
  ?      +
2021-06-30 11:52:06,705 - DEBUG - 元素定位成功。定位方式：xpath,使用的值：//li[contains(text(),'订阅消息管理')]
2021-06-30 11:52:06,743 - INFO - 点击元素成功
2021-06-30 11:52:08,926 - INFO - 关闭浏览器
2021-06-30 11:52:32,959 - INFO - 启动Chrome浏览器
2021-06-30 11:52:33,446 - INFO - 打开链接：https://ykpre.theali.cn/
2021-06-30 11:52:33,448 - INFO - 隐式等待20秒
2021-06-30 11:52:33,562 - INFO - 窗口最大化
2021-06-30 11:52:33,574 - DEBUG - 元素定位成功。定位方式：xpath,使用的值：//span[text()='我是管理员']
2021-06-30 11:52:33,608 - INFO - 点击元素成功
2021-06-30 11:52:33,621 - DEBUG - 元素定位成功。定位方式：id,使用的值：phoneNumber
2021-06-30 11:52:33,721 - INFO - 输入的内容：18588671117
2021-06-30 11:52:33,732 - DEBUG - 元素定位成功。定位方式：id,使用的值：passwd
2021-06-30 11:52:33,809 - INFO - 输入的内容：18588671117
2021-06-30 11:52:33,820 - DEBUG - 元素定位成功。定位方式：id,使用的值：login_btn
2021-06-30 11:52:33,850 - INFO - 点击元素成功
2021-06-30 11:52:34,036 - DEBUG - 元素定位成功。定位方式：xpath,使用的值：//h3[text()='美家咖']
2021-06-30 11:52:53,035 - INFO - 点击元素成功
2021-06-30 11:52:53,047 - DEBUG - 元素定位成功。定位方式：css,使用的值：.shop-info
2021-06-30 11:52:53,061 - INFO - 获取元素('css', '.shop-info')的文本信息为：小程序名称：美家咖  小程序二维码
2021-06-30 11:52:53,061 - INFO - 登录成功
2021-06-30 11:52:53,071 - DEBUG - 元素定位成功。定位方式：xpath,使用的值：//div[contains(text(),'企业管理')]
2021-06-30 11:52:53,109 - INFO - 点击元素成功
2021-06-30 11:52:53,110 - INFO - 展开企业管理菜单
2021-06-30 11:52:53,124 - DEBUG - 元素定位成功。定位方式：xpath,使用的值：//li[contains(text(),'经销商管理')]
2021-06-30 11:52:53,229 - INFO - 点击元素成功
2021-06-30 11:52:53,244 - DEBUG - 元素定位成功。定位方式：css,使用的值：.section-header
2021-06-30 11:52:53,256 - INFO - 获取元素('css', '.section-header')的文本信息为：经销商管理
2021-06-30 11:52:53,256 - INFO - 用例test_jingxiaoshangguanli通过
2021-06-30 11:52:53,268 - DEBUG - 元素定位成功。定位方式：xpath,使用的值：//li[contains(text(),'员工管理')]
2021-06-30 11:52:53,390 - INFO - 点击元素成功
2021-06-30 11:52:53,400 - DEBUG - 元素定位成功。定位方式：css,使用的值：.section-header
2021-06-30 11:52:53,420 - INFO - 获取元素('css', '.section-header')的文本信息为：员工管理
2021-06-30 11:52:53,421 - INFO - 用例test_yuangongguanli通过
2021-06-30 11:52:53,433 - DEBUG - 元素定位成功。定位方式：xpath,使用的值：//li[contains(text(),'名片管理')]
2021-06-30 11:52:53,629 - INFO - 点击元素成功
2021-06-30 11:52:53,638 - DEBUG - 元素定位成功。定位方式：css,使用的值：.section-header
2021-06-30 11:52:53,650 - INFO - 获取元素('css', '.section-header')的文本信息为：名片管理
2021-06-30 11:52:53,650 - INFO - 用例test_mingpianguanli通过
2021-06-30 11:52:53,672 - DEBUG - 元素定位成功。定位方式：xpath,使用的值：//li[contains(text(),'渠道管理')]
2021-06-30 11:52:53,769 - INFO - 点击元素成功
2021-06-30 11:52:53,778 - DEBUG - 元素定位成功。定位方式：css,使用的值：.section-header
2021-06-30 11:52:53,790 - INFO - 获取元素('css', '.section-header')的文本信息为：渠道管理
2021-06-30 11:52:53,790 - INFO - 用例test_qudaoguanli通过
2021-06-30 11:52:53,823 - DEBUG - 元素定位成功。定位方式：xpath,使用的值：//li[contains(text(),'企业视频管理')]
2021-06-30 11:52:53,876 - INFO - 点击元素成功
2021-06-30 11:52:53,889 - DEBUG - 元素定位成功。定位方式：css,使用的值：.section-header
2021-06-30 11:52:53,901 - INFO - 获取元素('css', '.section-header')的文本信息为：企业视频管理
2021-06-30 11:52:53,902 - INFO - 用例test_qiyeshipingguanli通过
2021-06-30 11:52:53,915 - DEBUG - 元素定位成功。定位方式：xpath,使用的值：//li[contains(text(),'站内信')]
2021-06-30 11:52:53,962 - INFO - 点击元素成功
2021-06-30 11:52:53,970 - DEBUG - 元素定位成功。定位方式：css,使用的值：.section-header
2021-06-30 11:52:53,981 - INFO - 获取元素('css', '.section-header')的文本信息为：基本信息
2021-06-30 11:52:53,981 - INFO - 用例zhanneixin通过
2021-06-30 11:52:53,993 - DEBUG - 元素定位成功。定位方式：xpath,使用的值：//div[contains(text(),'客户管理')]
2021-06-30 11:52:54,026 - INFO - 点击元素成功
2021-06-30 11:52:54,027 - INFO - 展开客户管理菜单
2021-06-30 11:52:54,041 - DEBUG - 元素定位成功。定位方式：xpath,使用的值：//li[contains(text(),'客户数据')]
2021-06-30 11:52:54,225 - INFO - 点击元素成功
2021-06-30 11:52:54,245 - DEBUG - 元素定位成功。定位方式：css,使用的值：.section-header
2021-06-30 11:52:54,263 - INFO - 获取元素('css', '.section-header')的文本信息为：客户资源
2021-06-30 11:52:54,264 - INFO - 用例test_kehushuju通过
2021-06-30 11:52:54,278 - DEBUG - 元素定位成功。定位方式：xpath,使用的值：//li[contains(text(),'微信用户')]
2021-06-30 11:52:54,349 - INFO - 点击元素成功
2021-06-30 11:52:54,365 - DEBUG - 元素定位成功。定位方式：xpath,使用的值：//form[@class='el-form query-form']/div[1]/label
2021-06-30 11:52:54,380 - INFO - 获取元素('xpath', "//form[@class='el-form query-form']/div[1]/label")的文本信息为：微信昵称
2021-06-30 11:52:54,381 - INFO - 用例test_weixinyonghu通过
2021-06-30 11:52:54,393 - DEBUG - 元素定位成功。定位方式：xpath,使用的值：//li[contains(text(),'公海客户')]
2021-06-30 11:52:54,520 - INFO - 点击元素成功
2021-06-30 11:52:54,531 - DEBUG - 元素定位成功。定位方式：class,使用的值：el-tabs__item.is-active
2021-06-30 11:52:54,543 - INFO - 获取元素('class', 'el-tabs__item.is-active')的文本信息为：未分配
2021-06-30 11:52:54,544 - INFO - 用例test_gonghaikehu通过
2021-06-30 11:52:54,557 - DEBUG - 元素定位成功。定位方式：xpath,使用的值：//div[contains(text(),'商品管理')]
2021-06-30 11:52:54,609 - INFO - 点击元素成功
2021-06-30 11:52:54,609 - INFO - 展开商品管理菜单
2021-06-30 11:52:54,620 - DEBUG - 元素定位成功。定位方式：xpath,使用的值：//li[contains(text(),'选品列表')]
2021-06-30 11:52:54,831 - INFO - 点击元素成功
2021-06-30 11:52:54,843 - DEBUG - 元素定位成功。定位方式：xpath,使用的值：//form[@class='el-form query-form']/div[1]/label
2021-06-30 11:52:54,857 - INFO - 获取元素('xpath', "//form[@class='el-form query-form']/div[1]/label")的文本信息为：商品名称
2021-06-30 11:52:54,857 - INFO - 用例test_xuanpinList通过
2021-06-30 11:52:54,869 - DEBUG - 元素定位成功。定位方式：xpath,使用的值：//li[contains(text(),'商品列表')]
2021-06-30 11:52:54,956 - INFO - 点击元素成功
2021-06-30 11:52:54,969 - DEBUG - 元素定位成功。定位方式：xpath,使用的值：//form[@class='el-form query-form']/div[1]/label
2021-06-30 11:52:54,981 - INFO - 获取元素('xpath', "//form[@class='el-form query-form']/div[1]/label")的文本信息为：商品名称
2021-06-30 11:52:54,982 - INFO - 用例test_shangpinList通过
2021-06-30 11:52:54,993 - DEBUG - 元素定位成功。定位方式：xpath,使用的值：//li[contains(text(),'添加分类')]
2021-06-30 11:52:55,050 - INFO - 点击元素成功
2021-06-30 11:52:55,062 - DEBUG - 元素定位成功。定位方式：css,使用的值：.section-header
2021-06-30 11:52:55,075 - INFO - 获取元素('css', '.section-header')的文本信息为：添加分类
2021-06-30 11:52:55,075 - INFO - 用例test_tianjiafenlei通过
2021-06-30 11:52:55,087 - DEBUG - 元素定位成功。定位方式：xpath,使用的值：//li[contains(text(),'分类列表')]
2021-06-30 11:52:55,141 - INFO - 点击元素成功
2021-06-30 11:52:55,154 - DEBUG - 元素定位成功。定位方式：xpath,使用的值：//tr/th[1]
2021-06-30 11:52:55,166 - INFO - 获取元素('xpath', '//tr/th[1]')的文本信息为：类别名称
2021-06-30 11:52:55,166 - INFO - 用例test_classificationList通过
2021-06-30 11:52:55,179 - DEBUG - 元素定位成功。定位方式：xpath,使用的值：//li[contains(text(),'助力重置')]
2021-06-30 11:52:55,264 - INFO - 点击元素成功
2021-06-30 11:52:55,277 - DEBUG - 元素定位成功。定位方式：css,使用的值：.section-header
2021-06-30 11:52:55,289 - INFO - 获取元素('css', '.section-header')的文本信息为：营销管理
2021-06-30 11:52:55,290 - INFO - 用例test_zhulichongzhi通过
2021-06-30 11:52:55,301 - DEBUG - 元素定位成功。定位方式：xpath,使用的值：//li[contains(text(),'评论中心')]
2021-06-30 11:52:55,349 - INFO - 点击元素成功
2021-06-30 11:52:55,357 - DEBUG - 元素定位成功。定位方式：class,使用的值：el-tabs__item.is-active
2021-06-30 11:52:55,367 - INFO - 获取元素('class', 'el-tabs__item.is-active')的文本信息为：基础设置
2021-06-30 11:52:55,368 - INFO - 用例test_pinglunguanli通过
2021-06-30 11:52:55,380 - DEBUG - 元素定位成功。定位方式：xpath,使用的值：//div[contains(text(),'内容管理')]
2021-06-30 11:52:55,414 - INFO - 点击元素成功
2021-06-30 11:52:55,414 - INFO - 展开内容管理菜单
2021-06-30 11:52:55,427 - DEBUG - 元素定位成功。定位方式：xpath,使用的值：//li[contains(text(),'轮播配置')]
2021-06-30 11:52:55,527 - INFO - 点击元素成功
2021-06-30 11:52:55,544 - DEBUG - 元素定位成功。定位方式：xpath,使用的值：//tr/th[1]/div
2021-06-30 11:52:55,557 - INFO - 获取元素('xpath', '//tr/th[1]/div')的文本信息为：入口图片
2021-06-30 11:52:55,557 - INFO - 用例test_lunbopeizhi通过
2021-06-30 11:52:55,575 - DEBUG - 元素定位成功。定位方式：xpath,使用的值：//li[contains(text(),'营销海报')]
2021-06-30 11:52:55,638 - INFO - 点击元素成功
2021-06-30 11:52:55,650 - DEBUG - 元素定位成功。定位方式：xpath,使用的值：//div[@class='button-group']/div[2]/button
2021-06-30 11:52:55,663 - INFO - 获取元素('xpath', "//div[@class='button-group']/div[2]/button")的文本信息为：创建公用模板
2021-06-30 11:52:55,663 - INFO - 用例test_marketingPoster通过
2021-06-30 11:52:55,675 - DEBUG - 元素定位成功。定位方式：xpath,使用的值：//li[contains(text(),'营销海报')]/following-sibling::*[1]
2021-06-30 11:52:55,751 - INFO - 点击元素成功
2021-06-30 11:52:55,765 - DEBUG - 元素定位成功。定位方式：class,使用的值：el-tabs__item.is-active
2021-06-30 11:52:55,779 - INFO - 获取元素('class', 'el-tabs__item.is-active')的文本信息为：帖子管理
2021-06-30 11:52:55,779 - INFO - 用例test_videoManagement通过
2021-06-30 11:52:55,793 - DEBUG - 元素定位成功。定位方式：xpath,使用的值：//li[contains(text(),'VR案例库')]
2021-06-30 11:52:55,895 - INFO - 点击元素成功
2021-06-30 11:52:55,951 - DEBUG - 元素定位成功。定位方式：css,使用的值：.section-header
2021-06-30 11:52:56,112 - INFO - 获取元素('css', '.section-header')的文本信息为：VR案例库
2021-06-30 11:52:56,113 - INFO - 用例test_vrCase通过
2021-06-30 11:52:56,263 - DEBUG - 元素定位成功。定位方式：xpath,使用的值：//li[contains(text(),'直播宣传页面')]
2021-06-30 11:52:56,359 - INFO - 点击元素成功
2021-06-30 11:52:56,372 - DEBUG - 元素定位成功。定位方式：xpath,使用的值：//tr/th[1]/div
2021-06-30 11:52:56,386 - INFO - 获取元素('xpath', '//tr/th[1]/div')的文本信息为：直播间名称
2021-06-30 11:52:56,386 - INFO - 用例test_livePage通过
2021-06-30 11:52:56,399 - DEBUG - 元素定位成功。定位方式：xpath,使用的值：//li[contains(text(),'资讯列表')]
2021-06-30 11:52:56,507 - INFO - 点击元素成功
2021-06-30 11:52:56,526 - DEBUG - 元素定位成功。定位方式：xpath,使用的值：//tr/th[1]/div
2021-06-30 11:52:56,541 - INFO - 获取元素('xpath', '//tr/th[1]/div')的文本信息为：内容标题
2021-06-30 11:52:56,542 - INFO - 用例test_informationList通过
2021-06-30 11:52:56,553 - DEBUG - 元素定位成功。定位方式：xpath,使用的值：//li[contains(text(),'资讯分类')]
2021-06-30 11:52:56,607 - INFO - 点击元素成功
2021-06-30 11:52:56,615 - DEBUG - 元素定位成功。定位方式：xpath,使用的值：//tr/th[1]/div
2021-06-30 11:52:56,630 - INFO - 获取元素('xpath', '//tr/th[1]/div')的文本信息为：类别名称
2021-06-30 11:52:56,630 - INFO - 用例test_informationClassification通过
2021-06-30 11:52:56,644 - DEBUG - 元素定位成功。定位方式：xpath,使用的值：//div[contains(text(),'订单管理')]
2021-06-30 11:52:56,682 - INFO - 点击元素成功
2021-06-30 11:52:56,683 - INFO - 展开订单管理菜单
2021-06-30 11:52:56,702 - DEBUG - 元素定位成功。定位方式：xpath,使用的值：//li[contains(text(),'订单列表')]
2021-06-30 11:52:56,894 - INFO - 点击元素成功
2021-06-30 11:52:56,913 - DEBUG - 元素定位成功。定位方式：css,使用的值：.el-tabs__item.is-active
2021-06-30 11:52:56,927 - INFO - 获取元素('css', '.el-tabs__item.is-active')的文本信息为：订单列表
2021-06-30 11:52:56,927 - INFO - 用例test_orderList通过
2021-06-30 11:52:56,940 - DEBUG - 元素定位成功。定位方式：xpath,使用的值：//li[contains(text(),'退款申请列表')]
2021-06-30 11:52:57,005 - INFO - 点击元素成功
2021-06-30 11:52:57,017 - DEBUG - 元素定位成功。定位方式：xpath,使用的值：//tr/th[1]/div
2021-06-30 11:52:57,030 - INFO - 获取元素('xpath', '//tr/th[1]/div')的文本信息为：订单编号
2021-06-30 11:52:57,031 - INFO - 用例test_refundList通过
2021-06-30 11:52:57,045 - DEBUG - 元素定位成功。定位方式：xpath,使用的值：//li[contains(text(),'快递设置')]
2021-06-30 11:52:57,145 - INFO - 点击元素成功
2021-06-30 11:52:57,158 - DEBUG - 元素定位成功。定位方式：css,使用的值：.el-tabs__item.is-active
2021-06-30 11:52:57,170 - INFO - 获取元素('css', '.el-tabs__item.is-active')的文本信息为：我的快递列表
2021-06-30 11:52:57,171 - INFO - 用例test_expresSetup通过
2021-06-30 11:52:57,184 - DEBUG - 元素定位成功。定位方式：xpath,使用的值：//li[contains(text(),'拼团管理')]
2021-06-30 11:52:57,331 - INFO - 点击元素成功
2021-06-30 11:52:57,349 - DEBUG - 元素定位成功。定位方式：css,使用的值：.el-tabs__item.is-active
2021-06-30 11:52:57,362 - INFO - 获取元素('css', '.el-tabs__item.is-active')的文本信息为：拼团商品
2021-06-30 11:52:57,363 - INFO - 用例test_groupManagement通过
2021-06-30 11:52:57,375 - DEBUG - 元素定位成功。定位方式：xpath,使用的值：//li[contains(text(),'砍价管理')]
2021-06-30 11:52:57,456 - INFO - 点击元素成功
2021-06-30 11:52:57,473 - DEBUG - 元素定位成功。定位方式：xpath,使用的值：//tr/th[1]/div
2021-06-30 11:52:57,484 - INFO - 获取元素('xpath', '//tr/th[1]/div')的文本信息为：发起人昵称
2021-06-30 11:52:57,485 - INFO - 用例test_bargainManagement通过
2021-06-30 11:52:57,496 - DEBUG - 元素定位成功。定位方式：xpath,使用的值：//li[contains(text(),'秒杀管理')]
2021-06-30 11:52:57,567 - INFO - 点击元素成功
2021-06-30 11:52:57,579 - DEBUG - 元素定位成功。定位方式：xpath,使用的值：//tr/th[1]/div
2021-06-30 11:52:57,596 - INFO - 获取元素('xpath', '//tr/th[1]/div')的文本信息为：发起人昵称
2021-06-30 11:52:57,597 - INFO - 用例test_seckillManagement通过
2021-06-30 11:52:57,613 - DEBUG - 元素定位成功。定位方式：xpath,使用的值：//li[contains(text(),'门店订单')]
2021-06-30 11:52:57,652 - INFO - 点击元素成功
2021-06-30 11:52:57,824 - DEBUG - 元素定位成功。定位方式：xpath,使用的值：//tr/th[1]/div
2021-06-30 11:52:57,836 - INFO - 获取元素('xpath', '//tr/th[1]/div')的文本信息为：订单编号
2021-06-30 11:52:57,837 - INFO - 用例test_storesOrder通过
2021-06-30 11:52:57,849 - DEBUG - 元素定位成功。定位方式：xpath,使用的值：//li[contains(text(),'打印机列表')]
2021-06-30 11:52:57,893 - INFO - 点击元素成功
2021-06-30 11:52:57,909 - DEBUG - 元素定位成功。定位方式：xpath,使用的值：//tr/th[2]/div
2021-06-30 11:52:57,920 - INFO - 获取元素('xpath', '//tr/th[2]/div')的文本信息为：打印机名称
2021-06-30 11:52:57,922 - INFO - 用例test_printerList通过
2021-06-30 11:52:57,932 - DEBUG - 元素定位成功。定位方式：xpath,使用的值：//li[contains(text(),'添加打印机')]
2021-06-30 11:52:57,982 - INFO - 点击元素成功
2021-06-30 11:52:57,992 - DEBUG - 元素定位成功。定位方式：css,使用的值：.el-tabs__item.is-active
2021-06-30 11:52:58,004 - INFO - 获取元素('css', '.el-tabs__item.is-active')的文本信息为：添加打印机
2021-06-30 11:52:58,004 - INFO - 用例test_addPrinter通过
2021-06-30 11:52:58,017 - DEBUG - 元素定位成功。定位方式：xpath,使用的值：//li[contains(text(),'打印设置')]
2021-06-30 11:52:58,071 - INFO - 点击元素成功
2021-06-30 11:52:58,081 - DEBUG - 元素定位成功。定位方式：css,使用的值：.el-tabs__item.is-active
2021-06-30 11:52:58,094 - INFO - 获取元素('css', '.el-tabs__item.is-active')的文本信息为：商 城
2021-06-30 11:52:58,094 - INFO - 用例test_printSetup通过
2021-06-30 11:52:58,106 - DEBUG - 元素定位成功。定位方式：xpath,使用的值：//div[contains(text(),'营销推广')]
2021-06-30 11:52:58,145 - INFO - 点击元素成功
2021-06-30 11:52:58,146 - INFO - 展开营销推广菜单
2021-06-30 11:52:58,160 - DEBUG - 元素定位成功。定位方式：xpath,使用的值：//li[contains(text(),'任务管理')]
2021-06-30 11:52:58,283 - INFO - 点击元素成功
2021-06-30 11:52:58,296 - DEBUG - 元素定位成功。定位方式：xpath,使用的值：//tr/th[1]/div
2021-06-30 11:52:58,308 - INFO - 获取元素('xpath', '//tr/th[1]/div')的文本信息为：任务标题
2021-06-30 11:52:58,309 - INFO - 用例test_taskManagement通过
2021-06-30 11:52:58,321 - DEBUG - 元素定位成功。定位方式：xpath,使用的值：//li[contains(text(),'分销设置')]
2021-06-30 11:52:58,404 - INFO - 点击元素成功
2021-06-30 11:52:58,418 - DEBUG - 元素定位成功。定位方式：class,使用的值：el-tabs__item.is-active
2021-06-30 11:52:58,431 - INFO - 获取元素('class', 'el-tabs__item.is-active')的文本信息为：分销设置
2021-06-30 11:52:58,431 - INFO - 用例test_distributionSetup通过
2021-06-30 11:52:58,447 - DEBUG - 元素定位成功。定位方式：xpath,使用的值：//li[contains(text(),'营销福袋')]
2021-06-30 11:52:58,507 - INFO - 点击元素成功
2021-06-30 11:52:58,530 - DEBUG - 元素定位成功。定位方式：class,使用的值：el-tabs__item.is-active
2021-06-30 11:52:58,542 - INFO - 获取元素('class', 'el-tabs__item.is-active')的文本信息为：福袋列表
2021-06-30 11:52:58,542 - INFO - 用例test_marketingBag通过
2021-06-30 11:52:58,561 - DEBUG - 元素定位成功。定位方式：xpath,使用的值：//li[contains(text(),'推广活动')]
2021-06-30 11:52:58,624 - INFO - 点击元素成功
2021-06-30 11:52:58,632 - DEBUG - 元素定位成功。定位方式：class,使用的值：el-tabs__item.is-active
2021-06-30 11:52:58,649 - INFO - 获取元素('class', 'el-tabs__item.is-active')的文本信息为：推广活动列表
2021-06-30 11:52:58,649 - INFO - 用例test_promotionActivity通过
2021-06-30 11:52:58,661 - DEBUG - 元素定位成功。定位方式：xpath,使用的值：//li[contains(text(),'企业活动管理')]
2021-06-30 11:52:58,726 - INFO - 点击元素成功
2021-06-30 11:52:58,736 - DEBUG - 元素定位成功。定位方式：class,使用的值：section-header
2021-06-30 11:52:58,748 - INFO - 获取元素('class', 'section-header')的文本信息为：企业活动管理
2021-06-30 11:52:58,749 - INFO - 用例test_enterpriseActivity_management通过
2021-06-30 11:52:58,762 - DEBUG - 元素定位成功。定位方式：xpath,使用的值：//li[contains(text(),'优惠券列表')]
2021-06-30 11:52:58,852 - INFO - 点击元素成功
2021-06-30 11:52:58,860 - DEBUG - 元素定位成功。定位方式：class,使用的值：section-header
2021-06-30 11:52:58,872 - INFO - 获取元素('class', 'section-header')的文本信息为：优惠券列表
2021-06-30 11:52:58,872 - INFO - 用例test_CouponList通过
2021-06-30 11:52:58,884 - DEBUG - 元素定位成功。定位方式：xpath,使用的值：//li[contains(text(),'下单赠券')]
2021-06-30 11:52:58,940 - INFO - 点击元素成功
2021-06-30 11:52:58,952 - DEBUG - 元素定位成功。定位方式：class,使用的值：el-form-item__label
2021-06-30 11:52:58,963 - INFO - 获取元素('class', 'el-form-item__label')的文本信息为：商品名称
2021-06-30 11:52:58,963 - INFO - 用例test_placeOrders_Coupon通过
2021-06-30 11:52:58,975 - DEBUG - 元素定位成功。定位方式：xpath,使用的值：//div[contains(text(),'页面配置')]
2021-06-30 11:52:59,010 - INFO - 点击元素成功
2021-06-30 11:52:59,010 - INFO - 展开页面配置菜单
2021-06-30 11:52:59,023 - DEBUG - 元素定位成功。定位方式：xpath,使用的值：//li[contains(text(),'页面模板')]
2021-06-30 11:52:59,110 - INFO - 点击元素成功
2021-06-30 11:53:19,119 - ERROR - 报错信息：Message: no such element: Unable to locate element: {"method":"css selector","selector":".my-button.my-button-tpl.my-button-cut"}
  (Session info: chrome=91.0.4472.124)

2021-06-30 11:53:19,119 - ERROR - 获取元素('class', 'my-button.my-button-tpl.my-button-cut')的文本信息错误,'NoneType' object has no attribute 'text'
2021-06-30 11:53:19,120 - ERROR - 用例test_pageTemplate不通过:assert None == '我的模板'
2021-06-30 11:53:19,204 - DEBUG - 元素定位成功。定位方式：xpath,使用的值：//li[contains(text(),'智能表单')]
2021-06-30 11:53:39,245 - INFO - 元素<selenium.webdriver.remote.webelement.WebElement (session="72ec235089654bedb6985b41c393db37", element="649916db-2cb4-464c-95c8-a595d2b56c85")>不存在
2021-06-30 11:53:39,246 - ERROR - 点击元素失败Message: element not interactable
  (Session info: chrome=91.0.4472.124)

2021-06-30 11:53:39,303 - DEBUG - 元素定位成功。定位方式：xpath,使用的值：//div[contains(text(),'支付管理')]
2021-06-30 11:53:39,361 - INFO - 点击元素成功
2021-06-30 11:53:39,362 - INFO - 展开支付管理菜单
2021-06-30 11:53:39,374 - DEBUG - 元素定位成功。定位方式：xpath,使用的值：//li[contains(text(),'货款提现管理')]
2021-06-30 11:53:39,432 - INFO - 点击元素成功
2021-06-30 11:53:39,443 - DEBUG - 元素定位成功。定位方式：class,使用的值：section-header
2021-06-30 11:53:39,458 - INFO - 获取元素('class', 'section-header')的文本信息为：资金管理
2021-06-30 11:53:39,459 - INFO - 用例test_paymentWithdrawal_Management通过
2021-06-30 11:53:39,471 - DEBUG - 元素定位成功。定位方式：xpath,使用的值：//li[contains(text(),'佣金提现管理')]
2021-06-30 11:53:39,542 - INFO - 点击元素成功
2021-06-30 11:53:39,557 - DEBUG - 元素定位成功。定位方式：class,使用的值：el-tabs__item.is-active
2021-06-30 11:53:39,625 - INFO - 获取元素('class', 'el-tabs__item.is-active')的文本信息为：提现管理
2021-06-30 11:53:39,625 - INFO - 用例test_commissionWithdrawal_Management通过
2021-06-30 11:53:39,662 - DEBUG - 元素定位成功。定位方式：xpath,使用的值：//li[contains(text(),'提现记录')]
2021-06-30 11:53:39,730 - INFO - 点击元素成功
2021-06-30 11:53:39,739 - DEBUG - 元素定位成功。定位方式：class,使用的值：el-tabs__item.is-active
2021-06-30 11:53:39,750 - INFO - 获取元素('class', 'el-tabs__item.is-active')的文本信息为：货款提现
2021-06-30 11:53:39,751 - INFO - 用例test_withdrawalRecord通过
2021-06-30 11:53:39,762 - DEBUG - 元素定位成功。定位方式：xpath,使用的值：//div[contains(text(),'数据分析')]
2021-06-30 11:53:39,798 - INFO - 点击元素成功
2021-06-30 11:53:39,798 - INFO - 展开数据分析菜单
2021-06-30 11:53:39,810 - DEBUG - 元素定位成功。定位方式：xpath,使用的值：//li[contains(text(),'数据概况')]
2021-06-30 11:53:39,902 - INFO - 点击元素成功
2021-06-30 11:53:40,063 - DEBUG - 元素定位成功。定位方式：xpath,使用的值：//div[@class='distance']/h4
2021-06-30 11:53:40,079 - INFO - 获取元素('xpath', "//div[@class='distance']/h4")的文本信息为：昨日概况
2021-06-30 11:53:40,079 - INFO - 用例test_profileData通过
2021-06-30 11:53:40,098 - DEBUG - 元素定位成功。定位方式：xpath,使用的值：//li[contains(text(),'访问分析')]
2021-06-30 11:53:40,139 - INFO - 点击元素成功
2021-06-30 11:53:40,359 - DEBUG - 元素定位成功。定位方式：xpath,使用的值：//div[@class='distance']/div[2]/div[2]
2021-06-30 11:53:40,375 - INFO - 获取元素('xpath', "//div[@class='distance']/div[2]/div[2]")的文本信息为：粒度
2021-06-30 11:53:40,376 - INFO - 用例test_accessAnalysis通过
2021-06-30 11:53:40,387 - DEBUG - 元素定位成功。定位方式：xpath,使用的值：//li[contains(text(),'用户画像')]
2021-06-30 11:53:40,425 - INFO - 点击元素成功
2021-06-30 11:53:41,264 - DEBUG - 元素定位成功。定位方式：xpath,使用的值：//div[@class='distance']/div/h4
2021-06-30 11:53:41,277 - INFO - 获取元素('xpath', "//div[@class='distance']/div/h4")的文本信息为：性别及年龄分布
2021-06-30 11:53:41,277 - INFO - 用例test_userPortrait通过
2021-06-30 11:53:41,288 - DEBUG - 元素定位成功。定位方式：xpath,使用的值：//li[contains(text(),'名片日客数据')]
2021-06-30 11:53:41,378 - INFO - 点击元素成功
2021-06-30 11:53:41,389 - DEBUG - 元素定位成功。定位方式：css,使用的值：.section-header
2021-06-30 11:53:41,401 - INFO - 获取元素('css', '.section-header')的文本信息为：数据报表
2021-06-30 11:53:41,401 - INFO - 用例test_cardData通过
2021-06-30 11:53:41,413 - DEBUG - 元素定位成功。定位方式：xpath,使用的值：//div[contains(text(),'系统设置')]
2021-06-30 11:53:41,448 - INFO - 点击元素成功
2021-06-30 11:53:41,449 - INFO - 展开系统设置菜单
2021-06-30 11:53:41,461 - DEBUG - 元素定位成功。定位方式：xpath,使用的值：//li[contains(text(),'小程序设置')]
2021-06-30 11:53:41,596 - INFO - 点击元素成功
2021-06-30 11:53:41,608 - DEBUG - 元素定位成功。定位方式：css,使用的值：.el-tabs__item.is-active
2021-06-30 11:53:41,621 - INFO - 获取元素('css', '.el-tabs__item.is-active')的文本信息为：小程序设置
2021-06-30 11:53:41,621 - INFO - 用例test_miniProgram_setting通过
2021-06-30 11:53:41,633 - DEBUG - 元素定位成功。定位方式：xpath,使用的值：//li[contains(text(),'授权配置')]
2021-06-30 11:53:41,728 - INFO - 点击元素成功
2021-06-30 11:53:41,746 - DEBUG - 元素定位成功。定位方式：xpath,使用的值：//li[contains(text(),'功能设置')]
2021-06-30 11:53:41,918 - INFO - 点击元素成功
2021-06-30 11:53:41,926 - DEBUG - 元素定位成功。定位方式：css,使用的值：.el-tabs__item.is-active
2021-06-30 11:53:41,937 - INFO - 获取元素('css', '.el-tabs__item.is-active')的文本信息为：底部栏配置
2021-06-30 11:53:41,938 - INFO - 用例test_functionSetting通过
2021-06-30 11:53:41,953 - DEBUG - 元素定位成功。定位方式：xpath,使用的值：//li[contains(text(),'权限管理')]
2021-06-30 11:53:42,116 - INFO - 点击元素成功
2021-06-30 11:53:42,126 - DEBUG - 元素定位成功。定位方式：css,使用的值：.el-tabs__item.is-active
2021-06-30 11:53:42,137 - INFO - 获取元素('css', '.el-tabs__item.is-active')的文本信息为：权限管理
2021-06-30 11:53:42,138 - INFO - 用例test_permissions_Management通过
2021-06-30 11:53:42,148 - DEBUG - 元素定位成功。定位方式：xpath,使用的值：//li[contains(text(),'发布管理')]
2021-06-30 11:53:42,195 - INFO - 点击元素成功
2021-06-30 11:53:42,203 - DEBUG - 元素定位成功。定位方式：css,使用的值：.el-tabs__item.is-active
2021-06-30 11:53:42,215 - INFO - 获取元素('css', '.el-tabs__item.is-active')的文本信息为：发布管理
2021-06-30 11:53:42,215 - INFO - 用例test_releaseManagement通过
2021-06-30 11:53:42,225 - DEBUG - 元素定位成功。定位方式：xpath,使用的值：//li[contains(text(),'微信公众号对接')]
2021-06-30 11:53:42,270 - INFO - 点击元素成功
2021-06-30 11:53:42,277 - DEBUG - 元素定位成功。定位方式：css,使用的值：.el-tabs__item.is-active
2021-06-30 11:53:42,289 - INFO - 获取元素('css', '.el-tabs__item.is-active')的文本信息为：公众号配置
2021-06-30 11:53:42,289 - INFO - 用例test_wechatDocking通过
2021-06-30 11:53:42,303 - DEBUG - 元素定位成功。定位方式：xpath,使用的值：//li[contains(text(),'名片样式设置')]
2021-06-30 11:53:42,342 - INFO - 点击元素成功
2021-06-30 11:53:42,352 - DEBUG - 元素定位成功。定位方式：css,使用的值：.section-header
2021-06-30 11:53:42,367 - INFO - 获取元素('css', '.section-header')的文本信息为：名片信息
2021-06-30 11:53:42,368 - INFO - 用例test_card_style_Settings通过
2021-06-30 11:53:42,381 - DEBUG - 元素定位成功。定位方式：xpath,使用的值：//li[contains(text(),'名片拓展字段')]
2021-06-30 11:53:42,422 - INFO - 点击元素成功
2021-06-30 11:53:42,430 - DEBUG - 元素定位成功。定位方式：css,使用的值：.section-header
2021-06-30 11:53:42,443 - INFO - 获取元素('css', '.section-header')的文本信息为：名片拓展字段
2021-06-30 11:53:42,444 - INFO - 用例test_card_expansion_field通过
2021-06-30 11:53:42,457 - DEBUG - 元素定位成功。定位方式：xpath,使用的值：//li[contains(text(),'订阅消息管理')]
2021-06-30 11:53:42,500 - INFO - 点击元素成功
2021-06-30 11:53:44,703 - INFO - 关闭浏览器
2021-06-30 11:55:44,598 - INFO - 启动Chrome浏览器
2021-06-30 11:55:46,081 - INFO - 打开链接：https://ykpre.theali.cn/
2021-06-30 11:55:46,082 - INFO - 隐式等待20秒
2021-06-30 11:55:46,198 - INFO - 窗口最大化
2021-06-30 11:55:46,210 - DEBUG - 元素定位成功。定位方式：xpath,使用的值：//span[text()='我是管理员']
2021-06-30 11:55:46,241 - INFO - 点击元素成功
2021-06-30 11:55:46,252 - DEBUG - 元素定位成功。定位方式：id,使用的值：phoneNumber
2021-06-30 11:55:46,355 - INFO - 输入的内容：18588671117
2021-06-30 11:55:46,365 - DEBUG - 元素定位成功。定位方式：id,使用的值：passwd
2021-06-30 11:55:46,441 - INFO - 输入的内容：18588671117
2021-06-30 11:55:46,451 - DEBUG - 元素定位成功。定位方式：id,使用的值：login_btn
2021-06-30 11:55:46,483 - INFO - 点击元素成功
2021-06-30 11:55:48,050 - DEBUG - 元素定位成功。定位方式：xpath,使用的值：//h3[text()='美家咖']
2021-06-30 11:56:21,085 - INFO - 点击元素成功
2021-06-30 11:56:21,096 - DEBUG - 元素定位成功。定位方式：css,使用的值：.shop-info
2021-06-30 11:56:21,110 - INFO - 获取元素('css', '.shop-info')的文本信息为：小程序名称：美家咖  小程序二维码
2021-06-30 11:56:21,110 - INFO - 登录成功
2021-06-30 11:56:21,121 - DEBUG - 元素定位成功。定位方式：xpath,使用的值：//div[contains(text(),'企业管理')]
2021-06-30 11:56:21,174 - INFO - 点击元素成功
2021-06-30 11:56:21,175 - INFO - 展开企业管理菜单
2021-06-30 11:56:21,189 - DEBUG - 元素定位成功。定位方式：xpath,使用的值：//li[contains(text(),'经销商管理')]
2021-06-30 11:56:21,305 - INFO - 点击元素成功
2021-06-30 11:56:21,317 - DEBUG - 元素定位成功。定位方式：css,使用的值：.section-header
2021-06-30 11:56:21,331 - INFO - 获取元素('css', '.section-header')的文本信息为：经销商管理
2021-06-30 11:56:21,331 - INFO - 用例test_jingxiaoshangguanli通过
2021-06-30 11:56:21,344 - DEBUG - 元素定位成功。定位方式：xpath,使用的值：//li[contains(text(),'员工管理')]
2021-06-30 11:56:21,454 - INFO - 点击元素成功
2021-06-30 11:56:21,461 - DEBUG - 元素定位成功。定位方式：css,使用的值：.section-header
2021-06-30 11:56:21,474 - INFO - 获取元素('css', '.section-header')的文本信息为：员工管理
2021-06-30 11:56:21,475 - INFO - 用例test_yuangongguanli通过
2021-06-30 11:56:21,492 - DEBUG - 元素定位成功。定位方式：xpath,使用的值：//li[contains(text(),'名片管理')]
2021-06-30 11:56:21,689 - INFO - 点击元素成功
2021-06-30 11:56:21,713 - DEBUG - 元素定位成功。定位方式：css,使用的值：.section-header
2021-06-30 11:56:21,727 - INFO - 获取元素('css', '.section-header')的文本信息为：名片管理
2021-06-30 11:56:21,728 - INFO - 用例test_mingpianguanli通过
2021-06-30 11:56:21,740 - DEBUG - 元素定位成功。定位方式：xpath,使用的值：//li[contains(text(),'渠道管理')]
2021-06-30 11:56:21,803 - INFO - 点击元素成功
2021-06-30 11:56:21,811 - DEBUG - 元素定位成功。定位方式：css,使用的值：.section-header
2021-06-30 11:56:21,823 - INFO - 获取元素('css', '.section-header')的文本信息为：渠道管理
2021-06-30 11:56:21,823 - INFO - 用例test_qudaoguanli通过
2021-06-30 11:56:21,875 - DEBUG - 元素定位成功。定位方式：xpath,使用的值：//li[contains(text(),'企业视频管理')]
2021-06-30 11:56:21,920 - INFO - 点击元素成功
2021-06-30 11:56:21,933 - DEBUG - 元素定位成功。定位方式：css,使用的值：.section-header
2021-06-30 11:56:21,946 - INFO - 获取元素('css', '.section-header')的文本信息为：企业视频管理
2021-06-30 11:56:21,946 - INFO - 用例test_qiyeshipingguanli通过
2021-06-30 11:56:21,959 - DEBUG - 元素定位成功。定位方式：xpath,使用的值：//li[contains(text(),'站内信')]
2021-06-30 11:56:22,006 - INFO - 点击元素成功
2021-06-30 11:56:22,015 - DEBUG - 元素定位成功。定位方式：css,使用的值：.section-header
2021-06-30 11:56:22,027 - INFO - 获取元素('css', '.section-header')的文本信息为：基本信息
2021-06-30 11:56:22,028 - INFO - 用例zhanneixin通过
2021-06-30 11:56:22,040 - DEBUG - 元素定位成功。定位方式：xpath,使用的值：//div[contains(text(),'客户管理')]
2021-06-30 11:56:22,076 - INFO - 点击元素成功
2021-06-30 11:56:22,076 - INFO - 展开客户管理菜单
2021-06-30 11:56:22,090 - DEBUG - 元素定位成功。定位方式：xpath,使用的值：//li[contains(text(),'客户数据')]
2021-06-30 11:56:22,297 - INFO - 点击元素成功
2021-06-30 11:56:22,337 - DEBUG - 元素定位成功。定位方式：css,使用的值：.section-header
2021-06-30 11:56:22,354 - INFO - 获取元素('css', '.section-header')的文本信息为：客户资源
2021-06-30 11:56:22,355 - INFO - 用例test_kehushuju通过
2021-06-30 11:56:22,375 - DEBUG - 元素定位成功。定位方式：xpath,使用的值：//li[contains(text(),'微信用户')]
2021-06-30 11:56:22,448 - INFO - 点击元素成功
2021-06-30 11:56:22,464 - DEBUG - 元素定位成功。定位方式：xpath,使用的值：//form[@class='el-form query-form']/div[1]/label
2021-06-30 11:56:22,478 - INFO - 获取元素('xpath', "//form[@class='el-form query-form']/div[1]/label")的文本信息为：微信昵称
2021-06-30 11:56:22,479 - INFO - 用例test_weixinyonghu通过
2021-06-30 11:56:22,492 - DEBUG - 元素定位成功。定位方式：xpath,使用的值：//li[contains(text(),'公海客户')]
2021-06-30 11:56:22,563 - INFO - 点击元素成功
2021-06-30 11:56:22,579 - DEBUG - 元素定位成功。定位方式：class,使用的值：el-tabs__item.is-active
2021-06-30 11:56:22,592 - INFO - 获取元素('class', 'el-tabs__item.is-active')的文本信息为：未分配
2021-06-30 11:56:22,593 - INFO - 用例test_gonghaikehu通过
2021-06-30 11:56:22,619 - DEBUG - 元素定位成功。定位方式：xpath,使用的值：//div[contains(text(),'商品管理')]
2021-06-30 11:56:22,669 - INFO - 点击元素成功
2021-06-30 11:56:22,670 - INFO - 展开商品管理菜单
2021-06-30 11:56:22,683 - DEBUG - 元素定位成功。定位方式：xpath,使用的值：//li[contains(text(),'选品列表')]
2021-06-30 11:56:22,883 - INFO - 点击元素成功
2021-06-30 11:56:22,896 - DEBUG - 元素定位成功。定位方式：xpath,使用的值：//form[@class='el-form query-form']/div[1]/label
2021-06-30 11:56:22,912 - INFO - 获取元素('xpath', "//form[@class='el-form query-form']/div[1]/label")的文本信息为：商品名称
2021-06-30 11:56:22,912 - INFO - 用例test_xuanpinList通过
2021-06-30 11:56:22,926 - DEBUG - 元素定位成功。定位方式：xpath,使用的值：//li[contains(text(),'商品列表')]
2021-06-30 11:56:23,020 - INFO - 点击元素成功
2021-06-30 11:56:23,048 - DEBUG - 元素定位成功。定位方式：xpath,使用的值：//form[@class='el-form query-form']/div[1]/label
2021-06-30 11:56:23,061 - INFO - 获取元素('xpath', "//form[@class='el-form query-form']/div[1]/label")的文本信息为：商品名称
2021-06-30 11:56:23,062 - INFO - 用例test_shangpinList通过
2021-06-30 11:56:23,074 - DEBUG - 元素定位成功。定位方式：xpath,使用的值：//li[contains(text(),'添加分类')]
2021-06-30 11:56:23,132 - INFO - 点击元素成功
2021-06-30 11:56:23,142 - DEBUG - 元素定位成功。定位方式：css,使用的值：.section-header
2021-06-30 11:56:23,155 - INFO - 获取元素('css', '.section-header')的文本信息为：添加分类
2021-06-30 11:56:23,156 - INFO - 用例test_tianjiafenlei通过
2021-06-30 11:56:23,167 - DEBUG - 元素定位成功。定位方式：xpath,使用的值：//li[contains(text(),'分类列表')]
2021-06-30 11:56:23,222 - INFO - 点击元素成功
2021-06-30 11:56:23,236 - DEBUG - 元素定位成功。定位方式：xpath,使用的值：//tr/th[1]
2021-06-30 11:56:23,251 - INFO - 获取元素('xpath', '//tr/th[1]')的文本信息为：类别名称
2021-06-30 11:56:23,252 - INFO - 用例test_classificationList通过
2021-06-30 11:56:23,279 - DEBUG - 元素定位成功。定位方式：xpath,使用的值：//li[contains(text(),'助力重置')]
2021-06-30 11:56:23,323 - INFO - 点击元素成功
2021-06-30 11:56:23,331 - DEBUG - 元素定位成功。定位方式：css,使用的值：.section-header
2021-06-30 11:56:23,343 - INFO - 获取元素('css', '.section-header')的文本信息为：营销管理
2021-06-30 11:56:23,343 - INFO - 用例test_zhulichongzhi通过
2021-06-30 11:56:23,357 - DEBUG - 元素定位成功。定位方式：xpath,使用的值：//li[contains(text(),'评论中心')]
2021-06-30 11:56:23,407 - INFO - 点击元素成功
2021-06-30 11:56:23,415 - DEBUG - 元素定位成功。定位方式：class,使用的值：el-tabs__item.is-active
2021-06-30 11:56:23,426 - INFO - 获取元素('class', 'el-tabs__item.is-active')的文本信息为：基础设置
2021-06-30 11:56:23,427 - INFO - 用例test_pinglunguanli通过
2021-06-30 11:56:23,440 - DEBUG - 元素定位成功。定位方式：xpath,使用的值：//div[contains(text(),'内容管理')]
2021-06-30 11:56:23,473 - INFO - 点击元素成功
2021-06-30 11:56:23,473 - INFO - 展开内容管理菜单
2021-06-30 11:56:23,484 - DEBUG - 元素定位成功。定位方式：xpath,使用的值：//li[contains(text(),'轮播配置')]
2021-06-30 11:56:23,612 - INFO - 点击元素成功
2021-06-30 11:56:23,626 - DEBUG - 元素定位成功。定位方式：xpath,使用的值：//tr/th[1]/div
2021-06-30 11:56:23,640 - INFO - 获取元素('xpath', '//tr/th[1]/div')的文本信息为：入口图片
2021-06-30 11:56:23,641 - INFO - 用例test_lunbopeizhi通过
2021-06-30 11:56:23,655 - DEBUG - 元素定位成功。定位方式：xpath,使用的值：//li[contains(text(),'营销海报')]
2021-06-30 11:56:23,711 - INFO - 点击元素成功
2021-06-30 11:56:23,724 - DEBUG - 元素定位成功。定位方式：xpath,使用的值：//div[@class='button-group']/div[2]/button
2021-06-30 11:56:23,735 - INFO - 获取元素('xpath', "//div[@class='button-group']/div[2]/button")的文本信息为：创建公用模板
2021-06-30 11:56:23,735 - INFO - 用例test_marketingPoster通过
2021-06-30 11:56:23,747 - DEBUG - 元素定位成功。定位方式：xpath,使用的值：//li[contains(text(),'营销海报')]/following-sibling::*[1]
2021-06-30 11:56:23,811 - INFO - 点击元素成功
2021-06-30 11:56:23,823 - DEBUG - 元素定位成功。定位方式：class,使用的值：el-tabs__item.is-active
2021-06-30 11:56:23,835 - INFO - 获取元素('class', 'el-tabs__item.is-active')的文本信息为：帖子管理
2021-06-30 11:56:23,836 - INFO - 用例test_videoManagement通过
2021-06-30 11:56:23,855 - DEBUG - 元素定位成功。定位方式：xpath,使用的值：//li[contains(text(),'VR案例库')]
2021-06-30 11:56:23,938 - INFO - 点击元素成功
2021-06-30 11:56:23,948 - DEBUG - 元素定位成功。定位方式：css,使用的值：.section-header
2021-06-30 11:56:23,960 - INFO - 获取元素('css', '.section-header')的文本信息为：VR案例库
2021-06-30 11:56:23,961 - INFO - 用例test_vrCase通过
2021-06-30 11:56:23,974 - DEBUG - 元素定位成功。定位方式：xpath,使用的值：//li[contains(text(),'直播宣传页面')]
2021-06-30 11:56:24,034 - INFO - 点击元素成功
2021-06-30 11:56:24,044 - DEBUG - 元素定位成功。定位方式：xpath,使用的值：//tr/th[1]/div
2021-06-30 11:56:24,057 - INFO - 获取元素('xpath', '//tr/th[1]/div')的文本信息为：直播间名称
2021-06-30 11:56:24,057 - INFO - 用例test_livePage通过
2021-06-30 11:56:24,069 - DEBUG - 元素定位成功。定位方式：xpath,使用的值：//li[contains(text(),'资讯列表')]
2021-06-30 11:56:24,147 - INFO - 点击元素成功
2021-06-30 11:56:24,156 - DEBUG - 元素定位成功。定位方式：xpath,使用的值：//tr/th[1]/div
2021-06-30 11:56:24,168 - INFO - 获取元素('xpath', '//tr/th[1]/div')的文本信息为：内容标题
2021-06-30 11:56:24,169 - INFO - 用例test_informationList通过
2021-06-30 11:56:24,182 - DEBUG - 元素定位成功。定位方式：xpath,使用的值：//li[contains(text(),'资讯分类')]
2021-06-30 11:56:24,232 - INFO - 点击元素成功
2021-06-30 11:56:24,242 - DEBUG - 元素定位成功。定位方式：xpath,使用的值：//tr/th[1]/div
2021-06-30 11:56:24,256 - INFO - 获取元素('xpath', '//tr/th[1]/div')的文本信息为：类别名称
2021-06-30 11:56:24,257 - INFO - 用例test_informationClassification通过
2021-06-30 11:56:24,273 - DEBUG - 元素定位成功。定位方式：xpath,使用的值：//div[contains(text(),'订单管理')]
2021-06-30 11:56:24,316 - INFO - 点击元素成功
2021-06-30 11:56:24,316 - INFO - 展开订单管理菜单
2021-06-30 11:56:24,334 - DEBUG - 元素定位成功。定位方式：xpath,使用的值：//li[contains(text(),'订单列表')]
2021-06-30 11:56:24,510 - INFO - 点击元素成功
2021-06-30 11:56:24,525 - DEBUG - 元素定位成功。定位方式：css,使用的值：.el-tabs__item.is-active
2021-06-30 11:56:24,543 - INFO - 获取元素('css', '.el-tabs__item.is-active')的文本信息为：订单列表
2021-06-30 11:56:24,543 - INFO - 用例test_orderList通过
2021-06-30 11:56:24,558 - DEBUG - 元素定位成功。定位方式：xpath,使用的值：//li[contains(text(),'退款申请列表')]
2021-06-30 11:56:24,618 - INFO - 点击元素成功
2021-06-30 11:56:24,630 - DEBUG - 元素定位成功。定位方式：xpath,使用的值：//tr/th[1]/div
2021-06-30 11:56:24,643 - INFO - 获取元素('xpath', '//tr/th[1]/div')的文本信息为：订单编号
2021-06-30 11:56:24,643 - INFO - 用例test_refundList通过
2021-06-30 11:56:24,657 - DEBUG - 元素定位成功。定位方式：xpath,使用的值：//li[contains(text(),'快递设置')]
2021-06-30 11:56:24,726 - INFO - 点击元素成功
2021-06-30 11:56:24,740 - DEBUG - 元素定位成功。定位方式：css,使用的值：.el-tabs__item.is-active
2021-06-30 11:56:24,752 - INFO - 获取元素('css', '.el-tabs__item.is-active')的文本信息为：我的快递列表
2021-06-30 11:56:24,753 - INFO - 用例test_expresSetup通过
2021-06-30 11:56:24,767 - DEBUG - 元素定位成功。定位方式：xpath,使用的值：//li[contains(text(),'拼团管理')]
2021-06-30 11:56:24,896 - INFO - 点击元素成功
2021-06-30 11:56:24,908 - DEBUG - 元素定位成功。定位方式：css,使用的值：.el-tabs__item.is-active
2021-06-30 11:56:24,920 - INFO - 获取元素('css', '.el-tabs__item.is-active')的文本信息为：拼团商品
2021-06-30 11:56:24,920 - INFO - 用例test_groupManagement通过
2021-06-30 11:56:24,932 - DEBUG - 元素定位成功。定位方式：xpath,使用的值：//li[contains(text(),'砍价管理')]
2021-06-30 11:56:25,009 - INFO - 点击元素成功
2021-06-30 11:56:25,023 - DEBUG - 元素定位成功。定位方式：xpath,使用的值：//tr/th[1]/div
2021-06-30 11:56:25,036 - INFO - 获取元素('xpath', '//tr/th[1]/div')的文本信息为：发起人昵称
2021-06-30 11:56:25,037 - INFO - 用例test_bargainManagement通过
2021-06-30 11:56:25,051 - DEBUG - 元素定位成功。定位方式：xpath,使用的值：//li[contains(text(),'秒杀管理')]
2021-06-30 11:56:25,125 - INFO - 点击元素成功
2021-06-30 11:56:25,133 - DEBUG - 元素定位成功。定位方式：xpath,使用的值：//tr/th[1]/div
2021-06-30 11:56:25,145 - INFO - 获取元素('xpath', '//tr/th[1]/div')的文本信息为：发起人昵称
2021-06-30 11:56:25,145 - INFO - 用例test_seckillManagement通过
2021-06-30 11:56:25,160 - DEBUG - 元素定位成功。定位方式：xpath,使用的值：//li[contains(text(),'门店订单')]
2021-06-30 11:56:25,199 - INFO - 点击元素成功
2021-06-30 11:56:28,513 - DEBUG - 元素定位成功。定位方式：xpath,使用的值：//tr/th[1]/div
2021-06-30 11:56:28,526 - INFO - 获取元素('xpath', '//tr/th[1]/div')的文本信息为：订单编号
2021-06-30 11:56:28,526 - INFO - 用例test_storesOrder通过
2021-06-30 11:56:28,538 - DEBUG - 元素定位成功。定位方式：xpath,使用的值：//li[contains(text(),'打印机列表')]
2021-06-30 11:56:28,590 - INFO - 点击元素成功
2021-06-30 11:56:28,605 - DEBUG - 元素定位成功。定位方式：xpath,使用的值：//tr/th[2]/div
2021-06-30 11:56:28,617 - INFO - 获取元素('xpath', '//tr/th[2]/div')的文本信息为：打印机名称
2021-06-30 11:56:28,618 - INFO - 用例test_printerList通过
2021-06-30 11:56:28,634 - DEBUG - 元素定位成功。定位方式：xpath,使用的值：//li[contains(text(),'添加打印机')]
2021-06-30 11:56:28,681 - INFO - 点击元素成功
2021-06-30 11:56:28,690 - DEBUG - 元素定位成功。定位方式：css,使用的值：.el-tabs__item.is-active
2021-06-30 11:56:28,702 - INFO - 获取元素('css', '.el-tabs__item.is-active')的文本信息为：添加打印机
2021-06-30 11:56:28,703 - INFO - 用例test_addPrinter通过
2021-06-30 11:56:28,715 - DEBUG - 元素定位成功。定位方式：xpath,使用的值：//li[contains(text(),'打印设置')]
2021-06-30 11:56:28,766 - INFO - 点击元素成功
2021-06-30 11:56:28,776 - DEBUG - 元素定位成功。定位方式：css,使用的值：.el-tabs__item.is-active
2021-06-30 11:56:28,792 - INFO - 获取元素('css', '.el-tabs__item.is-active')的文本信息为：商 城
2021-06-30 11:56:28,792 - INFO - 用例test_printSetup通过
2021-06-30 11:56:28,809 - DEBUG - 元素定位成功。定位方式：xpath,使用的值：//div[contains(text(),'营销推广')]
2021-06-30 11:56:28,875 - INFO - 点击元素成功
2021-06-30 11:56:28,875 - INFO - 展开营销推广菜单
2021-06-30 11:56:28,894 - DEBUG - 元素定位成功。定位方式：xpath,使用的值：//li[contains(text(),'任务管理')]
2021-06-30 11:56:28,958 - INFO - 点击元素成功
2021-06-30 11:56:28,969 - DEBUG - 元素定位成功。定位方式：xpath,使用的值：//tr/th[1]/div
2021-06-30 11:56:28,981 - INFO - 获取元素('xpath', '//tr/th[1]/div')的文本信息为：任务标题
2021-06-30 11:56:28,981 - INFO - 用例test_taskManagement通过
2021-06-30 11:56:28,995 - DEBUG - 元素定位成功。定位方式：xpath,使用的值：//li[contains(text(),'分销设置')]
2021-06-30 11:56:29,088 - INFO - 点击元素成功
2021-06-30 11:56:29,098 - DEBUG - 元素定位成功。定位方式：class,使用的值：el-tabs__item.is-active
2021-06-30 11:56:29,112 - INFO - 获取元素('class', 'el-tabs__item.is-active')的文本信息为：分销设置
2021-06-30 11:56:29,112 - INFO - 用例test_distributionSetup通过
2021-06-30 11:56:29,126 - DEBUG - 元素定位成功。定位方式：xpath,使用的值：//li[contains(text(),'营销福袋')]
2021-06-30 11:56:29,185 - INFO - 点击元素成功
2021-06-30 11:56:29,199 - DEBUG - 元素定位成功。定位方式：class,使用的值：el-tabs__item.is-active
2021-06-30 11:56:29,213 - INFO - 获取元素('class', 'el-tabs__item.is-active')的文本信息为：福袋列表
2021-06-30 11:56:29,213 - INFO - 用例test_marketingBag通过
2021-06-30 11:56:29,227 - DEBUG - 元素定位成功。定位方式：xpath,使用的值：//li[contains(text(),'推广活动')]
2021-06-30 11:56:29,297 - INFO - 点击元素成功
2021-06-30 11:56:29,307 - DEBUG - 元素定位成功。定位方式：class,使用的值：el-tabs__item.is-active
2021-06-30 11:56:29,318 - INFO - 获取元素('class', 'el-tabs__item.is-active')的文本信息为：推广活动列表
2021-06-30 11:56:29,319 - INFO - 用例test_promotionActivity通过
2021-06-30 11:56:29,333 - DEBUG - 元素定位成功。定位方式：xpath,使用的值：//li[contains(text(),'企业活动管理')]
2021-06-30 11:56:29,395 - INFO - 点击元素成功
2021-06-30 11:56:29,407 - DEBUG - 元素定位成功。定位方式：class,使用的值：section-header
2021-06-30 11:56:29,422 - INFO - 获取元素('class', 'section-header')的文本信息为：企业活动管理
2021-06-30 11:56:29,422 - INFO - 用例test_enterpriseActivity_management通过
2021-06-30 11:56:29,437 - DEBUG - 元素定位成功。定位方式：xpath,使用的值：//li[contains(text(),'优惠券列表')]
2021-06-30 11:56:29,511 - INFO - 点击元素成功
2021-06-30 11:56:29,525 - DEBUG - 元素定位成功。定位方式：class,使用的值：section-header
2021-06-30 11:56:29,537 - INFO - 获取元素('class', 'section-header')的文本信息为：优惠券列表
2021-06-30 11:56:29,538 - INFO - 用例test_CouponList通过
2021-06-30 11:56:29,552 - DEBUG - 元素定位成功。定位方式：xpath,使用的值：//li[contains(text(),'下单赠券')]
2021-06-30 11:56:29,611 - INFO - 点击元素成功
2021-06-30 11:56:29,624 - DEBUG - 元素定位成功。定位方式：class,使用的值：el-form-item__label
2021-06-30 11:56:29,636 - INFO - 获取元素('class', 'el-form-item__label')的文本信息为：商品名称
2021-06-30 11:56:29,637 - INFO - 用例test_placeOrders_Coupon通过
2021-06-30 11:56:29,650 - DEBUG - 元素定位成功。定位方式：xpath,使用的值：//div[contains(text(),'页面配置')]
2021-06-30 11:56:29,686 - INFO - 点击元素成功
2021-06-30 11:56:29,687 - INFO - 展开页面配置菜单
2021-06-30 11:56:29,699 - DEBUG - 元素定位成功。定位方式：xpath,使用的值：//li[contains(text(),'页面模板')]
2021-06-30 11:56:29,800 - INFO - 点击元素成功
2021-06-30 11:56:29,813 - DEBUG - 元素定位成功。定位方式：class,使用的值：my-button.my-button-tpl.my-button-cut
2021-06-30 11:56:29,827 - INFO - 获取元素('class', 'my-button.my-button-tpl.my-button-cut')的文本信息为：我的模板
2021-06-30 11:56:29,828 - INFO - 用例test_pageTemplate通过
2021-06-30 11:56:29,843 - DEBUG - 元素定位成功。定位方式：xpath,使用的值：//li[contains(text(),'智能表单')]
2021-06-30 11:56:29,900 - INFO - 点击元素成功
2021-06-30 11:56:29,915 - DEBUG - 元素定位成功。定位方式：xpath,使用的值：//form[@class='el-form query-form']/div
2021-06-30 11:56:29,930 - INFO - 获取元素('xpath', "//form[@class='el-form query-form']/div")的文本信息为：表单名称
2021-06-30 11:56:29,931 - INFO - 用例test_intelligenceForm通过
2021-06-30 11:56:29,943 - DEBUG - 元素定位成功。定位方式：xpath,使用的值：//div[contains(text(),'支付管理')]
2021-06-30 11:56:29,983 - INFO - 点击元素成功
2021-06-30 11:56:29,983 - INFO - 展开支付管理菜单
2021-06-30 11:56:30,002 - DEBUG - 元素定位成功。定位方式：xpath,使用的值：//li[contains(text(),'货款提现管理')]
2021-06-30 11:56:30,150 - INFO - 点击元素成功
2021-06-30 11:56:30,160 - DEBUG - 元素定位成功。定位方式：class,使用的值：section-header
2021-06-30 11:56:30,174 - INFO - 获取元素('class', 'section-header')的文本信息为：资金管理
2021-06-30 11:56:30,174 - INFO - 用例test_paymentWithdrawal_Management通过
2021-06-30 11:56:30,188 - DEBUG - 元素定位成功。定位方式：xpath,使用的值：//li[contains(text(),'佣金提现管理')]
2021-06-30 11:56:30,258 - INFO - 点击元素成功
2021-06-30 11:56:30,266 - DEBUG - 元素定位成功。定位方式：class,使用的值：el-tabs__item.is-active
2021-06-30 11:56:30,281 - INFO - 获取元素('class', 'el-tabs__item.is-active')的文本信息为：提现管理
2021-06-30 11:56:30,281 - INFO - 用例test_commissionWithdrawal_Management通过
2021-06-30 11:56:30,296 - DEBUG - 元素定位成功。定位方式：xpath,使用的值：//li[contains(text(),'提现记录')]
2021-06-30 11:56:30,359 - INFO - 点击元素成功
2021-06-30 11:56:30,372 - DEBUG - 元素定位成功。定位方式：class,使用的值：el-tabs__item.is-active
2021-06-30 11:56:30,385 - INFO - 获取元素('class', 'el-tabs__item.is-active')的文本信息为：货款提现
2021-06-30 11:56:30,386 - INFO - 用例test_withdrawalRecord通过
2021-06-30 11:56:30,399 - DEBUG - 元素定位成功。定位方式：xpath,使用的值：//div[contains(text(),'数据分析')]
2021-06-30 11:56:30,433 - INFO - 点击元素成功
2021-06-30 11:56:30,433 - INFO - 展开数据分析菜单
2021-06-30 11:56:30,448 - DEBUG - 元素定位成功。定位方式：xpath,使用的值：//li[contains(text(),'数据概况')]
2021-06-30 11:56:30,538 - INFO - 点击元素成功
2021-06-30 11:56:31,336 - DEBUG - 元素定位成功。定位方式：xpath,使用的值：//div[@class='distance']/h4
2021-06-30 11:56:31,349 - INFO - 获取元素('xpath', "//div[@class='distance']/h4")的文本信息为：昨日概况
2021-06-30 11:56:31,349 - INFO - 用例test_profileData通过
2021-06-30 11:56:31,362 - DEBUG - 元素定位成功。定位方式：xpath,使用的值：//li[contains(text(),'访问分析')]
2021-06-30 11:56:31,403 - INFO - 点击元素成功
2021-06-30 11:56:31,963 - DEBUG - 元素定位成功。定位方式：xpath,使用的值：//div[@class='distance']/div[2]/div[2]
2021-06-30 11:56:31,980 - INFO - 获取元素('xpath', "//div[@class='distance']/div[2]/div[2]")的文本信息为：粒度
2021-06-30 11:56:31,981 - INFO - 用例test_accessAnalysis通过
2021-06-30 11:56:31,994 - DEBUG - 元素定位成功。定位方式：xpath,使用的值：//li[contains(text(),'用户画像')]
2021-06-30 11:56:32,033 - INFO - 点击元素成功
2021-06-30 11:56:33,059 - DEBUG - 元素定位成功。定位方式：xpath,使用的值：//div[@class='distance']/div/h4
2021-06-30 11:56:33,075 - INFO - 获取元素('xpath', "//div[@class='distance']/div/h4")的文本信息为：性别及年龄分布
2021-06-30 11:56:33,076 - INFO - 用例test_userPortrait通过
2021-06-30 11:56:33,090 - DEBUG - 元素定位成功。定位方式：xpath,使用的值：//li[contains(text(),'名片日客数据')]
2021-06-30 11:56:33,163 - INFO - 点击元素成功
2021-06-30 11:56:33,175 - DEBUG - 元素定位成功。定位方式：css,使用的值：.section-header
2021-06-30 11:56:33,189 - INFO - 获取元素('css', '.section-header')的文本信息为：数据报表
2021-06-30 11:56:33,190 - INFO - 用例test_cardData通过
2021-06-30 11:56:33,204 - DEBUG - 元素定位成功。定位方式：xpath,使用的值：//div[contains(text(),'系统设置')]
2021-06-30 11:56:33,272 - INFO - 点击元素成功
2021-06-30 11:56:33,272 - INFO - 展开系统设置菜单
2021-06-30 11:56:33,300 - DEBUG - 元素定位成功。定位方式：xpath,使用的值：//li[contains(text(),'小程序设置')]
2021-06-30 11:56:33,374 - INFO - 点击元素成功
2021-06-30 11:56:33,382 - DEBUG - 元素定位成功。定位方式：css,使用的值：.el-tabs__item.is-active
2021-06-30 11:56:33,394 - INFO - 获取元素('css', '.el-tabs__item.is-active')的文本信息为：小程序设置
2021-06-30 11:56:33,394 - INFO - 用例test_miniProgram_setting通过
2021-06-30 11:56:33,407 - DEBUG - 元素定位成功。定位方式：xpath,使用的值：//li[contains(text(),'授权配置')]
2021-06-30 11:56:33,453 - INFO - 点击元素成功
2021-06-30 11:56:33,465 - DEBUG - 元素定位成功。定位方式：xpath,使用的值：//li[contains(text(),'功能设置')]
2021-06-30 11:56:33,624 - INFO - 点击元素成功
2021-06-30 11:56:33,639 - DEBUG - 元素定位成功。定位方式：css,使用的值：.el-tabs__item.is-active
2021-06-30 11:56:33,650 - INFO - 获取元素('css', '.el-tabs__item.is-active')的文本信息为：底部栏配置
2021-06-30 11:56:33,651 - INFO - 用例test_functionSetting通过
2021-06-30 11:56:33,665 - DEBUG - 元素定位成功。定位方式：xpath,使用的值：//li[contains(text(),'权限管理')]
2021-06-30 11:56:33,716 - INFO - 点击元素成功
2021-06-30 11:56:33,725 - DEBUG - 元素定位成功。定位方式：css,使用的值：.el-tabs__item.is-active
2021-06-30 11:56:33,739 - INFO - 获取元素('css', '.el-tabs__item.is-active')的文本信息为：权限管理
2021-06-30 11:56:33,740 - INFO - 用例test_permissions_Management通过
2021-06-30 11:56:33,752 - DEBUG - 元素定位成功。定位方式：xpath,使用的值：//li[contains(text(),'发布管理')]
2021-06-30 11:56:33,806 - INFO - 点击元素成功
2021-06-30 11:56:33,813 - DEBUG - 元素定位成功。定位方式：css,使用的值：.el-tabs__item.is-active
2021-06-30 11:56:33,829 - INFO - 获取元素('css', '.el-tabs__item.is-active')的文本信息为：发布管理
2021-06-30 11:56:33,829 - INFO - 用例test_releaseManagement通过
2021-06-30 11:56:33,841 - DEBUG - 元素定位成功。定位方式：xpath,使用的值：//li[contains(text(),'微信公众号对接')]
2021-06-30 11:56:33,889 - INFO - 点击元素成功
2021-06-30 11:56:33,898 - DEBUG - 元素定位成功。定位方式：css,使用的值：.el-tabs__item.is-active
2021-06-30 11:56:33,910 - INFO - 获取元素('css', '.el-tabs__item.is-active')的文本信息为：公众号配置
2021-06-30 11:56:33,910 - INFO - 用例test_wechatDocking通过
2021-06-30 11:56:33,923 - DEBUG - 元素定位成功。定位方式：xpath,使用的值：//li[contains(text(),'名片样式设置')]
2021-06-30 11:56:33,962 - INFO - 点击元素成功
2021-06-30 11:56:33,971 - DEBUG - 元素定位成功。定位方式：css,使用的值：.section-header
2021-06-30 11:56:33,983 - INFO - 获取元素('css', '.section-header')的文本信息为：名片信息
2021-06-30 11:56:33,983 - INFO - 用例test_card_style_Settings通过
2021-06-30 11:56:33,998 - DEBUG - 元素定位成功。定位方式：xpath,使用的值：//li[contains(text(),'名片拓展字段')]
2021-06-30 11:56:34,050 - INFO - 点击元素成功
2021-06-30 11:56:34,060 - DEBUG - 元素定位成功。定位方式：css,使用的值：.section-header
2021-06-30 11:56:34,075 - INFO - 获取元素('css', '.section-header')的文本信息为：名片拓展字段
2021-06-30 11:56:34,076 - INFO - 用例test_card_expansion_field通过
2021-06-30 11:56:34,090 - DEBUG - 元素定位成功。定位方式：xpath,使用的值：//li[contains(text(),'订阅消息管理')]
2021-06-30 11:56:34,128 - INFO - 点击元素成功
2021-06-30 11:56:36,269 - INFO - 关闭浏览器
